#! /usr/local/Cellar/icarus-verilog/10.3/bin/vvp
:ivl_version "10.3 (stable)" "(v10_3)";
:ivl_delay_selection "TYPICAL";
:vpi_time_precision + 0;
:vpi_module "system";
:vpi_module "vhdl_sys";
:vpi_module "v2005_math";
:vpi_module "va_math";
S_0x7fe3bad04e00 .scope module, "forwardingUnit" "forwardingUnit" 2 1;
 .timescale 0 0;
    .port_info 0 /INPUT 1 "ExMemRegWrite"
    .port_info 1 /INPUT 1 "MemWbRegWrite"
    .port_info 2 /INPUT 5 "ExMemDst"
    .port_info 3 /INPUT 5 "MemWbDst"
    .port_info 4 /INPUT 5 "IdExRs"
    .port_info 5 /INPUT 5 "IdExRt"
    .port_info 6 /OUTPUT 2 "ForwardA"
    .port_info 7 /OUTPUT 2 "ForwardB"
o0x7fe3bae32008 .functor BUFZ 5, C4<zzzzz>; HiZ drive
v0x7fe3bad0af00_0 .net "ExMemDst", 4 0, o0x7fe3bae32008;  0 drivers
o0x7fe3bae32038 .functor BUFZ 1, C4<z>; HiZ drive
v0x7fe3bad1ae00_0 .net "ExMemRegWrite", 0 0, o0x7fe3bae32038;  0 drivers
v0x7fe3bad1aea0_0 .var "ForwardA", 1 0;
v0x7fe3bad1af40_0 .var "ForwardB", 1 0;
o0x7fe3bae320c8 .functor BUFZ 5, C4<zzzzz>; HiZ drive
v0x7fe3bad1aff0_0 .net "IdExRs", 4 0, o0x7fe3bae320c8;  0 drivers
o0x7fe3bae320f8 .functor BUFZ 5, C4<zzzzz>; HiZ drive
v0x7fe3bad1b0e0_0 .net "IdExRt", 4 0, o0x7fe3bae320f8;  0 drivers
o0x7fe3bae32128 .functor BUFZ 5, C4<zzzzz>; HiZ drive
v0x7fe3bad1b190_0 .net "MemWbDst", 4 0, o0x7fe3bae32128;  0 drivers
o0x7fe3bae32158 .functor BUFZ 1, C4<z>; HiZ drive
v0x7fe3bad1b240_0 .net "MemWbRegWrite", 0 0, o0x7fe3bae32158;  0 drivers
E_0x7fe3bad04f60/0 .event edge, v0x7fe3bad1b0e0_0, v0x7fe3bad1aff0_0, v0x7fe3bad1b190_0, v0x7fe3bad0af00_0;
E_0x7fe3bad04f60/1 .event edge, v0x7fe3bad1b240_0, v0x7fe3bad1ae00_0;
E_0x7fe3bad04f60 .event/or E_0x7fe3bad04f60/0, E_0x7fe3bad04f60/1;
    .scope S_0x7fe3bad04e00;
T_0 ;
    %pushi/vec4 0, 0, 2;
    %store/vec4 v0x7fe3bad1aea0_0, 0, 2;
    %pushi/vec4 0, 0, 2;
    %store/vec4 v0x7fe3bad1af40_0, 0, 2;
    %end;
    .thread T_0;
    .scope S_0x7fe3bad04e00;
T_1 ;
    %wait E_0x7fe3bad04f60;
    %load/vec4 v0x7fe3bad1ae00_0;
    %load/vec4 v0x7fe3bad0af00_0;
    %pad/u 32;
    %pushi/vec4 0, 0, 32;
    %cmp/e;
    %flag_get/vec4 4;
    %inv;
    %and;
    %load/vec4 v0x7fe3bad0af00_0;
    %load/vec4 v0x7fe3bad1aff0_0;
    %cmp/e;
    %flag_get/vec4 4;
    %and;
    %flag_set/vec4 8;
    %jmp/0xz  T_1.0, 8;
    %pushi/vec4 2, 0, 2;
    %store/vec4 v0x7fe3bad1aea0_0, 0, 2;
    %jmp T_1.1;
T_1.0 ;
    %load/vec4 v0x7fe3bad1b240_0;
    %load/vec4 v0x7fe3bad1b190_0;
    %pad/u 32;
    %pushi/vec4 0, 0, 32;
    %cmp/e;
    %flag_get/vec4 4;
    %inv;
    %and;
    %load/vec4 v0x7fe3bad1b190_0;
    %load/vec4 v0x7fe3bad1aff0_0;
    %cmp/e;
    %flag_get/vec4 4;
    %and;
    %flag_set/vec4 8;
    %jmp/0xz  T_1.2, 8;
    %pushi/vec4 1, 0, 2;
    %store/vec4 v0x7fe3bad1aea0_0, 0, 2;
    %jmp T_1.3;
T_1.2 ;
    %pushi/vec4 0, 0, 2;
    %store/vec4 v0x7fe3bad1aea0_0, 0, 2;
T_1.3 ;
T_1.1 ;
    %load/vec4 v0x7fe3bad1ae00_0;
    %load/vec4 v0x7fe3bad0af00_0;
    %pad/u 32;
    %pushi/vec4 0, 0, 32;
    %cmp/e;
    %flag_get/vec4 4;
    %inv;
    %and;
    %load/vec4 v0x7fe3bad0af00_0;
    %load/vec4 v0x7fe3bad1b0e0_0;
    %cmp/e;
    %flag_get/vec4 4;
    %and;
    %flag_set/vec4 8;
    %jmp/0xz  T_1.4, 8;
    %pushi/vec4 2, 0, 2;
    %store/vec4 v0x7fe3bad1af40_0, 0, 2;
    %jmp T_1.5;
T_1.4 ;
    %load/vec4 v0x7fe3bad1b240_0;
    %load/vec4 v0x7fe3bad1b190_0;
    %pad/u 32;
    %pushi/vec4 0, 0, 32;
    %cmp/e;
    %flag_get/vec4 4;
    %inv;
    %and;
    %load/vec4 v0x7fe3bad1b190_0;
    %load/vec4 v0x7fe3bad1b0e0_0;
    %cmp/e;
    %flag_get/vec4 4;
    %and;
    %flag_set/vec4 8;
    %jmp/0xz  T_1.6, 8;
    %pushi/vec4 1, 0, 2;
    %store/vec4 v0x7fe3bad1af40_0, 0, 2;
    %jmp T_1.7;
T_1.6 ;
    %pushi/vec4 0, 0, 2;
    %store/vec4 v0x7fe3bad1af40_0, 0, 2;
T_1.7 ;
T_1.5 ;
    %jmp T_1;
    .thread T_1, $push;
# The file index is used to find the file name in the following table.
:file_names 3;
    "N/A";
    "<interactive>";
    "forwardingUnit.v";
