#! /usr/local/Cellar/icarus-verilog/10.3/bin/vvp
:ivl_version "10.3 (stable)" "(v10_3)";
:ivl_delay_selection "TYPICAL";
:vpi_time_precision - 12;
:vpi_module "system";
:vpi_module "vhdl_sys";
:vpi_module "v2005_math";
:vpi_module "va_math";
S_0x7fc6b06054d0 .scope module, "IDStage_Sim" "IDStage_Sim" 2 3;
 .timescale -9 -12;
P_0x7fc6b0616180 .param/l "finish_time" 0 2 5, +C4<00000000000000000000001010111100>;
P_0x7fc6b06161c0 .param/l "half_period" 0 2 4, +C4<00000000000000000000000000110010>;
v0x7fc6b0416b80_0 .var "EXMEMALUResultOut", 31 0;
v0x7fc6b0416c30_0 .var "Hazard", 0 0;
v0x7fc6b0416cf0_0 .net "IDBranch", 0 0, v0x7fc6b04109e0_0;  1 drivers
v0x7fc6b0416de0_0 .net "IDEXALUOp", 1 0, v0x7fc6b0414770_0;  1 drivers
v0x7fc6b0416e70_0 .net "IDEXALUSrc", 0 0, v0x7fc6b0414880_0;  1 drivers
v0x7fc6b0416f40_0 .net "IDEXImm", 31 0, v0x7fc6b0414910_0;  1 drivers
v0x7fc6b0416ff0_0 .net "IDEXMemRead", 0 0, v0x7fc6b04149c0_0;  1 drivers
v0x7fc6b04170a0_0 .net "IDEXMemWrite", 0 0, v0x7fc6b0414a60_0;  1 drivers
v0x7fc6b0417150_0 .net "IDEXMemtoReg", 0 0, v0x7fc6b0414b00_0;  1 drivers
v0x7fc6b0417280_0 .net "IDEXRd", 4 0, v0x7fc6b0414ba0_0;  1 drivers
v0x7fc6b0417310_0 .net "IDEXReadData1", 31 0, v0x7fc6b0414c50_0;  1 drivers
v0x7fc6b04173a0_0 .net "IDEXReadData2", 31 0, v0x7fc6b0414d00_0;  1 drivers
v0x7fc6b0417450_0 .net "IDEXRegDst", 0 0, v0x7fc6b0414e90_0;  1 drivers
v0x7fc6b0417500_0 .net "IDEXRegWrite", 0 0, v0x7fc6b0414f20_0;  1 drivers
v0x7fc6b04175b0_0 .net "IDEXRs", 4 0, v0x7fc6b0414fb0_0;  1 drivers
v0x7fc6b0417640_0 .net "IDEXRt", 4 0, v0x7fc6b0415060_0;  1 drivers
v0x7fc6b04176f0_0 .net "IDJump", 0 0, v0x7fc6b0411170_0;  1 drivers
v0x7fc6b04178c0_0 .net "IDJumpTarget", 31 0, L_0x7fc6b04185a0;  1 drivers
v0x7fc6b0417950_0 .net "IDNonJumpTarget", 31 0, v0x7fc6b04128a0_0;  1 drivers
v0x7fc6b04179e0_0 .net "IDRsOut", 4 0, L_0x7fc6b0418880;  1 drivers
v0x7fc6b0417a70_0 .net "IDRtOut", 4 0, L_0x7fc6b0418970;  1 drivers
v0x7fc6b0417b00_0 .net "IFIDFlush", 0 0, L_0x7fc6b04187d0;  1 drivers
v0x7fc6b0417b90_0 .var "IFIDInstr", 31 0;
v0x7fc6b0417c40_0 .var "IFIDPCPlus4", 31 0;
v0x7fc6b0417cd0_0 .var "MEMWBDst", 4 0;
v0x7fc6b0417da0_0 .var "MEMWBRegWrite", 0 0;
v0x7fc6b0417e70_0 .var "MEMWBWriteData", 31 0;
v0x7fc6b0417f40_0 .var "clock", 0 0;
v0x7fc6b0418010_0 .var "forward1", 0 0;
v0x7fc6b04180e0_0 .var "forward2", 0 0;
v0x7fc6b04181b0_0 .var/i "i", 31 0;
S_0x7fc6b0612540 .scope module, "ID" "IDStage" 2 22, 3 9 0, S_0x7fc6b06054d0;
 .timescale -9 -12;
    .port_info 0 /OUTPUT 1 "IDJump"
    .port_info 1 /OUTPUT 32 "IDNonJumpTarget"
    .port_info 2 /OUTPUT 1 "IFIDFlush"
    .port_info 3 /OUTPUT 32 "IDJumpTarget"
    .port_info 4 /INPUT 1 "MEMWBRegWrite"
    .port_info 5 /OUTPUT 1 "IDBranch"
    .port_info 6 /OUTPUT 1 "IDEXRegWrite"
    .port_info 7 /OUTPUT 1 "IDEXMemtoReg"
    .port_info 8 /OUTPUT 1 "IDEXMemRead"
    .port_info 9 /OUTPUT 1 "IDEXMemWrite"
    .port_info 10 /OUTPUT 1 "IDEXALUSrc"
    .port_info 11 /OUTPUT 2 "IDEXALUOp"
    .port_info 12 /OUTPUT 1 "IDEXRegDst"
    .port_info 13 /OUTPUT 32 "IDEXReadData1"
    .port_info 14 /OUTPUT 32 "IDEXReadData2"
    .port_info 15 /OUTPUT 5 "IDEXRt"
    .port_info 16 /OUTPUT 5 "IDEXRs"
    .port_info 17 /OUTPUT 5 "IDEXRd"
    .port_info 18 /OUTPUT 32 "IDEXImm"
    .port_info 19 /OUTPUT 5 "IDRtOut"
    .port_info 20 /OUTPUT 5 "IDRsOut"
    .port_info 21 /INPUT 5 "MEMWBDst"
    .port_info 22 /INPUT 32 "MEMWBWriteData"
    .port_info 23 /INPUT 32 "EXMEMALUResultOut"
    .port_info 24 /INPUT 1 "Hazard"
    .port_info 25 /INPUT 32 "IFIDInstr"
    .port_info 26 /INPUT 32 "IFIDPCPlus4"
    .port_info 27 /INPUT 1 "clock"
    .port_info 28 /INPUT 1 "forward1"
    .port_info 29 /INPUT 1 "forward2"
L_0x7fc6b04187d0 .functor BUFZ 1, v0x7fc6b0410a90_0, C4<0>, C4<0>, C4<0>;
L_0x7fc6b0418880 .functor BUFZ 5, v0x7fc6b0414d90_0, C4<00000>, C4<00000>, C4<00000>;
L_0x7fc6b0418970 .functor BUFZ 5, v0x7fc6b0415b40_0, C4<00000>, C4<00000>, C4<00000>;
v0x7fc6b04141e0_0 .net "BranchOrNot", 0 0, v0x7fc6b0410a90_0;  1 drivers
v0x7fc6b0414270_0 .net "BranchTarget", 31 0, v0x7fc6b040fec0_0;  1 drivers
v0x7fc6b0414350_0 .net "EXMEMALUResultOut", 31 0, v0x7fc6b0416b80_0;  1 drivers
v0x7fc6b0414420_0 .net "Equal", 0 0, v0x7fc6b0410250_0;  1 drivers
v0x7fc6b04144f0_0 .net "Hazard", 0 0, v0x7fc6b0416c30_0;  1 drivers
v0x7fc6b04145c0_0 .net "IDALUOp", 1 0, v0x7fc6b0410880_0;  1 drivers
v0x7fc6b0414650_0 .net "IDALUSrc", 0 0, v0x7fc6b0410940_0;  1 drivers
v0x7fc6b04146e0_0 .net "IDBranch", 0 0, v0x7fc6b04109e0_0;  alias, 1 drivers
v0x7fc6b0414770_0 .var "IDEXALUOp", 1 0;
v0x7fc6b0414880_0 .var "IDEXALUSrc", 0 0;
v0x7fc6b0414910_0 .var "IDEXImm", 31 0;
v0x7fc6b04149c0_0 .var "IDEXMemRead", 0 0;
v0x7fc6b0414a60_0 .var "IDEXMemWrite", 0 0;
v0x7fc6b0414b00_0 .var "IDEXMemtoReg", 0 0;
v0x7fc6b0414ba0_0 .var "IDEXRd", 4 0;
v0x7fc6b0414c50_0 .var "IDEXReadData1", 31 0;
v0x7fc6b0414d00_0 .var "IDEXReadData2", 31 0;
v0x7fc6b0414e90_0 .var "IDEXRegDst", 0 0;
v0x7fc6b0414f20_0 .var "IDEXRegWrite", 0 0;
v0x7fc6b0414fb0_0 .var "IDEXRs", 4 0;
v0x7fc6b0415060_0 .var "IDEXRt", 4 0;
v0x7fc6b0415110_0 .net "IDJump", 0 0, v0x7fc6b0411170_0;  alias, 1 drivers
v0x7fc6b04151c0_0 .net "IDJumpTarget", 31 0, L_0x7fc6b04185a0;  alias, 1 drivers
v0x7fc6b0415250_0 .net "IDMemRead", 0 0, v0x7fc6b0410cb0_0;  1 drivers
v0x7fc6b04152e0_0 .net "IDMemWrite", 0 0, v0x7fc6b0410d50_0;  1 drivers
v0x7fc6b0415370_0 .net "IDMemtoReg", 0 0, v0x7fc6b0410df0_0;  1 drivers
v0x7fc6b0415400_0 .net "IDNonJumpTarget", 31 0, v0x7fc6b04128a0_0;  alias, 1 drivers
v0x7fc6b04154b0_0 .net "IDOpcode", 5 0, L_0x7fc6b04186c0;  1 drivers
v0x7fc6b0415560_0 .var "IDRd", 4 0;
v0x7fc6b04155f0_0 .net "IDReaddata1", 31 0, v0x7fc6b0411c20_0;  1 drivers
v0x7fc6b04156c0_0 .net "IDReaddata2", 31 0, v0x7fc6b0412260_0;  1 drivers
v0x7fc6b0415790_0 .net "IDRegDst", 0 0, v0x7fc6b0410f00_0;  1 drivers
v0x7fc6b0415820_0 .net "IDRegWrite", 0 0, v0x7fc6b0410f90_0;  1 drivers
v0x7fc6b0414d90_0 .var "IDRs", 4 0;
v0x7fc6b0415ab0_0 .net "IDRsOut", 4 0, L_0x7fc6b0418880;  alias, 1 drivers
v0x7fc6b0415b40_0 .var "IDRt", 4 0;
v0x7fc6b0415bd0_0 .net "IDRtOut", 4 0, L_0x7fc6b0418970;  alias, 1 drivers
v0x7fc6b0415c60_0 .net "IDSignedImm", 31 0, v0x7fc6b0411600_0;  1 drivers
v0x7fc6b0415d30_0 .net "IFIDFlush", 0 0, L_0x7fc6b04187d0;  alias, 1 drivers
v0x7fc6b0415dd0_0 .net "IFIDInstr", 31 0, v0x7fc6b0417b90_0;  1 drivers
v0x7fc6b0415e80_0 .net "IFIDPCPlus4", 31 0, v0x7fc6b0417c40_0;  1 drivers
v0x7fc6b0415f60_0 .net "ImmTimes4", 31 0, v0x7fc6b0414150_0;  1 drivers
v0x7fc6b0416030_0 .net "MEMWBDst", 4 0, v0x7fc6b0417cd0_0;  1 drivers
v0x7fc6b04160c0_0 .net "MEMWBRegWrite", 0 0, v0x7fc6b0417da0_0;  1 drivers
v0x7fc6b0416150_0 .net "MEMWBWriteData", 31 0, v0x7fc6b0417e70_0;  1 drivers
v0x7fc6b0416200_0 .net "PreJump1", 27 0, L_0x7fc6b0418320;  1 drivers
v0x7fc6b04162b0_0 .net "PreJump2", 27 0, v0x7fc6b0413cd0_0;  1 drivers
v0x7fc6b0416360_0 .net "RFReadData1", 31 0, v0x7fc6b0412ca0_0;  1 drivers
v0x7fc6b0416430_0 .net "RFReadData2", 31 0, v0x7fc6b0412d70_0;  1 drivers
L_0x7fc6b0563008 .functor BUFT 1, C4<00>, C4<0>, C4<0>, C4<0>;
v0x7fc6b0416500_0 .net/2u *"_s0", 1 0, L_0x7fc6b0563008;  1 drivers
v0x7fc6b0416590_0 .net *"_s3", 25 0, L_0x7fc6b0418240;  1 drivers
v0x7fc6b0416640_0 .net *"_s7", 3 0, L_0x7fc6b0418480;  1 drivers
v0x7fc6b04166f0_0 .net "clock", 0 0, v0x7fc6b0417f40_0;  1 drivers
v0x7fc6b0416780_0 .net "forward1", 0 0, v0x7fc6b0418010_0;  1 drivers
v0x7fc6b0416830_0 .net "forward2", 0 0, v0x7fc6b04180e0_0;  1 drivers
E_0x7fc6b06047a0 .event posedge, v0x7fc6b0413640_0;
E_0x7fc6b06059a0 .event edge, v0x7fc6b0415dd0_0;
L_0x7fc6b0418240 .part v0x7fc6b0417b90_0, 0, 26;
L_0x7fc6b0418320 .concat [ 26 2 0 0], L_0x7fc6b0418240, L_0x7fc6b0563008;
L_0x7fc6b0418480 .part v0x7fc6b0417c40_0, 28, 4;
L_0x7fc6b04185a0 .concat [ 28 4 0 0], v0x7fc6b0413cd0_0, L_0x7fc6b0418480;
L_0x7fc6b04186c0 .part v0x7fc6b0417b90_0, 26, 6;
L_0x7fc6b0418a60 .part v0x7fc6b0417b90_0, 0, 16;
S_0x7fc6b0615bb0 .scope module, "adder" "ALU_Adder" 3 64, 4 3 0, S_0x7fc6b0612540;
 .timescale -9 -12;
    .port_info 0 /INPUT 32 "Operand1"
    .port_info 1 /INPUT 32 "Operand2"
    .port_info 2 /OUTPUT 32 "Result"
v0x7fc6b0615d10_0 .net "Operand1", 31 0, v0x7fc6b0417c40_0;  alias, 1 drivers
v0x7fc6b040fe00_0 .net "Operand2", 31 0, v0x7fc6b0414150_0;  alias, 1 drivers
v0x7fc6b040fec0_0 .var "Result", 31 0;
E_0x7fc6b0604990 .event edge, v0x7fc6b040fe00_0, v0x7fc6b0615d10_0;
S_0x7fc6b040ffd0 .scope module, "cmp" "Comparator" 3 62, 5 1 0, S_0x7fc6b0612540;
 .timescale -9 -12;
    .port_info 0 /INPUT 32 "in1"
    .port_info 1 /INPUT 32 "in2"
    .port_info 2 /OUTPUT 1 "equal"
v0x7fc6b0410250_0 .var "equal", 0 0;
v0x7fc6b0410300_0 .net "in1", 31 0, v0x7fc6b0411c20_0;  alias, 1 drivers
v0x7fc6b04103b0_0 .net "in2", 31 0, v0x7fc6b0412260_0;  alias, 1 drivers
E_0x7fc6b0410200 .event edge, v0x7fc6b04103b0_0, v0x7fc6b0410300_0;
S_0x7fc6b04104c0 .scope module, "cntrl" "Control" 3 57, 6 3 0, S_0x7fc6b0612540;
 .timescale -9 -12;
    .port_info 0 /INPUT 6 "instruction"
    .port_info 1 /OUTPUT 1 "RegDst"
    .port_info 2 /OUTPUT 1 "Branch"
    .port_info 3 /OUTPUT 1 "BranchOrNot"
    .port_info 4 /OUTPUT 1 "MemRead"
    .port_info 5 /OUTPUT 1 "MemtoReg"
    .port_info 6 /OUTPUT 2 "ALUOp"
    .port_info 7 /OUTPUT 1 "MemWrite"
    .port_info 8 /OUTPUT 1 "ALUSrc"
    .port_info 9 /OUTPUT 1 "RegWrite"
    .port_info 10 /OUTPUT 1 "jump"
    .port_info 11 /INPUT 1 "equal"
v0x7fc6b0410880_0 .var "ALUOp", 1 0;
v0x7fc6b0410940_0 .var "ALUSrc", 0 0;
v0x7fc6b04109e0_0 .var "Branch", 0 0;
v0x7fc6b0410a90_0 .var "BranchOrNot", 0 0;
v0x7fc6b0410b30_0 .var "Branch_Beq", 0 0;
v0x7fc6b0410c10_0 .var "Branch_Bne", 0 0;
v0x7fc6b0410cb0_0 .var "MemRead", 0 0;
v0x7fc6b0410d50_0 .var "MemWrite", 0 0;
v0x7fc6b0410df0_0 .var "MemtoReg", 0 0;
v0x7fc6b0410f00_0 .var "RegDst", 0 0;
v0x7fc6b0410f90_0 .var "RegWrite", 0 0;
v0x7fc6b0411030_0 .net "equal", 0 0, v0x7fc6b0410250_0;  alias, 1 drivers
v0x7fc6b04110e0_0 .net "instruction", 5 0, L_0x7fc6b04186c0;  alias, 1 drivers
v0x7fc6b0411170_0 .var "jump", 0 0;
E_0x7fc6b04107f0 .event edge, v0x7fc6b0410250_0, v0x7fc6b0410c10_0, v0x7fc6b0410b30_0;
E_0x7fc6b0410840 .event edge, v0x7fc6b04110e0_0;
S_0x7fc6b0411300 .scope module, "ext" "Sign_Extension" 3 55, 7 1 0, S_0x7fc6b0612540;
 .timescale 0 0;
    .port_info 0 /INPUT 16 "dataIn"
    .port_info 1 /OUTPUT 32 "dataOut"
v0x7fc6b0411540_0 .net "dataIn", 15 0, L_0x7fc6b0418a60;  1 drivers
v0x7fc6b0411600_0 .var "dataOut", 31 0;
E_0x7fc6b04114f0 .event edge, v0x7fc6b0411540_0;
S_0x7fc6b04116a0 .scope module, "mux1" "Mux_2_1" 3 60, 8 1 0, S_0x7fc6b0612540;
 .timescale -9 -12;
    .port_info 0 /INPUT 32 "dataIn0"
    .port_info 1 /INPUT 32 "dataIn1"
    .port_info 2 /INPUT 1 "Sel"
    .port_info 3 /OUTPUT 32 "dataOut"
P_0x7fc6b0411890 .param/l "dataWidth" 0 8 2, +C4<00000000000000000000000000100000>;
v0x7fc6b0411a40_0 .net "Sel", 0 0, v0x7fc6b0418010_0;  alias, 1 drivers
v0x7fc6b0411af0_0 .net "dataIn0", 31 0, v0x7fc6b0412ca0_0;  alias, 1 drivers
v0x7fc6b0411b90_0 .net "dataIn1", 31 0, v0x7fc6b0416b80_0;  alias, 1 drivers
v0x7fc6b0411c20_0 .var "dataOut", 31 0;
E_0x7fc6b04119f0 .event edge, v0x7fc6b0411b90_0, v0x7fc6b0411af0_0, v0x7fc6b0411a40_0;
S_0x7fc6b0411cf0 .scope module, "mux2" "Mux_2_1" 3 61, 8 1 0, S_0x7fc6b0612540;
 .timescale -9 -12;
    .port_info 0 /INPUT 32 "dataIn0"
    .port_info 1 /INPUT 32 "dataIn1"
    .port_info 2 /INPUT 1 "Sel"
    .port_info 3 /OUTPUT 32 "dataOut"
P_0x7fc6b0411ea0 .param/l "dataWidth" 0 8 2, +C4<00000000000000000000000000100000>;
v0x7fc6b0412080_0 .net "Sel", 0 0, v0x7fc6b04180e0_0;  alias, 1 drivers
v0x7fc6b0412130_0 .net "dataIn0", 31 0, v0x7fc6b0412d70_0;  alias, 1 drivers
v0x7fc6b04121d0_0 .net "dataIn1", 31 0, v0x7fc6b0416b80_0;  alias, 1 drivers
v0x7fc6b0412260_0 .var "dataOut", 31 0;
E_0x7fc6b0412020 .event edge, v0x7fc6b0411b90_0, v0x7fc6b0412130_0, v0x7fc6b0412080_0;
S_0x7fc6b0412330 .scope module, "mux3" "Mux_2_1" 3 65, 8 1 0, S_0x7fc6b0612540;
 .timescale -9 -12;
    .port_info 0 /INPUT 32 "dataIn0"
    .port_info 1 /INPUT 32 "dataIn1"
    .port_info 2 /INPUT 1 "Sel"
    .port_info 3 /OUTPUT 32 "dataOut"
P_0x7fc6b04124e0 .param/l "dataWidth" 0 8 2, +C4<00000000000000000000000000100000>;
v0x7fc6b04126c0_0 .net "Sel", 0 0, v0x7fc6b0410a90_0;  alias, 1 drivers
v0x7fc6b0412780_0 .net "dataIn0", 31 0, v0x7fc6b0417c40_0;  alias, 1 drivers
v0x7fc6b0412810_0 .net "dataIn1", 31 0, v0x7fc6b040fec0_0;  alias, 1 drivers
v0x7fc6b04128a0_0 .var "dataOut", 31 0;
E_0x7fc6b0412660 .event edge, v0x7fc6b040fec0_0, v0x7fc6b0615d10_0, v0x7fc6b0410a90_0;
S_0x7fc6b0412970 .scope module, "rf" "Register_File" 3 59, 9 1 0, S_0x7fc6b0612540;
 .timescale -9 -12;
    .port_info 0 /INPUT 1 "clock"
    .port_info 1 /INPUT 1 "RegWrite"
    .port_info 2 /INPUT 5 "ReadReg1"
    .port_info 3 /INPUT 5 "ReadReg2"
    .port_info 4 /INPUT 5 "WriteReg"
    .port_info 5 /INPUT 32 "WriteData"
    .port_info 6 /OUTPUT 32 "ReadData1"
    .port_info 7 /OUTPUT 32 "ReadData2"
v0x7fc6b0412ca0_0 .var "ReadData1", 31 0;
v0x7fc6b0412d70_0 .var "ReadData2", 31 0;
v0x7fc6b0412e20_0 .net "ReadReg1", 4 0, v0x7fc6b0414d90_0;  1 drivers
v0x7fc6b0412ed0_0 .net "ReadReg2", 4 0, v0x7fc6b0415b40_0;  1 drivers
v0x7fc6b0412f80_0 .net "RegWrite", 0 0, v0x7fc6b0417da0_0;  alias, 1 drivers
v0x7fc6b0413060_0 .net "WriteData", 31 0, v0x7fc6b0417e70_0;  alias, 1 drivers
v0x7fc6b0413110_0 .net "WriteReg", 4 0, v0x7fc6b0417cd0_0;  alias, 1 drivers
v0x7fc6b04131c0_0 .net *"_s10", 31 0, L_0x7fc6b18280c0;  1 drivers
v0x7fc6b0413270_0 .net *"_s12", 6 0, L_0x7fc6b1827b00;  1 drivers
L_0x7fc6b0563098 .functor BUFT 1, C4<00>, C4<0>, C4<0>, C4<0>;
v0x7fc6b0413380_0 .net *"_s15", 1 0, L_0x7fc6b0563098;  1 drivers
v0x7fc6b0413430_0 .net *"_s3", 31 0, L_0x7fc6b183b610;  1 drivers
v0x7fc6b04134e0_0 .net *"_s5", 6 0, L_0x7fc6b1828020;  1 drivers
L_0x7fc6b0563050 .functor BUFT 1, C4<00>, C4<0>, C4<0>, C4<0>;
v0x7fc6b0413590_0 .net *"_s8", 1 0, L_0x7fc6b0563050;  1 drivers
v0x7fc6b0413640_0 .net "clock", 0 0, v0x7fc6b0417f40_0;  alias, 1 drivers
v0x7fc6b04136e0_0 .var/i "i", 31 0;
v0x7fc6b0413790 .array "registerMem", 0 31, 31 0;
E_0x7fc6b0412c20 .event negedge, v0x7fc6b0413640_0;
E_0x7fc6b0412c70 .event edge, L_0x7fc6b18280c0, L_0x7fc6b183b610, v0x7fc6b0412ed0_0, v0x7fc6b0412e20_0;
L_0x7fc6b183b610 .array/port v0x7fc6b0413790, L_0x7fc6b1828020;
L_0x7fc6b1828020 .concat [ 5 2 0 0], v0x7fc6b0414d90_0, L_0x7fc6b0563050;
L_0x7fc6b18280c0 .array/port v0x7fc6b0413790, L_0x7fc6b1827b00;
L_0x7fc6b1827b00 .concat [ 5 2 0 0], v0x7fc6b0415b40_0, L_0x7fc6b0563098;
S_0x7fc6b04138b0 .scope module, "shftr1" "Shifter" 3 56, 10 1 0, S_0x7fc6b0612540;
 .timescale 0 0;
    .port_info 0 /INPUT 28 "dataIn"
    .port_info 1 /OUTPUT 28 "rdataOut"
P_0x7fc6b0411850 .param/l "dataWidth" 0 10 2, +C4<00000000000000000000000000011100>;
v0x7fc6b0413c10_0 .net "dataIn", 27 0, L_0x7fc6b0418320;  alias, 1 drivers
v0x7fc6b0413cd0_0 .var "rdataOut", 27 0;
E_0x7fc6b0413bc0 .event edge, v0x7fc6b0413c10_0;
S_0x7fc6b0413d70 .scope module, "shftr2" "Shifter" 3 63, 10 1 0, S_0x7fc6b0612540;
 .timescale 0 0;
    .port_info 0 /INPUT 32 "dataIn"
    .port_info 1 /OUTPUT 32 "rdataOut"
P_0x7fc6b0413b20 .param/l "dataWidth" 0 10 2, +C4<00000000000000000000000000100000>;
v0x7fc6b0414080_0 .net "dataIn", 31 0, v0x7fc6b0411600_0;  alias, 1 drivers
v0x7fc6b0414150_0 .var "rdataOut", 31 0;
E_0x7fc6b0414030 .event edge, v0x7fc6b0411600_0;
    .scope S_0x7fc6b0411300;
T_0 ;
    %pushi/vec4 0, 0, 32;
    %store/vec4 v0x7fc6b0411600_0, 0, 32;
    %end;
    .thread T_0;
    .scope S_0x7fc6b0411300;
T_1 ;
    %wait E_0x7fc6b04114f0;
    %load/vec4 v0x7fc6b0411540_0;
    %parti/s 1, 15, 5;
    %flag_set/vec4 8;
    %jmp/0xz  T_1.0, 8;
    %pushi/vec4 65535, 0, 16;
    %load/vec4 v0x7fc6b0411540_0;
    %concat/vec4; draw_concat_vec4
    %store/vec4 v0x7fc6b0411600_0, 0, 32;
    %jmp T_1.1;
T_1.0 ;
    %pushi/vec4 0, 0, 16;
    %load/vec4 v0x7fc6b0411540_0;
    %concat/vec4; draw_concat_vec4
    %store/vec4 v0x7fc6b0411600_0, 0, 32;
T_1.1 ;
    %jmp T_1;
    .thread T_1, $push;
    .scope S_0x7fc6b04138b0;
T_2 ;
    %pushi/vec4 0, 0, 28;
    %store/vec4 v0x7fc6b0413cd0_0, 0, 28;
    %end;
    .thread T_2;
    .scope S_0x7fc6b04138b0;
T_3 ;
    %wait E_0x7fc6b0413bc0;
    %load/vec4 v0x7fc6b0413c10_0;
    %muli 4, 0, 28;
    %store/vec4 v0x7fc6b0413cd0_0, 0, 28;
    %jmp T_3;
    .thread T_3, $push;
    .scope S_0x7fc6b04104c0;
T_4 ;
    %pushi/vec4 1, 0, 1;
    %store/vec4 v0x7fc6b0410f00_0, 0, 1;
    %pushi/vec4 0, 0, 1;
    %store/vec4 v0x7fc6b04109e0_0, 0, 1;
    %pushi/vec4 0, 0, 1;
    %store/vec4 v0x7fc6b0410a90_0, 0, 1;
    %pushi/vec4 0, 0, 1;
    %store/vec4 v0x7fc6b0410cb0_0, 0, 1;
    %pushi/vec4 0, 0, 1;
    %store/vec4 v0x7fc6b0410df0_0, 0, 1;
    %pushi/vec4 2, 0, 2;
    %store/vec4 v0x7fc6b0410880_0, 0, 2;
    %pushi/vec4 0, 0, 1;
    %store/vec4 v0x7fc6b0410d50_0, 0, 1;
    %pushi/vec4 0, 0, 1;
    %store/vec4 v0x7fc6b0410940_0, 0, 1;
    %pushi/vec4 1, 0, 1;
    %store/vec4 v0x7fc6b0410f90_0, 0, 1;
    %pushi/vec4 0, 0, 1;
    %store/vec4 v0x7fc6b0411170_0, 0, 1;
    %pushi/vec4 0, 0, 1;
    %store/vec4 v0x7fc6b0410b30_0, 0, 1;
    %pushi/vec4 0, 0, 1;
    %store/vec4 v0x7fc6b0410c10_0, 0, 1;
    %end;
    .thread T_4;
    .scope S_0x7fc6b04104c0;
T_5 ;
    %wait E_0x7fc6b0410840;
    %load/vec4 v0x7fc6b04110e0_0;
    %dup/vec4;
    %pushi/vec4 0, 0, 6;
    %cmp/u;
    %jmp/1 T_5.0, 6;
    %dup/vec4;
    %pushi/vec4 8, 0, 6;
    %cmp/u;
    %jmp/1 T_5.1, 6;
    %dup/vec4;
    %pushi/vec4 43, 0, 6;
    %cmp/u;
    %jmp/1 T_5.2, 6;
    %dup/vec4;
    %pushi/vec4 35, 0, 6;
    %cmp/u;
    %jmp/1 T_5.3, 6;
    %dup/vec4;
    %pushi/vec4 12, 0, 6;
    %cmp/u;
    %jmp/1 T_5.4, 6;
    %dup/vec4;
    %pushi/vec4 2, 0, 6;
    %cmp/u;
    %jmp/1 T_5.5, 6;
    %dup/vec4;
    %pushi/vec4 4, 0, 6;
    %cmp/u;
    %jmp/1 T_5.6, 6;
    %dup/vec4;
    %pushi/vec4 5, 0, 6;
    %cmp/u;
    %jmp/1 T_5.7, 6;
    %pushi/vec4 0, 0, 1;
    %store/vec4 v0x7fc6b0410f00_0, 0, 1;
    %pushi/vec4 0, 0, 1;
    %store/vec4 v0x7fc6b0410b30_0, 0, 1;
    %pushi/vec4 0, 0, 1;
    %store/vec4 v0x7fc6b0410c10_0, 0, 1;
    %pushi/vec4 0, 0, 1;
    %store/vec4 v0x7fc6b0410cb0_0, 0, 1;
    %pushi/vec4 0, 0, 1;
    %store/vec4 v0x7fc6b0410df0_0, 0, 1;
    %pushi/vec4 0, 0, 2;
    %store/vec4 v0x7fc6b0410880_0, 0, 2;
    %pushi/vec4 0, 0, 1;
    %store/vec4 v0x7fc6b0410d50_0, 0, 1;
    %pushi/vec4 0, 0, 1;
    %store/vec4 v0x7fc6b0410940_0, 0, 1;
    %pushi/vec4 0, 0, 1;
    %store/vec4 v0x7fc6b0410f90_0, 0, 1;
    %pushi/vec4 0, 0, 1;
    %store/vec4 v0x7fc6b0411170_0, 0, 1;
    %jmp T_5.9;
T_5.0 ;
    %pushi/vec4 1, 0, 1;
    %store/vec4 v0x7fc6b0410f00_0, 0, 1;
    %pushi/vec4 0, 0, 1;
    %store/vec4 v0x7fc6b0410b30_0, 0, 1;
    %pushi/vec4 0, 0, 1;
    %store/vec4 v0x7fc6b0410c10_0, 0, 1;
    %pushi/vec4 0, 0, 1;
    %store/vec4 v0x7fc6b0410cb0_0, 0, 1;
    %pushi/vec4 0, 0, 1;
    %store/vec4 v0x7fc6b0410df0_0, 0, 1;
    %pushi/vec4 2, 0, 2;
    %store/vec4 v0x7fc6b0410880_0, 0, 2;
    %pushi/vec4 0, 0, 1;
    %store/vec4 v0x7fc6b0410d50_0, 0, 1;
    %pushi/vec4 0, 0, 1;
    %store/vec4 v0x7fc6b0410940_0, 0, 1;
    %pushi/vec4 1, 0, 1;
    %store/vec4 v0x7fc6b0410f90_0, 0, 1;
    %pushi/vec4 0, 0, 1;
    %store/vec4 v0x7fc6b0411170_0, 0, 1;
    %jmp T_5.9;
T_5.1 ;
    %pushi/vec4 0, 0, 1;
    %store/vec4 v0x7fc6b0410f00_0, 0, 1;
    %pushi/vec4 0, 0, 1;
    %store/vec4 v0x7fc6b0410b30_0, 0, 1;
    %pushi/vec4 0, 0, 1;
    %store/vec4 v0x7fc6b0410c10_0, 0, 1;
    %pushi/vec4 0, 0, 1;
    %store/vec4 v0x7fc6b0410cb0_0, 0, 1;
    %pushi/vec4 0, 0, 1;
    %store/vec4 v0x7fc6b0410df0_0, 0, 1;
    %pushi/vec4 0, 0, 2;
    %store/vec4 v0x7fc6b0410880_0, 0, 2;
    %pushi/vec4 0, 0, 1;
    %store/vec4 v0x7fc6b0410d50_0, 0, 1;
    %pushi/vec4 1, 0, 1;
    %store/vec4 v0x7fc6b0410940_0, 0, 1;
    %pushi/vec4 1, 0, 1;
    %store/vec4 v0x7fc6b0410f90_0, 0, 1;
    %pushi/vec4 0, 0, 1;
    %store/vec4 v0x7fc6b0411170_0, 0, 1;
    %jmp T_5.9;
T_5.2 ;
    %pushi/vec4 0, 0, 1;
    %store/vec4 v0x7fc6b0410f00_0, 0, 1;
    %pushi/vec4 0, 0, 1;
    %store/vec4 v0x7fc6b0410b30_0, 0, 1;
    %pushi/vec4 0, 0, 1;
    %store/vec4 v0x7fc6b0410c10_0, 0, 1;
    %pushi/vec4 0, 0, 1;
    %store/vec4 v0x7fc6b0410cb0_0, 0, 1;
    %pushi/vec4 0, 0, 1;
    %store/vec4 v0x7fc6b0410df0_0, 0, 1;
    %pushi/vec4 0, 0, 2;
    %store/vec4 v0x7fc6b0410880_0, 0, 2;
    %pushi/vec4 1, 0, 1;
    %store/vec4 v0x7fc6b0410d50_0, 0, 1;
    %pushi/vec4 1, 0, 1;
    %store/vec4 v0x7fc6b0410940_0, 0, 1;
    %pushi/vec4 0, 0, 1;
    %store/vec4 v0x7fc6b0410f90_0, 0, 1;
    %pushi/vec4 0, 0, 1;
    %store/vec4 v0x7fc6b0411170_0, 0, 1;
    %jmp T_5.9;
T_5.3 ;
    %pushi/vec4 0, 0, 1;
    %store/vec4 v0x7fc6b0410f00_0, 0, 1;
    %pushi/vec4 0, 0, 1;
    %store/vec4 v0x7fc6b0410b30_0, 0, 1;
    %pushi/vec4 0, 0, 1;
    %store/vec4 v0x7fc6b0410c10_0, 0, 1;
    %pushi/vec4 1, 0, 1;
    %store/vec4 v0x7fc6b0410cb0_0, 0, 1;
    %pushi/vec4 1, 0, 1;
    %store/vec4 v0x7fc6b0410df0_0, 0, 1;
    %pushi/vec4 0, 0, 2;
    %store/vec4 v0x7fc6b0410880_0, 0, 2;
    %pushi/vec4 0, 0, 1;
    %store/vec4 v0x7fc6b0410d50_0, 0, 1;
    %pushi/vec4 1, 0, 1;
    %store/vec4 v0x7fc6b0410940_0, 0, 1;
    %pushi/vec4 1, 0, 1;
    %store/vec4 v0x7fc6b0410f90_0, 0, 1;
    %pushi/vec4 0, 0, 1;
    %store/vec4 v0x7fc6b0411170_0, 0, 1;
    %jmp T_5.9;
T_5.4 ;
    %pushi/vec4 0, 0, 1;
    %store/vec4 v0x7fc6b0410f00_0, 0, 1;
    %pushi/vec4 0, 0, 1;
    %store/vec4 v0x7fc6b0410b30_0, 0, 1;
    %pushi/vec4 0, 0, 1;
    %store/vec4 v0x7fc6b0410c10_0, 0, 1;
    %pushi/vec4 0, 0, 1;
    %store/vec4 v0x7fc6b0410cb0_0, 0, 1;
    %pushi/vec4 0, 0, 1;
    %store/vec4 v0x7fc6b0410df0_0, 0, 1;
    %pushi/vec4 3, 0, 2;
    %store/vec4 v0x7fc6b0410880_0, 0, 2;
    %pushi/vec4 0, 0, 1;
    %store/vec4 v0x7fc6b0410d50_0, 0, 1;
    %pushi/vec4 1, 0, 1;
    %store/vec4 v0x7fc6b0410940_0, 0, 1;
    %pushi/vec4 1, 0, 1;
    %store/vec4 v0x7fc6b0410f90_0, 0, 1;
    %pushi/vec4 0, 0, 1;
    %store/vec4 v0x7fc6b0411170_0, 0, 1;
    %jmp T_5.9;
T_5.5 ;
    %pushi/vec4 0, 0, 1;
    %store/vec4 v0x7fc6b0410f00_0, 0, 1;
    %pushi/vec4 0, 0, 1;
    %store/vec4 v0x7fc6b0410b30_0, 0, 1;
    %pushi/vec4 0, 0, 1;
    %store/vec4 v0x7fc6b0410c10_0, 0, 1;
    %pushi/vec4 0, 0, 1;
    %store/vec4 v0x7fc6b0410cb0_0, 0, 1;
    %pushi/vec4 0, 0, 1;
    %store/vec4 v0x7fc6b0410df0_0, 0, 1;
    %pushi/vec4 0, 0, 2;
    %store/vec4 v0x7fc6b0410880_0, 0, 2;
    %pushi/vec4 0, 0, 1;
    %store/vec4 v0x7fc6b0410d50_0, 0, 1;
    %pushi/vec4 0, 0, 1;
    %store/vec4 v0x7fc6b0410940_0, 0, 1;
    %pushi/vec4 0, 0, 1;
    %store/vec4 v0x7fc6b0410f90_0, 0, 1;
    %pushi/vec4 1, 0, 1;
    %store/vec4 v0x7fc6b0411170_0, 0, 1;
    %jmp T_5.9;
T_5.6 ;
    %pushi/vec4 0, 0, 1;
    %store/vec4 v0x7fc6b0410f00_0, 0, 1;
    %pushi/vec4 1, 0, 1;
    %store/vec4 v0x7fc6b0410b30_0, 0, 1;
    %pushi/vec4 0, 0, 1;
    %store/vec4 v0x7fc6b0410c10_0, 0, 1;
    %pushi/vec4 0, 0, 1;
    %store/vec4 v0x7fc6b0410cb0_0, 0, 1;
    %pushi/vec4 0, 0, 1;
    %store/vec4 v0x7fc6b0410df0_0, 0, 1;
    %pushi/vec4 1, 0, 2;
    %store/vec4 v0x7fc6b0410880_0, 0, 2;
    %pushi/vec4 0, 0, 1;
    %store/vec4 v0x7fc6b0410d50_0, 0, 1;
    %pushi/vec4 0, 0, 1;
    %store/vec4 v0x7fc6b0410940_0, 0, 1;
    %pushi/vec4 0, 0, 1;
    %store/vec4 v0x7fc6b0410f90_0, 0, 1;
    %pushi/vec4 0, 0, 1;
    %store/vec4 v0x7fc6b0411170_0, 0, 1;
    %jmp T_5.9;
T_5.7 ;
    %pushi/vec4 0, 0, 1;
    %store/vec4 v0x7fc6b0410f00_0, 0, 1;
    %pushi/vec4 0, 0, 1;
    %store/vec4 v0x7fc6b0410b30_0, 0, 1;
    %pushi/vec4 1, 0, 1;
    %store/vec4 v0x7fc6b0410c10_0, 0, 1;
    %pushi/vec4 0, 0, 1;
    %store/vec4 v0x7fc6b0410cb0_0, 0, 1;
    %pushi/vec4 0, 0, 1;
    %store/vec4 v0x7fc6b0410df0_0, 0, 1;
    %pushi/vec4 1, 0, 2;
    %store/vec4 v0x7fc6b0410880_0, 0, 2;
    %pushi/vec4 0, 0, 1;
    %store/vec4 v0x7fc6b0410d50_0, 0, 1;
    %pushi/vec4 0, 0, 1;
    %store/vec4 v0x7fc6b0410940_0, 0, 1;
    %pushi/vec4 0, 0, 1;
    %store/vec4 v0x7fc6b0410f90_0, 0, 1;
    %pushi/vec4 0, 0, 1;
    %store/vec4 v0x7fc6b0411170_0, 0, 1;
    %jmp T_5.9;
T_5.9 ;
    %pop/vec4 1;
    %jmp T_5;
    .thread T_5, $push;
    .scope S_0x7fc6b04104c0;
T_6 ;
    %wait E_0x7fc6b04107f0;
    %load/vec4 v0x7fc6b0410b30_0;
    %load/vec4 v0x7fc6b0411030_0;
    %and;
    %flag_set/vec4 8;
    %load/vec4 v0x7fc6b0410c10_0;
    %load/vec4 v0x7fc6b0411030_0;
    %inv;
    %and;
    %flag_set/vec4 9;
    %flag_or 9, 8;
    %jmp/0xz  T_6.0, 9;
    %pushi/vec4 1, 0, 1;
    %store/vec4 v0x7fc6b0410a90_0, 0, 1;
    %jmp T_6.1;
T_6.0 ;
    %pushi/vec4 0, 0, 1;
    %store/vec4 v0x7fc6b0410a90_0, 0, 1;
T_6.1 ;
    %load/vec4 v0x7fc6b0410b30_0;
    %flag_set/vec4 8;
    %load/vec4 v0x7fc6b0410c10_0;
    %flag_set/vec4 9;
    %flag_or 9, 8;
    %jmp/0xz  T_6.2, 9;
    %pushi/vec4 1, 0, 1;
    %store/vec4 v0x7fc6b04109e0_0, 0, 1;
    %jmp T_6.3;
T_6.2 ;
    %pushi/vec4 0, 0, 1;
    %store/vec4 v0x7fc6b04109e0_0, 0, 1;
T_6.3 ;
    %jmp T_6;
    .thread T_6, $push;
    .scope S_0x7fc6b0412970;
T_7 ;
    %pushi/vec4 0, 0, 32;
    %store/vec4 v0x7fc6b0412ca0_0, 0, 32;
    %pushi/vec4 0, 0, 32;
    %store/vec4 v0x7fc6b0412d70_0, 0, 32;
    %pushi/vec4 0, 0, 32;
    %store/vec4 v0x7fc6b04136e0_0, 0, 32;
T_7.0 ;
    %load/vec4 v0x7fc6b04136e0_0;
    %cmpi/s 32, 0, 32;
    %jmp/0xz T_7.1, 5;
    %pushi/vec4 0, 0, 32;
    %ix/getv/s 4, v0x7fc6b04136e0_0;
    %store/vec4a v0x7fc6b0413790, 4, 0;
    %load/vec4 v0x7fc6b04136e0_0;
    %addi 1, 0, 32;
    %store/vec4 v0x7fc6b04136e0_0, 0, 32;
    %jmp T_7.0;
T_7.1 ;
    %end;
    .thread T_7;
    .scope S_0x7fc6b0412970;
T_8 ;
    %wait E_0x7fc6b0412c70;
    %load/vec4 v0x7fc6b0412e20_0;
    %pad/u 7;
    %ix/vec4 4;
    %load/vec4a v0x7fc6b0413790, 4;
    %store/vec4 v0x7fc6b0412ca0_0, 0, 32;
    %load/vec4 v0x7fc6b0412ed0_0;
    %pad/u 7;
    %ix/vec4 4;
    %load/vec4a v0x7fc6b0413790, 4;
    %store/vec4 v0x7fc6b0412d70_0, 0, 32;
    %jmp T_8;
    .thread T_8, $push;
    .scope S_0x7fc6b0412970;
T_9 ;
    %wait E_0x7fc6b0412c20;
    %load/vec4 v0x7fc6b0412f80_0;
    %flag_set/vec4 8;
    %jmp/0xz  T_9.0, 8;
    %load/vec4 v0x7fc6b0413060_0;
    %load/vec4 v0x7fc6b0413110_0;
    %pad/u 7;
    %ix/vec4 4;
    %store/vec4a v0x7fc6b0413790, 4, 0;
T_9.0 ;
    %jmp T_9;
    .thread T_9;
    .scope S_0x7fc6b04116a0;
T_10 ;
    %pushi/vec4 0, 0, 32;
    %store/vec4 v0x7fc6b0411c20_0, 0, 32;
    %end;
    .thread T_10;
    .scope S_0x7fc6b04116a0;
T_11 ;
    %wait E_0x7fc6b04119f0;
    %load/vec4 v0x7fc6b0411a40_0;
    %flag_set/vec4 8;
    %jmp/0xz  T_11.0, 8;
    %load/vec4 v0x7fc6b0411b90_0;
    %store/vec4 v0x7fc6b0411c20_0, 0, 32;
    %jmp T_11.1;
T_11.0 ;
    %load/vec4 v0x7fc6b0411af0_0;
    %store/vec4 v0x7fc6b0411c20_0, 0, 32;
T_11.1 ;
    %jmp T_11;
    .thread T_11, $push;
    .scope S_0x7fc6b0411cf0;
T_12 ;
    %pushi/vec4 0, 0, 32;
    %store/vec4 v0x7fc6b0412260_0, 0, 32;
    %end;
    .thread T_12;
    .scope S_0x7fc6b0411cf0;
T_13 ;
    %wait E_0x7fc6b0412020;
    %load/vec4 v0x7fc6b0412080_0;
    %flag_set/vec4 8;
    %jmp/0xz  T_13.0, 8;
    %load/vec4 v0x7fc6b04121d0_0;
    %store/vec4 v0x7fc6b0412260_0, 0, 32;
    %jmp T_13.1;
T_13.0 ;
    %load/vec4 v0x7fc6b0412130_0;
    %store/vec4 v0x7fc6b0412260_0, 0, 32;
T_13.1 ;
    %jmp T_13;
    .thread T_13, $push;
    .scope S_0x7fc6b040ffd0;
T_14 ;
    %pushi/vec4 0, 0, 1;
    %store/vec4 v0x7fc6b0410250_0, 0, 1;
    %end;
    .thread T_14;
    .scope S_0x7fc6b040ffd0;
T_15 ;
    %wait E_0x7fc6b0410200;
    %load/vec4 v0x7fc6b0410300_0;
    %load/vec4 v0x7fc6b04103b0_0;
    %cmp/e;
    %jmp/0xz  T_15.0, 4;
    %pushi/vec4 1, 0, 1;
    %store/vec4 v0x7fc6b0410250_0, 0, 1;
    %jmp T_15.1;
T_15.0 ;
    %pushi/vec4 0, 0, 1;
    %store/vec4 v0x7fc6b0410250_0, 0, 1;
T_15.1 ;
    %jmp T_15;
    .thread T_15, $push;
    .scope S_0x7fc6b0413d70;
T_16 ;
    %pushi/vec4 0, 0, 32;
    %store/vec4 v0x7fc6b0414150_0, 0, 32;
    %end;
    .thread T_16;
    .scope S_0x7fc6b0413d70;
T_17 ;
    %wait E_0x7fc6b0414030;
    %load/vec4 v0x7fc6b0414080_0;
    %muli 4, 0, 32;
    %store/vec4 v0x7fc6b0414150_0, 0, 32;
    %jmp T_17;
    .thread T_17, $push;
    .scope S_0x7fc6b0615bb0;
T_18 ;
    %pushi/vec4 0, 0, 32;
    %store/vec4 v0x7fc6b040fec0_0, 0, 32;
    %end;
    .thread T_18;
    .scope S_0x7fc6b0615bb0;
T_19 ;
    %wait E_0x7fc6b0604990;
    %load/vec4 v0x7fc6b0615d10_0;
    %load/vec4 v0x7fc6b040fe00_0;
    %add;
    %store/vec4 v0x7fc6b040fec0_0, 0, 32;
    %jmp T_19;
    .thread T_19, $push;
    .scope S_0x7fc6b0412330;
T_20 ;
    %pushi/vec4 0, 0, 32;
    %store/vec4 v0x7fc6b04128a0_0, 0, 32;
    %end;
    .thread T_20;
    .scope S_0x7fc6b0412330;
T_21 ;
    %wait E_0x7fc6b0412660;
    %load/vec4 v0x7fc6b04126c0_0;
    %flag_set/vec4 8;
    %jmp/0xz  T_21.0, 8;
    %load/vec4 v0x7fc6b0412810_0;
    %store/vec4 v0x7fc6b04128a0_0, 0, 32;
    %jmp T_21.1;
T_21.0 ;
    %load/vec4 v0x7fc6b0412780_0;
    %store/vec4 v0x7fc6b04128a0_0, 0, 32;
T_21.1 ;
    %jmp T_21;
    .thread T_21, $push;
    .scope S_0x7fc6b0612540;
T_22 ;
    %pushi/vec4 0, 0, 1;
    %store/vec4 v0x7fc6b0414f20_0, 0, 1;
    %pushi/vec4 0, 0, 1;
    %store/vec4 v0x7fc6b0414b00_0, 0, 1;
    %pushi/vec4 0, 0, 1;
    %store/vec4 v0x7fc6b0414880_0, 0, 1;
    %pushi/vec4 0, 0, 1;
    %store/vec4 v0x7fc6b0414a60_0, 0, 1;
    %pushi/vec4 0, 0, 1;
    %store/vec4 v0x7fc6b0414e90_0, 0, 1;
    %pushi/vec4 0, 0, 1;
    %store/vec4 v0x7fc6b04149c0_0, 0, 1;
    %pushi/vec4 0, 0, 2;
    %store/vec4 v0x7fc6b0414770_0, 0, 2;
    %pushi/vec4 0, 0, 5;
    %store/vec4 v0x7fc6b0414fb0_0, 0, 5;
    %pushi/vec4 0, 0, 5;
    %store/vec4 v0x7fc6b0415060_0, 0, 5;
    %pushi/vec4 0, 0, 5;
    %store/vec4 v0x7fc6b0414ba0_0, 0, 5;
    %pushi/vec4 0, 0, 32;
    %store/vec4 v0x7fc6b0414c50_0, 0, 32;
    %pushi/vec4 0, 0, 32;
    %store/vec4 v0x7fc6b0414d00_0, 0, 32;
    %pushi/vec4 0, 0, 32;
    %store/vec4 v0x7fc6b0414910_0, 0, 32;
    %pushi/vec4 0, 0, 5;
    %store/vec4 v0x7fc6b0414d90_0, 0, 5;
    %pushi/vec4 0, 0, 5;
    %store/vec4 v0x7fc6b0415b40_0, 0, 5;
    %pushi/vec4 0, 0, 5;
    %store/vec4 v0x7fc6b0415560_0, 0, 5;
    %end;
    .thread T_22;
    .scope S_0x7fc6b0612540;
T_23 ;
    %wait E_0x7fc6b06059a0;
    %load/vec4 v0x7fc6b0415dd0_0;
    %parti/s 5, 21, 6;
    %store/vec4 v0x7fc6b0414d90_0, 0, 5;
    %load/vec4 v0x7fc6b0415dd0_0;
    %parti/s 5, 16, 6;
    %store/vec4 v0x7fc6b0415b40_0, 0, 5;
    %load/vec4 v0x7fc6b0415dd0_0;
    %parti/s 5, 11, 5;
    %store/vec4 v0x7fc6b0415560_0, 0, 5;
    %jmp T_23;
    .thread T_23, $push;
    .scope S_0x7fc6b0612540;
T_24 ;
    %wait E_0x7fc6b06047a0;
    %load/vec4 v0x7fc6b04144f0_0;
    %inv;
    %flag_set/vec4 8;
    %jmp/0xz  T_24.0, 8;
    %load/vec4 v0x7fc6b0415820_0;
    %store/vec4 v0x7fc6b0414f20_0, 0, 1;
    %load/vec4 v0x7fc6b0415370_0;
    %store/vec4 v0x7fc6b0414b00_0, 0, 1;
    %load/vec4 v0x7fc6b0414650_0;
    %store/vec4 v0x7fc6b0414880_0, 0, 1;
    %load/vec4 v0x7fc6b04152e0_0;
    %store/vec4 v0x7fc6b0414a60_0, 0, 1;
    %load/vec4 v0x7fc6b0415790_0;
    %store/vec4 v0x7fc6b0414e90_0, 0, 1;
    %load/vec4 v0x7fc6b0415250_0;
    %store/vec4 v0x7fc6b04149c0_0, 0, 1;
    %load/vec4 v0x7fc6b04145c0_0;
    %store/vec4 v0x7fc6b0414770_0, 0, 2;
    %jmp T_24.1;
T_24.0 ;
    %pushi/vec4 0, 0, 1;
    %store/vec4 v0x7fc6b0414f20_0, 0, 1;
    %pushi/vec4 0, 0, 1;
    %store/vec4 v0x7fc6b0414b00_0, 0, 1;
    %pushi/vec4 0, 0, 1;
    %store/vec4 v0x7fc6b0414880_0, 0, 1;
    %pushi/vec4 0, 0, 1;
    %store/vec4 v0x7fc6b0414a60_0, 0, 1;
    %pushi/vec4 0, 0, 1;
    %store/vec4 v0x7fc6b0414e90_0, 0, 1;
    %pushi/vec4 0, 0, 1;
    %store/vec4 v0x7fc6b04149c0_0, 0, 1;
    %pushi/vec4 0, 0, 2;
    %store/vec4 v0x7fc6b0414770_0, 0, 2;
T_24.1 ;
    %load/vec4 v0x7fc6b04156c0_0;
    %store/vec4 v0x7fc6b0414d00_0, 0, 32;
    %load/vec4 v0x7fc6b04155f0_0;
    %store/vec4 v0x7fc6b0414c50_0, 0, 32;
    %load/vec4 v0x7fc6b0415c60_0;
    %store/vec4 v0x7fc6b0414910_0, 0, 32;
    %load/vec4 v0x7fc6b0414d90_0;
    %store/vec4 v0x7fc6b0414fb0_0, 0, 5;
    %load/vec4 v0x7fc6b0415b40_0;
    %store/vec4 v0x7fc6b0415060_0, 0, 5;
    %load/vec4 v0x7fc6b0415560_0;
    %store/vec4 v0x7fc6b0414ba0_0, 0, 5;
    %jmp T_24;
    .thread T_24;
    .scope S_0x7fc6b06054d0;
T_25 ;
    %delay 0, 0;
    %pushi/vec4 1, 0, 1;
    %store/vec4 v0x7fc6b0417f40_0, 0, 1;
    %pushi/vec4 0, 0, 1;
    %store/vec4 v0x7fc6b0416c30_0, 0, 1;
    %pushi/vec4 1, 0, 1;
    %store/vec4 v0x7fc6b0417da0_0, 0, 1;
    %pushi/vec4 0, 0, 1;
    %store/vec4 v0x7fc6b0418010_0, 0, 1;
    %pushi/vec4 0, 0, 1;
    %store/vec4 v0x7fc6b04180e0_0, 0, 1;
    %pushi/vec4 305419896, 0, 32;
    %store/vec4 v0x7fc6b0417e70_0, 0, 32;
    %pushi/vec4 2271560481, 0, 32;
    %store/vec4 v0x7fc6b0416b80_0, 0, 32;
    %pushi/vec4 537395232, 0, 32;
    %store/vec4 v0x7fc6b0417b90_0, 0, 32;
    %pushi/vec4 12, 0, 32;
    %store/vec4 v0x7fc6b0417c40_0, 0, 32;
    %pushi/vec4 8, 0, 5;
    %store/vec4 v0x7fc6b0417cd0_0, 0, 5;
    %delay 40000, 0;
    %pushi/vec4 1, 0, 1;
    %store/vec4 v0x7fc6b0416c30_0, 0, 1;
    %delay 100000, 0;
    %pushi/vec4 0, 0, 1;
    %store/vec4 v0x7fc6b0416c30_0, 0, 1;
    %pushi/vec4 1, 0, 1;
    %store/vec4 v0x7fc6b0418010_0, 0, 1;
    %pushi/vec4 1, 0, 1;
    %store/vec4 v0x7fc6b04180e0_0, 0, 1;
    %delay 100000, 0;
    %pushi/vec4 305266706, 0, 32;
    %store/vec4 v0x7fc6b0417b90_0, 0, 32;
    %delay 100000, 0;
    %pushi/vec4 134217751, 0, 32;
    %store/vec4 v0x7fc6b0417b90_0, 0, 32;
    %end;
    .thread T_25;
    .scope S_0x7fc6b06054d0;
T_26 ;
    %delay 50000, 0;
    %load/vec4 v0x7fc6b0417f40_0;
    %inv;
    %store/vec4 v0x7fc6b0417f40_0, 0, 1;
    %jmp T_26;
    .thread T_26;
    .scope S_0x7fc6b06054d0;
T_27 ;
    %pushi/vec4 0, 0, 32;
    %store/vec4 v0x7fc6b04181b0_0, 0, 32;
    %end;
    .thread T_27;
    .scope S_0x7fc6b06054d0;
T_28 ;
    %wait E_0x7fc6b06047a0;
    %load/vec4 v0x7fc6b04181b0_0;
    %addi 1, 0, 32;
    %store/vec4 v0x7fc6b04181b0_0, 0, 32;
    %delay 60000, 0;
    %load/vec4 v0x7fc6b04181b0_0;
    %subi 1, 0, 32;
    %vpi_call 2 48 "$display", "between %d and %d clock, IDEXRegWrite = %b, IDEXMemtoReg = %b, IDEXALUSrc = %b, IDEXMemWrite = %b, IDEXRegDst = %b, IDEXMemRead = %b, IDEXALUOp = %b, IDEXReadData1 = %h, IDEXReadData2 = %h, IDJumpTarget = %h, IDNonJumpTarget = %h, IDBranch = %b, IDJump = %b, IFIDFlush = %b, IDEXImm = %h, IDEXRs = %b, IDEXRt = %b, IDEXRd = %b, IDRtOut = %b, IDRsOut = %b, Instr in ID = %h, IDRs in ID = %b, IDRt in ID = %b, IDEXRs in ID = %b, IDEXRt in ID = %b, IDEXReadData2 in ID = %h", S<0,vec4,s32>, v0x7fc6b04181b0_0, v0x7fc6b0417500_0, v0x7fc6b0417150_0, v0x7fc6b0416e70_0, v0x7fc6b04170a0_0, v0x7fc6b0417450_0, v0x7fc6b0416ff0_0, v0x7fc6b0416de0_0, v0x7fc6b0417310_0, v0x7fc6b04173a0_0, v0x7fc6b04178c0_0, v0x7fc6b0417950_0, v0x7fc6b0416cf0_0, v0x7fc6b04176f0_0, v0x7fc6b0417b00_0, v0x7fc6b0416f40_0, v0x7fc6b04175b0_0, v0x7fc6b0417640_0, v0x7fc6b0417280_0, v0x7fc6b0417a70_0, v0x7fc6b04179e0_0, v0x7fc6b0415dd0_0, v0x7fc6b0414d90_0, v0x7fc6b0415b40_0, v0x7fc6b0414fb0_0, v0x7fc6b0415060_0, v0x7fc6b0414d00_0 {1 0 0};
    %jmp T_28;
    .thread T_28;
    .scope S_0x7fc6b06054d0;
T_29 ;
    %delay 700000, 0;
    %vpi_call 2 57 "$finish" {0 0 0};
    %end;
    .thread T_29;
# The file index is used to find the file name in the following table.
:file_names 11;
    "N/A";
    "<interactive>";
    "IDStage_Sim.v";
    "./IDStage.v";
    "./ALU_Adder.v";
    "./Comparator.v";
    "./Control.v";
    "./Sign_Extension.v";
    "./Mux_2_1.v";
    "./Register_File.v";
    "./Shifter.v";
