#! /usr/local/Cellar/icarus-verilog/10.3/bin/vvp
:ivl_version "10.3 (stable)" "(v10_3)";
:ivl_delay_selection "TYPICAL";
:vpi_time_precision - 12;
:vpi_module "system";
:vpi_module "vhdl_sys";
:vpi_module "v2005_math";
:vpi_module "va_math";
S_0x7fee7a704170 .scope module, "IDStage" "IDStage" 2 9;
 .timescale -9 -12;
    .port_info 0 /OUTPUT 1 "IDJump"
    .port_info 1 /OUTPUT 32 "IDNonJumpTarget"
    .port_info 2 /OUTPUT 1 "IFIDFlush"
    .port_info 3 /OUTPUT 32 "IDJumpTarget"
    .port_info 4 /INPUT 1 "MEMWBRegWrite"
    .port_info 5 /OUTPUT 1 "IDBranch"
    .port_info 6 /OUTPUT 1 "IDEXRegWrite"
    .port_info 7 /OUTPUT 1 "IDEXMemtoReg"
    .port_info 8 /OUTPUT 1 "IDEXMemRead"
    .port_info 9 /OUTPUT 1 "IDEXMemWrite"
    .port_info 10 /OUTPUT 1 "IDEXALUSrc"
    .port_info 11 /OUTPUT 2 "IDEXALUOp"
    .port_info 12 /OUTPUT 1 "IDEXRegDst"
    .port_info 13 /OUTPUT 32 "IDEXReadData1"
    .port_info 14 /OUTPUT 32 "IDEXReadData2"
    .port_info 15 /OUTPUT 5 "IDEXRt"
    .port_info 16 /OUTPUT 5 "IDEXRs"
    .port_info 17 /OUTPUT 5 "IDEXRd"
    .port_info 18 /OUTPUT 32 "IDEXImm"
    .port_info 19 /OUTPUT 5 "IDRtOut"
    .port_info 20 /OUTPUT 5 "IDRsOut"
    .port_info 21 /INPUT 5 "MEMWBDst"
    .port_info 22 /INPUT 32 "MEMWBWriteData"
    .port_info 23 /INPUT 32 "EXMEMALUResultOut"
    .port_info 24 /INPUT 1 "Hazard"
    .port_info 25 /INPUT 32 "IFIDInstr"
    .port_info 26 /INPUT 32 "IFIDPCPlus4"
    .port_info 27 /INPUT 1 "clock"
    .port_info 28 /INPUT 1 "forward1"
    .port_info 29 /INPUT 1 "forward2"
    .port_info 30 /INPUT 32 "IFPCPlus4Out"
    .port_info 31 /INPUT 5 "RegFile_Address"
    .port_info 32 /OUTPUT 32 "RegOutOut"
L_0x7fee7b0135e0 .functor OR 1, v0x7fee7b00c740_0, v0x7fee7b00ce20_0, C4<0>, C4<0>;
L_0x7fee7b013690 .functor BUFZ 5, v0x7fee7b010e80_0, C4<00000>, C4<00000>, C4<00000>;
L_0x7fee7b013740 .functor BUFZ 5, v0x7fee7b011c30_0, C4<00000>, C4<00000>, C4<00000>;
v0x7fee7b0102d0_0 .net "BranchOrNot", 0 0, v0x7fee7b00c740_0;  1 drivers
v0x7fee7b010360_0 .net "BranchTarget", 31 0, v0x7fee7b00bb70_0;  1 drivers
o0x7fee7a532818 .functor BUFZ 32, C4<zzzzzzzzzzzzzzzzzzzzzzzzzzzzzzzz>; HiZ drive
v0x7fee7b010440_0 .net "EXMEMALUResultOut", 31 0, o0x7fee7a532818;  0 drivers
v0x7fee7b010510_0 .net "Equal", 0 0, v0x7fee7b00bf00_0;  1 drivers
o0x7fee7a5331a8 .functor BUFZ 1, C4<z>; HiZ drive
v0x7fee7b0105e0_0 .net "Hazard", 0 0, o0x7fee7a5331a8;  0 drivers
v0x7fee7b0106b0_0 .net "IDALUOp", 1 0, v0x7fee7b00c530_0;  1 drivers
v0x7fee7b010740_0 .net "IDALUSrc", 0 0, v0x7fee7b00c5f0_0;  1 drivers
v0x7fee7b0107d0_0 .net "IDBranch", 0 0, v0x7fee7b00c690_0;  1 drivers
v0x7fee7b010860_0 .var "IDEXALUOp", 1 0;
v0x7fee7b010970_0 .var "IDEXALUSrc", 0 0;
v0x7fee7b010a00_0 .var "IDEXImm", 31 0;
v0x7fee7b010ab0_0 .var "IDEXMemRead", 0 0;
v0x7fee7b010b50_0 .var "IDEXMemWrite", 0 0;
v0x7fee7b010bf0_0 .var "IDEXMemtoReg", 0 0;
v0x7fee7b010c90_0 .var "IDEXRd", 4 0;
v0x7fee7b010d40_0 .var "IDEXReadData1", 31 0;
v0x7fee7b010df0_0 .var "IDEXReadData2", 31 0;
v0x7fee7b010f80_0 .var "IDEXRegDst", 0 0;
v0x7fee7b011010_0 .var "IDEXRegWrite", 0 0;
v0x7fee7b0110a0_0 .var "IDEXRs", 4 0;
v0x7fee7b011150_0 .var "IDEXRt", 4 0;
v0x7fee7b011200_0 .net "IDJump", 0 0, v0x7fee7b00ce20_0;  1 drivers
v0x7fee7b0112b0_0 .net "IDJumpTarget", 31 0, L_0x7fee7b013370;  1 drivers
v0x7fee7b011340_0 .net "IDMemRead", 0 0, v0x7fee7b00c960_0;  1 drivers
v0x7fee7b0113d0_0 .net "IDMemWrite", 0 0, v0x7fee7b00ca00_0;  1 drivers
v0x7fee7b011460_0 .net "IDMemtoReg", 0 0, v0x7fee7b00caa0_0;  1 drivers
v0x7fee7b0114f0_0 .net "IDNonJumpTarget", 31 0, v0x7fee7b00e550_0;  1 drivers
v0x7fee7b0115a0_0 .net "IDOpcode", 5 0, L_0x7fee7b013490;  1 drivers
v0x7fee7b011650_0 .var "IDRd", 4 0;
v0x7fee7b0116e0_0 .net "IDReaddata1", 31 0, v0x7fee7b00d8d0_0;  1 drivers
v0x7fee7b0117b0_0 .net "IDReaddata2", 31 0, v0x7fee7b00df10_0;  1 drivers
v0x7fee7b011880_0 .net "IDRegDst", 0 0, v0x7fee7b00cbb0_0;  1 drivers
v0x7fee7b011910_0 .net "IDRegWrite", 0 0, v0x7fee7b00cc40_0;  1 drivers
v0x7fee7b010e80_0 .var "IDRs", 4 0;
v0x7fee7b011ba0_0 .net "IDRsOut", 4 0, L_0x7fee7b013690;  1 drivers
v0x7fee7b011c30_0 .var "IDRt", 4 0;
v0x7fee7b011cc0_0 .net "IDRtOut", 4 0, L_0x7fee7b013740;  1 drivers
v0x7fee7b011d50_0 .net "IDSignedImm", 31 0, v0x7fee7b00d2b0_0;  1 drivers
v0x7fee7b011e20_0 .net "IFIDFlush", 0 0, L_0x7fee7b0135e0;  1 drivers
o0x7fee7a533538 .functor BUFZ 32, C4<zzzzzzzzzzzzzzzzzzzzzzzzzzzzzzzz>; HiZ drive
v0x7fee7b011ec0_0 .net "IFIDInstr", 31 0, o0x7fee7a533538;  0 drivers
o0x7fee7a532008 .functor BUFZ 32, C4<zzzzzzzzzzzzzzzzzzzzzzzzzzzzzzzz>; HiZ drive
v0x7fee7b011f70_0 .net "IFIDPCPlus4", 31 0, o0x7fee7a532008;  0 drivers
o0x7fee7a532a28 .functor BUFZ 32, C4<zzzzzzzzzzzzzzzzzzzzzzzzzzzzzzzz>; HiZ drive
v0x7fee7b012010_0 .net "IFPCPlus4Out", 31 0, o0x7fee7a532a28;  0 drivers
v0x7fee7b0120c0_0 .net "ImmTimes4", 31 0, v0x7fee7b010240_0;  1 drivers
o0x7fee7a532c68 .functor BUFZ 5, C4<zzzzz>; HiZ drive
v0x7fee7b012190_0 .net "MEMWBDst", 4 0, o0x7fee7a532c68;  0 drivers
o0x7fee7a532c08 .functor BUFZ 1, C4<z>; HiZ drive
v0x7fee7b012230_0 .net "MEMWBRegWrite", 0 0, o0x7fee7a532c08;  0 drivers
o0x7fee7a532c38 .functor BUFZ 32, C4<zzzzzzzzzzzzzzzzzzzzzzzzzzzzzzzz>; HiZ drive
v0x7fee7b0122e0_0 .net "MEMWBWriteData", 31 0, o0x7fee7a532c38;  0 drivers
v0x7fee7b012390_0 .net "PreJump1", 27 0, L_0x7fee7b013110;  1 drivers
v0x7fee7b012440_0 .net "PreJump2", 27 0, v0x7fee7b00fdc0_0;  1 drivers
v0x7fee7b0124f0_0 .net "RFReadData1", 31 0, v0x7fee7b00e990_0;  1 drivers
v0x7fee7b0125c0_0 .net "RFReadData2", 31 0, v0x7fee7b00ea60_0;  1 drivers
o0x7fee7a532ba8 .functor BUFZ 5, C4<zzzzz>; HiZ drive
v0x7fee7b012690_0 .net "RegFile_Address", 4 0, o0x7fee7a532ba8;  0 drivers
v0x7fee7b012720_0 .net "RegOutOut", 31 0, L_0x7fee7b0137f0;  1 drivers
v0x7fee7b0127b0_0 .net "RegOutOutOut", 0 0, L_0x7fee7b013c30;  1 drivers
L_0x7fee7a563008 .functor BUFT 1, C4<00>, C4<0>, C4<0>, C4<0>;
v0x7fee7b012860_0 .net/2u *"_s0", 1 0, L_0x7fee7a563008;  1 drivers
L_0x7fee7a563050 .functor BUFT 1, C4<0000000000000000000000000000000>, C4<0>, C4<0>, C4<0>;
v0x7fee7b012900_0 .net *"_s21", 30 0, L_0x7fee7a563050;  1 drivers
v0x7fee7b0129b0_0 .net *"_s3", 25 0, L_0x7fee7b013030;  1 drivers
v0x7fee7b012a60_0 .net *"_s7", 3 0, L_0x7fee7b013290;  1 drivers
o0x7fee7a532e48 .functor BUFZ 1, C4<z>; HiZ drive
v0x7fee7b012b10_0 .net "clock", 0 0, o0x7fee7a532e48;  0 drivers
o0x7fee7a5327b8 .functor BUFZ 1, C4<z>; HiZ drive
v0x7fee7b012bc0_0 .net "forward1", 0 0, o0x7fee7a5327b8;  0 drivers
o0x7fee7a532908 .functor BUFZ 1, C4<z>; HiZ drive
v0x7fee7b012c70_0 .net "forward2", 0 0, o0x7fee7a532908;  0 drivers
E_0x7fee7a704710 .event posedge, v0x7fee7b00f750_0;
E_0x7fee7a704740 .event edge, v0x7fee7b011ec0_0;
L_0x7fee7b013030 .part o0x7fee7a533538, 0, 26;
L_0x7fee7b013110 .concat [ 26 2 0 0], L_0x7fee7b013030, L_0x7fee7a563008;
L_0x7fee7b013290 .part o0x7fee7a532008, 28, 4;
L_0x7fee7b013370 .concat [ 28 4 0 0], v0x7fee7b00fdc0_0, L_0x7fee7b013290;
L_0x7fee7b013490 .part o0x7fee7a533538, 26, 6;
L_0x7fee7b0137f0 .concat [ 1 31 0 0], L_0x7fee7b013c30, L_0x7fee7a563050;
L_0x7fee7b013910 .part o0x7fee7a533538, 0, 16;
S_0x7fee7a704780 .scope module, "adder" "ALU_Adder" 2 66, 3 3 0, S_0x7fee7a704170;
 .timescale -9 -12;
    .port_info 0 /INPUT 32 "Operand1"
    .port_info 1 /INPUT 32 "Operand2"
    .port_info 2 /OUTPUT 32 "Result"
v0x7fee7a7049e0_0 .net "Operand1", 31 0, o0x7fee7a532008;  alias, 0 drivers
v0x7fee7b00bab0_0 .net "Operand2", 31 0, v0x7fee7b010240_0;  alias, 1 drivers
v0x7fee7b00bb70_0 .var "Result", 31 0;
E_0x7fee7a704990 .event edge, v0x7fee7b00bab0_0, v0x7fee7a7049e0_0;
S_0x7fee7b00bc80 .scope module, "cmp" "Comparator" 2 64, 4 1 0, S_0x7fee7a704170;
 .timescale -9 -12;
    .port_info 0 /INPUT 32 "in1"
    .port_info 1 /INPUT 32 "in2"
    .port_info 2 /OUTPUT 1 "equal"
v0x7fee7b00bf00_0 .var "equal", 0 0;
v0x7fee7b00bfb0_0 .net "in1", 31 0, v0x7fee7b00d8d0_0;  alias, 1 drivers
v0x7fee7b00c060_0 .net "in2", 31 0, v0x7fee7b00df10_0;  alias, 1 drivers
E_0x7fee7b00beb0 .event edge, v0x7fee7b00c060_0, v0x7fee7b00bfb0_0;
S_0x7fee7b00c170 .scope module, "cntrl" "Control" 2 58, 5 3 0, S_0x7fee7a704170;
 .timescale -9 -12;
    .port_info 0 /INPUT 6 "instruction"
    .port_info 1 /OUTPUT 1 "RegDst"
    .port_info 2 /OUTPUT 1 "Branch"
    .port_info 3 /OUTPUT 1 "BranchOrNot"
    .port_info 4 /OUTPUT 1 "MemRead"
    .port_info 5 /OUTPUT 1 "MemtoReg"
    .port_info 6 /OUTPUT 2 "ALUOp"
    .port_info 7 /OUTPUT 1 "MemWrite"
    .port_info 8 /OUTPUT 1 "ALUSrc"
    .port_info 9 /OUTPUT 1 "RegWrite"
    .port_info 10 /OUTPUT 1 "jump"
    .port_info 11 /INPUT 1 "equal"
v0x7fee7b00c530_0 .var "ALUOp", 1 0;
v0x7fee7b00c5f0_0 .var "ALUSrc", 0 0;
v0x7fee7b00c690_0 .var "Branch", 0 0;
v0x7fee7b00c740_0 .var "BranchOrNot", 0 0;
v0x7fee7b00c7e0_0 .var "Branch_Beq", 0 0;
v0x7fee7b00c8c0_0 .var "Branch_Bne", 0 0;
v0x7fee7b00c960_0 .var "MemRead", 0 0;
v0x7fee7b00ca00_0 .var "MemWrite", 0 0;
v0x7fee7b00caa0_0 .var "MemtoReg", 0 0;
v0x7fee7b00cbb0_0 .var "RegDst", 0 0;
v0x7fee7b00cc40_0 .var "RegWrite", 0 0;
v0x7fee7b00cce0_0 .net "equal", 0 0, v0x7fee7b00bf00_0;  alias, 1 drivers
v0x7fee7b00cd90_0 .net "instruction", 5 0, L_0x7fee7b013490;  alias, 1 drivers
v0x7fee7b00ce20_0 .var "jump", 0 0;
E_0x7fee7b00c4a0 .event edge, v0x7fee7b00bf00_0, v0x7fee7b00c8c0_0, v0x7fee7b00c7e0_0;
E_0x7fee7b00c4f0 .event edge, v0x7fee7b00cd90_0;
S_0x7fee7b00cfb0 .scope module, "ext" "Sign_Extension" 2 56, 6 1 0, S_0x7fee7a704170;
 .timescale 0 0;
    .port_info 0 /INPUT 16 "dataIn"
    .port_info 1 /OUTPUT 32 "dataOut"
v0x7fee7b00d1f0_0 .net "dataIn", 15 0, L_0x7fee7b013910;  1 drivers
v0x7fee7b00d2b0_0 .var "dataOut", 31 0;
E_0x7fee7b00d1a0 .event edge, v0x7fee7b00d1f0_0;
S_0x7fee7b00d350 .scope module, "mux1" "Mux_2_1" 2 62, 7 1 0, S_0x7fee7a704170;
 .timescale -9 -12;
    .port_info 0 /INPUT 32 "dataIn0"
    .port_info 1 /INPUT 32 "dataIn1"
    .port_info 2 /INPUT 1 "Sel"
    .port_info 3 /OUTPUT 32 "dataOut"
P_0x7fee7b00d540 .param/l "dataWidth" 0 7 2, +C4<00000000000000000000000000100000>;
v0x7fee7b00d6f0_0 .net "Sel", 0 0, o0x7fee7a5327b8;  alias, 0 drivers
v0x7fee7b00d7a0_0 .net "dataIn0", 31 0, v0x7fee7b00e990_0;  alias, 1 drivers
v0x7fee7b00d840_0 .net "dataIn1", 31 0, o0x7fee7a532818;  alias, 0 drivers
v0x7fee7b00d8d0_0 .var "dataOut", 31 0;
E_0x7fee7b00d6a0 .event edge, v0x7fee7b00d840_0, v0x7fee7b00d7a0_0, v0x7fee7b00d6f0_0;
S_0x7fee7b00d9a0 .scope module, "mux2" "Mux_2_1" 2 63, 7 1 0, S_0x7fee7a704170;
 .timescale -9 -12;
    .port_info 0 /INPUT 32 "dataIn0"
    .port_info 1 /INPUT 32 "dataIn1"
    .port_info 2 /INPUT 1 "Sel"
    .port_info 3 /OUTPUT 32 "dataOut"
P_0x7fee7b00db50 .param/l "dataWidth" 0 7 2, +C4<00000000000000000000000000100000>;
v0x7fee7b00dd30_0 .net "Sel", 0 0, o0x7fee7a532908;  alias, 0 drivers
v0x7fee7b00dde0_0 .net "dataIn0", 31 0, v0x7fee7b00ea60_0;  alias, 1 drivers
v0x7fee7b00de80_0 .net "dataIn1", 31 0, o0x7fee7a532818;  alias, 0 drivers
v0x7fee7b00df10_0 .var "dataOut", 31 0;
E_0x7fee7b00dcd0 .event edge, v0x7fee7b00d840_0, v0x7fee7b00dde0_0, v0x7fee7b00dd30_0;
S_0x7fee7b00dfe0 .scope module, "mux3" "Mux_2_1" 2 67, 7 1 0, S_0x7fee7a704170;
 .timescale -9 -12;
    .port_info 0 /INPUT 32 "dataIn0"
    .port_info 1 /INPUT 32 "dataIn1"
    .port_info 2 /INPUT 1 "Sel"
    .port_info 3 /OUTPUT 32 "dataOut"
P_0x7fee7b00e190 .param/l "dataWidth" 0 7 2, +C4<00000000000000000000000000100000>;
v0x7fee7b00e370_0 .net "Sel", 0 0, v0x7fee7b00c740_0;  alias, 1 drivers
v0x7fee7b00e430_0 .net "dataIn0", 31 0, o0x7fee7a532a28;  alias, 0 drivers
v0x7fee7b00e4c0_0 .net "dataIn1", 31 0, v0x7fee7b00bb70_0;  alias, 1 drivers
v0x7fee7b00e550_0 .var "dataOut", 31 0;
E_0x7fee7b00e310 .event edge, v0x7fee7b00bb70_0, v0x7fee7b00e430_0, v0x7fee7b00c740_0;
S_0x7fee7b00e620 .scope module, "rf" "Register_File" 2 60, 8 1 0, S_0x7fee7a704170;
 .timescale -9 -12;
    .port_info 0 /INPUT 1 "clock"
    .port_info 1 /INPUT 1 "RegWrite"
    .port_info 2 /INPUT 5 "ReadReg1"
    .port_info 3 /INPUT 5 "ReadReg2"
    .port_info 4 /INPUT 5 "WriteReg"
    .port_info 5 /INPUT 32 "WriteData"
    .port_info 6 /OUTPUT 32 "ReadData1"
    .port_info 7 /OUTPUT 32 "ReadData2"
    .port_info 8 /INPUT 5 "RegFile_Address"
    .port_info 9 /OUTPUT 1 "RegOutOutOut"
v0x7fee7b00e990_0 .var "ReadData1", 31 0;
v0x7fee7b00ea60_0 .var "ReadData2", 31 0;
v0x7fee7b00eb10_0 .net "ReadReg1", 4 0, v0x7fee7b010e80_0;  1 drivers
v0x7fee7b00ebc0_0 .net "ReadReg2", 4 0, v0x7fee7b011c30_0;  1 drivers
v0x7fee7b00ec70_0 .net "RegFile_Address", 4 0, o0x7fee7a532ba8;  alias, 0 drivers
v0x7fee7b00ed60_0 .net "RegOutOutOut", 0 0, L_0x7fee7b013c30;  alias, 1 drivers
v0x7fee7b00ee00_0 .net "RegWrite", 0 0, o0x7fee7a532c08;  alias, 0 drivers
v0x7fee7b00eea0_0 .net "WriteData", 31 0, o0x7fee7a532c38;  alias, 0 drivers
v0x7fee7b00ef50_0 .net "WriteReg", 4 0, o0x7fee7a532c68;  alias, 0 drivers
v0x7fee7b00f060_0 .net *"_s0", 31 0, L_0x7fee7b0139f0;  1 drivers
v0x7fee7b00f110_0 .net *"_s11", 31 0, L_0x7fee7b013d10;  1 drivers
v0x7fee7b00f1c0_0 .net *"_s13", 6 0, L_0x7fee7b013dd0;  1 drivers
L_0x7fee7a5630e0 .functor BUFT 1, C4<00>, C4<0>, C4<0>, C4<0>;
v0x7fee7b00f270_0 .net *"_s16", 1 0, L_0x7fee7a5630e0;  1 drivers
v0x7fee7b00f320_0 .net *"_s18", 31 0, L_0x7fee7b013f10;  1 drivers
v0x7fee7b00f3d0_0 .net *"_s2", 6 0, L_0x7fee7b013ab0;  1 drivers
v0x7fee7b00f480_0 .net *"_s20", 6 0, L_0x7fee7b013fd0;  1 drivers
L_0x7fee7a563128 .functor BUFT 1, C4<00>, C4<0>, C4<0>, C4<0>;
v0x7fee7b00f530_0 .net *"_s23", 1 0, L_0x7fee7a563128;  1 drivers
L_0x7fee7a563098 .functor BUFT 1, C4<00>, C4<0>, C4<0>, C4<0>;
v0x7fee7b00f6c0_0 .net *"_s5", 1 0, L_0x7fee7a563098;  1 drivers
v0x7fee7b00f750_0 .net "clock", 0 0, o0x7fee7a532e48;  alias, 0 drivers
v0x7fee7b00f7f0_0 .var/i "i", 31 0;
v0x7fee7b00f8a0 .array "registerMem", 0 31, 31 0;
E_0x7fee7b00e910 .event negedge, v0x7fee7b00f750_0;
E_0x7fee7b00e960 .event edge, L_0x7fee7b013f10, L_0x7fee7b013d10, v0x7fee7b00ebc0_0, v0x7fee7b00eb10_0;
L_0x7fee7b0139f0 .array/port v0x7fee7b00f8a0, L_0x7fee7b013ab0;
L_0x7fee7b013ab0 .concat [ 5 2 0 0], o0x7fee7a532ba8, L_0x7fee7a563098;
L_0x7fee7b013c30 .part L_0x7fee7b0139f0, 0, 1;
L_0x7fee7b013d10 .array/port v0x7fee7b00f8a0, L_0x7fee7b013dd0;
L_0x7fee7b013dd0 .concat [ 5 2 0 0], v0x7fee7b010e80_0, L_0x7fee7a5630e0;
L_0x7fee7b013f10 .array/port v0x7fee7b00f8a0, L_0x7fee7b013fd0;
L_0x7fee7b013fd0 .concat [ 5 2 0 0], v0x7fee7b011c30_0, L_0x7fee7a563128;
S_0x7fee7b00fa30 .scope module, "shftr1" "Shifter" 2 57, 9 1 0, S_0x7fee7a704170;
 .timescale 0 0;
    .port_info 0 /INPUT 28 "dataIn"
    .port_info 1 /OUTPUT 28 "rdataOut"
P_0x7fee7b00d500 .param/l "dataWidth" 0 9 2, +C4<00000000000000000000000000011100>;
v0x7fee7b00fd00_0 .net "dataIn", 27 0, L_0x7fee7b013110;  alias, 1 drivers
v0x7fee7b00fdc0_0 .var "rdataOut", 27 0;
E_0x7fee7b00fcb0 .event edge, v0x7fee7b00fd00_0;
S_0x7fee7b00fe60 .scope module, "shftr2" "Shifter" 2 65, 9 1 0, S_0x7fee7a704170;
 .timescale 0 0;
    .port_info 0 /INPUT 32 "dataIn"
    .port_info 1 /OUTPUT 32 "rdataOut"
P_0x7fee7b00fc10 .param/l "dataWidth" 0 9 2, +C4<00000000000000000000000000100000>;
v0x7fee7b010170_0 .net "dataIn", 31 0, v0x7fee7b00d2b0_0;  alias, 1 drivers
v0x7fee7b010240_0 .var "rdataOut", 31 0;
E_0x7fee7b010120 .event edge, v0x7fee7b00d2b0_0;
    .scope S_0x7fee7b00cfb0;
T_0 ;
    %pushi/vec4 0, 0, 32;
    %store/vec4 v0x7fee7b00d2b0_0, 0, 32;
    %end;
    .thread T_0;
    .scope S_0x7fee7b00cfb0;
T_1 ;
    %wait E_0x7fee7b00d1a0;
    %load/vec4 v0x7fee7b00d1f0_0;
    %parti/s 1, 15, 5;
    %flag_set/vec4 8;
    %jmp/0xz  T_1.0, 8;
    %pushi/vec4 65535, 0, 16;
    %load/vec4 v0x7fee7b00d1f0_0;
    %concat/vec4; draw_concat_vec4
    %store/vec4 v0x7fee7b00d2b0_0, 0, 32;
    %jmp T_1.1;
T_1.0 ;
    %pushi/vec4 0, 0, 16;
    %load/vec4 v0x7fee7b00d1f0_0;
    %concat/vec4; draw_concat_vec4
    %store/vec4 v0x7fee7b00d2b0_0, 0, 32;
T_1.1 ;
    %jmp T_1;
    .thread T_1, $push;
    .scope S_0x7fee7b00fa30;
T_2 ;
    %pushi/vec4 0, 0, 28;
    %store/vec4 v0x7fee7b00fdc0_0, 0, 28;
    %end;
    .thread T_2;
    .scope S_0x7fee7b00fa30;
T_3 ;
    %wait E_0x7fee7b00fcb0;
    %load/vec4 v0x7fee7b00fd00_0;
    %muli 4, 0, 28;
    %store/vec4 v0x7fee7b00fdc0_0, 0, 28;
    %jmp T_3;
    .thread T_3, $push;
    .scope S_0x7fee7b00c170;
T_4 ;
    %pushi/vec4 1, 0, 1;
    %store/vec4 v0x7fee7b00cbb0_0, 0, 1;
    %pushi/vec4 0, 0, 1;
    %store/vec4 v0x7fee7b00c690_0, 0, 1;
    %pushi/vec4 0, 0, 1;
    %store/vec4 v0x7fee7b00c740_0, 0, 1;
    %pushi/vec4 0, 0, 1;
    %store/vec4 v0x7fee7b00c960_0, 0, 1;
    %pushi/vec4 0, 0, 1;
    %store/vec4 v0x7fee7b00caa0_0, 0, 1;
    %pushi/vec4 2, 0, 2;
    %store/vec4 v0x7fee7b00c530_0, 0, 2;
    %pushi/vec4 0, 0, 1;
    %store/vec4 v0x7fee7b00ca00_0, 0, 1;
    %pushi/vec4 0, 0, 1;
    %store/vec4 v0x7fee7b00c5f0_0, 0, 1;
    %pushi/vec4 1, 0, 1;
    %store/vec4 v0x7fee7b00cc40_0, 0, 1;
    %pushi/vec4 0, 0, 1;
    %store/vec4 v0x7fee7b00ce20_0, 0, 1;
    %pushi/vec4 0, 0, 1;
    %store/vec4 v0x7fee7b00c7e0_0, 0, 1;
    %pushi/vec4 0, 0, 1;
    %store/vec4 v0x7fee7b00c8c0_0, 0, 1;
    %end;
    .thread T_4;
    .scope S_0x7fee7b00c170;
T_5 ;
    %wait E_0x7fee7b00c4f0;
    %load/vec4 v0x7fee7b00cd90_0;
    %dup/vec4;
    %pushi/vec4 0, 0, 6;
    %cmp/u;
    %jmp/1 T_5.0, 6;
    %dup/vec4;
    %pushi/vec4 8, 0, 6;
    %cmp/u;
    %jmp/1 T_5.1, 6;
    %dup/vec4;
    %pushi/vec4 43, 0, 6;
    %cmp/u;
    %jmp/1 T_5.2, 6;
    %dup/vec4;
    %pushi/vec4 35, 0, 6;
    %cmp/u;
    %jmp/1 T_5.3, 6;
    %dup/vec4;
    %pushi/vec4 12, 0, 6;
    %cmp/u;
    %jmp/1 T_5.4, 6;
    %dup/vec4;
    %pushi/vec4 2, 0, 6;
    %cmp/u;
    %jmp/1 T_5.5, 6;
    %dup/vec4;
    %pushi/vec4 4, 0, 6;
    %cmp/u;
    %jmp/1 T_5.6, 6;
    %dup/vec4;
    %pushi/vec4 5, 0, 6;
    %cmp/u;
    %jmp/1 T_5.7, 6;
    %pushi/vec4 0, 0, 1;
    %store/vec4 v0x7fee7b00cbb0_0, 0, 1;
    %pushi/vec4 0, 0, 1;
    %store/vec4 v0x7fee7b00c7e0_0, 0, 1;
    %pushi/vec4 0, 0, 1;
    %store/vec4 v0x7fee7b00c8c0_0, 0, 1;
    %pushi/vec4 0, 0, 1;
    %store/vec4 v0x7fee7b00c960_0, 0, 1;
    %pushi/vec4 0, 0, 1;
    %store/vec4 v0x7fee7b00caa0_0, 0, 1;
    %pushi/vec4 0, 0, 2;
    %store/vec4 v0x7fee7b00c530_0, 0, 2;
    %pushi/vec4 0, 0, 1;
    %store/vec4 v0x7fee7b00ca00_0, 0, 1;
    %pushi/vec4 0, 0, 1;
    %store/vec4 v0x7fee7b00c5f0_0, 0, 1;
    %pushi/vec4 0, 0, 1;
    %store/vec4 v0x7fee7b00cc40_0, 0, 1;
    %pushi/vec4 0, 0, 1;
    %store/vec4 v0x7fee7b00ce20_0, 0, 1;
    %jmp T_5.9;
T_5.0 ;
    %pushi/vec4 1, 0, 1;
    %store/vec4 v0x7fee7b00cbb0_0, 0, 1;
    %pushi/vec4 0, 0, 1;
    %store/vec4 v0x7fee7b00c7e0_0, 0, 1;
    %pushi/vec4 0, 0, 1;
    %store/vec4 v0x7fee7b00c8c0_0, 0, 1;
    %pushi/vec4 0, 0, 1;
    %store/vec4 v0x7fee7b00c960_0, 0, 1;
    %pushi/vec4 0, 0, 1;
    %store/vec4 v0x7fee7b00caa0_0, 0, 1;
    %pushi/vec4 2, 0, 2;
    %store/vec4 v0x7fee7b00c530_0, 0, 2;
    %pushi/vec4 0, 0, 1;
    %store/vec4 v0x7fee7b00ca00_0, 0, 1;
    %pushi/vec4 0, 0, 1;
    %store/vec4 v0x7fee7b00c5f0_0, 0, 1;
    %pushi/vec4 1, 0, 1;
    %store/vec4 v0x7fee7b00cc40_0, 0, 1;
    %pushi/vec4 0, 0, 1;
    %store/vec4 v0x7fee7b00ce20_0, 0, 1;
    %jmp T_5.9;
T_5.1 ;
    %pushi/vec4 0, 0, 1;
    %store/vec4 v0x7fee7b00cbb0_0, 0, 1;
    %pushi/vec4 0, 0, 1;
    %store/vec4 v0x7fee7b00c7e0_0, 0, 1;
    %pushi/vec4 0, 0, 1;
    %store/vec4 v0x7fee7b00c8c0_0, 0, 1;
    %pushi/vec4 0, 0, 1;
    %store/vec4 v0x7fee7b00c960_0, 0, 1;
    %pushi/vec4 0, 0, 1;
    %store/vec4 v0x7fee7b00caa0_0, 0, 1;
    %pushi/vec4 0, 0, 2;
    %store/vec4 v0x7fee7b00c530_0, 0, 2;
    %pushi/vec4 0, 0, 1;
    %store/vec4 v0x7fee7b00ca00_0, 0, 1;
    %pushi/vec4 1, 0, 1;
    %store/vec4 v0x7fee7b00c5f0_0, 0, 1;
    %pushi/vec4 1, 0, 1;
    %store/vec4 v0x7fee7b00cc40_0, 0, 1;
    %pushi/vec4 0, 0, 1;
    %store/vec4 v0x7fee7b00ce20_0, 0, 1;
    %jmp T_5.9;
T_5.2 ;
    %pushi/vec4 0, 0, 1;
    %store/vec4 v0x7fee7b00cbb0_0, 0, 1;
    %pushi/vec4 0, 0, 1;
    %store/vec4 v0x7fee7b00c7e0_0, 0, 1;
    %pushi/vec4 0, 0, 1;
    %store/vec4 v0x7fee7b00c8c0_0, 0, 1;
    %pushi/vec4 0, 0, 1;
    %store/vec4 v0x7fee7b00c960_0, 0, 1;
    %pushi/vec4 0, 0, 1;
    %store/vec4 v0x7fee7b00caa0_0, 0, 1;
    %pushi/vec4 0, 0, 2;
    %store/vec4 v0x7fee7b00c530_0, 0, 2;
    %pushi/vec4 1, 0, 1;
    %store/vec4 v0x7fee7b00ca00_0, 0, 1;
    %pushi/vec4 1, 0, 1;
    %store/vec4 v0x7fee7b00c5f0_0, 0, 1;
    %pushi/vec4 0, 0, 1;
    %store/vec4 v0x7fee7b00cc40_0, 0, 1;
    %pushi/vec4 0, 0, 1;
    %store/vec4 v0x7fee7b00ce20_0, 0, 1;
    %jmp T_5.9;
T_5.3 ;
    %pushi/vec4 0, 0, 1;
    %store/vec4 v0x7fee7b00cbb0_0, 0, 1;
    %pushi/vec4 0, 0, 1;
    %store/vec4 v0x7fee7b00c7e0_0, 0, 1;
    %pushi/vec4 0, 0, 1;
    %store/vec4 v0x7fee7b00c8c0_0, 0, 1;
    %pushi/vec4 1, 0, 1;
    %store/vec4 v0x7fee7b00c960_0, 0, 1;
    %pushi/vec4 1, 0, 1;
    %store/vec4 v0x7fee7b00caa0_0, 0, 1;
    %pushi/vec4 0, 0, 2;
    %store/vec4 v0x7fee7b00c530_0, 0, 2;
    %pushi/vec4 0, 0, 1;
    %store/vec4 v0x7fee7b00ca00_0, 0, 1;
    %pushi/vec4 1, 0, 1;
    %store/vec4 v0x7fee7b00c5f0_0, 0, 1;
    %pushi/vec4 1, 0, 1;
    %store/vec4 v0x7fee7b00cc40_0, 0, 1;
    %pushi/vec4 0, 0, 1;
    %store/vec4 v0x7fee7b00ce20_0, 0, 1;
    %jmp T_5.9;
T_5.4 ;
    %pushi/vec4 0, 0, 1;
    %store/vec4 v0x7fee7b00cbb0_0, 0, 1;
    %pushi/vec4 0, 0, 1;
    %store/vec4 v0x7fee7b00c7e0_0, 0, 1;
    %pushi/vec4 0, 0, 1;
    %store/vec4 v0x7fee7b00c8c0_0, 0, 1;
    %pushi/vec4 0, 0, 1;
    %store/vec4 v0x7fee7b00c960_0, 0, 1;
    %pushi/vec4 0, 0, 1;
    %store/vec4 v0x7fee7b00caa0_0, 0, 1;
    %pushi/vec4 3, 0, 2;
    %store/vec4 v0x7fee7b00c530_0, 0, 2;
    %pushi/vec4 0, 0, 1;
    %store/vec4 v0x7fee7b00ca00_0, 0, 1;
    %pushi/vec4 1, 0, 1;
    %store/vec4 v0x7fee7b00c5f0_0, 0, 1;
    %pushi/vec4 1, 0, 1;
    %store/vec4 v0x7fee7b00cc40_0, 0, 1;
    %pushi/vec4 0, 0, 1;
    %store/vec4 v0x7fee7b00ce20_0, 0, 1;
    %jmp T_5.9;
T_5.5 ;
    %pushi/vec4 0, 0, 1;
    %store/vec4 v0x7fee7b00cbb0_0, 0, 1;
    %pushi/vec4 0, 0, 1;
    %store/vec4 v0x7fee7b00c7e0_0, 0, 1;
    %pushi/vec4 0, 0, 1;
    %store/vec4 v0x7fee7b00c8c0_0, 0, 1;
    %pushi/vec4 0, 0, 1;
    %store/vec4 v0x7fee7b00c960_0, 0, 1;
    %pushi/vec4 0, 0, 1;
    %store/vec4 v0x7fee7b00caa0_0, 0, 1;
    %pushi/vec4 0, 0, 2;
    %store/vec4 v0x7fee7b00c530_0, 0, 2;
    %pushi/vec4 0, 0, 1;
    %store/vec4 v0x7fee7b00ca00_0, 0, 1;
    %pushi/vec4 0, 0, 1;
    %store/vec4 v0x7fee7b00c5f0_0, 0, 1;
    %pushi/vec4 0, 0, 1;
    %store/vec4 v0x7fee7b00cc40_0, 0, 1;
    %pushi/vec4 1, 0, 1;
    %store/vec4 v0x7fee7b00ce20_0, 0, 1;
    %jmp T_5.9;
T_5.6 ;
    %pushi/vec4 0, 0, 1;
    %store/vec4 v0x7fee7b00cbb0_0, 0, 1;
    %pushi/vec4 1, 0, 1;
    %store/vec4 v0x7fee7b00c7e0_0, 0, 1;
    %pushi/vec4 0, 0, 1;
    %store/vec4 v0x7fee7b00c8c0_0, 0, 1;
    %pushi/vec4 0, 0, 1;
    %store/vec4 v0x7fee7b00c960_0, 0, 1;
    %pushi/vec4 0, 0, 1;
    %store/vec4 v0x7fee7b00caa0_0, 0, 1;
    %pushi/vec4 1, 0, 2;
    %store/vec4 v0x7fee7b00c530_0, 0, 2;
    %pushi/vec4 0, 0, 1;
    %store/vec4 v0x7fee7b00ca00_0, 0, 1;
    %pushi/vec4 0, 0, 1;
    %store/vec4 v0x7fee7b00c5f0_0, 0, 1;
    %pushi/vec4 0, 0, 1;
    %store/vec4 v0x7fee7b00cc40_0, 0, 1;
    %pushi/vec4 0, 0, 1;
    %store/vec4 v0x7fee7b00ce20_0, 0, 1;
    %jmp T_5.9;
T_5.7 ;
    %pushi/vec4 0, 0, 1;
    %store/vec4 v0x7fee7b00cbb0_0, 0, 1;
    %pushi/vec4 0, 0, 1;
    %store/vec4 v0x7fee7b00c7e0_0, 0, 1;
    %pushi/vec4 1, 0, 1;
    %store/vec4 v0x7fee7b00c8c0_0, 0, 1;
    %pushi/vec4 0, 0, 1;
    %store/vec4 v0x7fee7b00c960_0, 0, 1;
    %pushi/vec4 0, 0, 1;
    %store/vec4 v0x7fee7b00caa0_0, 0, 1;
    %pushi/vec4 1, 0, 2;
    %store/vec4 v0x7fee7b00c530_0, 0, 2;
    %pushi/vec4 0, 0, 1;
    %store/vec4 v0x7fee7b00ca00_0, 0, 1;
    %pushi/vec4 0, 0, 1;
    %store/vec4 v0x7fee7b00c5f0_0, 0, 1;
    %pushi/vec4 0, 0, 1;
    %store/vec4 v0x7fee7b00cc40_0, 0, 1;
    %pushi/vec4 0, 0, 1;
    %store/vec4 v0x7fee7b00ce20_0, 0, 1;
    %jmp T_5.9;
T_5.9 ;
    %pop/vec4 1;
    %jmp T_5;
    .thread T_5, $push;
    .scope S_0x7fee7b00c170;
T_6 ;
    %wait E_0x7fee7b00c4a0;
    %load/vec4 v0x7fee7b00c7e0_0;
    %load/vec4 v0x7fee7b00cce0_0;
    %and;
    %flag_set/vec4 8;
    %load/vec4 v0x7fee7b00c8c0_0;
    %load/vec4 v0x7fee7b00cce0_0;
    %inv;
    %and;
    %flag_set/vec4 9;
    %flag_or 9, 8;
    %jmp/0xz  T_6.0, 9;
    %pushi/vec4 1, 0, 1;
    %store/vec4 v0x7fee7b00c740_0, 0, 1;
    %jmp T_6.1;
T_6.0 ;
    %pushi/vec4 0, 0, 1;
    %store/vec4 v0x7fee7b00c740_0, 0, 1;
T_6.1 ;
    %load/vec4 v0x7fee7b00c7e0_0;
    %flag_set/vec4 8;
    %load/vec4 v0x7fee7b00c8c0_0;
    %flag_set/vec4 9;
    %flag_or 9, 8;
    %jmp/0xz  T_6.2, 9;
    %pushi/vec4 1, 0, 1;
    %store/vec4 v0x7fee7b00c690_0, 0, 1;
    %jmp T_6.3;
T_6.2 ;
    %pushi/vec4 0, 0, 1;
    %store/vec4 v0x7fee7b00c690_0, 0, 1;
T_6.3 ;
    %jmp T_6;
    .thread T_6, $push;
    .scope S_0x7fee7b00e620;
T_7 ;
    %pushi/vec4 0, 0, 32;
    %store/vec4 v0x7fee7b00e990_0, 0, 32;
    %pushi/vec4 0, 0, 32;
    %store/vec4 v0x7fee7b00ea60_0, 0, 32;
    %pushi/vec4 0, 0, 32;
    %store/vec4 v0x7fee7b00f7f0_0, 0, 32;
T_7.0 ;
    %load/vec4 v0x7fee7b00f7f0_0;
    %cmpi/s 32, 0, 32;
    %jmp/0xz T_7.1, 5;
    %pushi/vec4 0, 0, 32;
    %ix/getv/s 4, v0x7fee7b00f7f0_0;
    %store/vec4a v0x7fee7b00f8a0, 4, 0;
    %load/vec4 v0x7fee7b00f7f0_0;
    %addi 1, 0, 32;
    %store/vec4 v0x7fee7b00f7f0_0, 0, 32;
    %jmp T_7.0;
T_7.1 ;
    %end;
    .thread T_7;
    .scope S_0x7fee7b00e620;
T_8 ;
    %wait E_0x7fee7b00e960;
    %load/vec4 v0x7fee7b00eb10_0;
    %pad/u 7;
    %ix/vec4 4;
    %load/vec4a v0x7fee7b00f8a0, 4;
    %store/vec4 v0x7fee7b00e990_0, 0, 32;
    %load/vec4 v0x7fee7b00ebc0_0;
    %pad/u 7;
    %ix/vec4 4;
    %load/vec4a v0x7fee7b00f8a0, 4;
    %store/vec4 v0x7fee7b00ea60_0, 0, 32;
    %jmp T_8;
    .thread T_8, $push;
    .scope S_0x7fee7b00e620;
T_9 ;
    %wait E_0x7fee7b00e910;
    %load/vec4 v0x7fee7b00ee00_0;
    %flag_set/vec4 8;
    %jmp/0xz  T_9.0, 8;
    %load/vec4 v0x7fee7b00eea0_0;
    %load/vec4 v0x7fee7b00ef50_0;
    %pad/u 7;
    %ix/vec4 4;
    %store/vec4a v0x7fee7b00f8a0, 4, 0;
T_9.0 ;
    %jmp T_9;
    .thread T_9;
    .scope S_0x7fee7b00d350;
T_10 ;
    %pushi/vec4 0, 0, 32;
    %store/vec4 v0x7fee7b00d8d0_0, 0, 32;
    %end;
    .thread T_10;
    .scope S_0x7fee7b00d350;
T_11 ;
    %wait E_0x7fee7b00d6a0;
    %load/vec4 v0x7fee7b00d6f0_0;
    %flag_set/vec4 8;
    %jmp/0xz  T_11.0, 8;
    %load/vec4 v0x7fee7b00d840_0;
    %store/vec4 v0x7fee7b00d8d0_0, 0, 32;
    %jmp T_11.1;
T_11.0 ;
    %load/vec4 v0x7fee7b00d7a0_0;
    %store/vec4 v0x7fee7b00d8d0_0, 0, 32;
T_11.1 ;
    %jmp T_11;
    .thread T_11, $push;
    .scope S_0x7fee7b00d9a0;
T_12 ;
    %pushi/vec4 0, 0, 32;
    %store/vec4 v0x7fee7b00df10_0, 0, 32;
    %end;
    .thread T_12;
    .scope S_0x7fee7b00d9a0;
T_13 ;
    %wait E_0x7fee7b00dcd0;
    %load/vec4 v0x7fee7b00dd30_0;
    %flag_set/vec4 8;
    %jmp/0xz  T_13.0, 8;
    %load/vec4 v0x7fee7b00de80_0;
    %store/vec4 v0x7fee7b00df10_0, 0, 32;
    %jmp T_13.1;
T_13.0 ;
    %load/vec4 v0x7fee7b00dde0_0;
    %store/vec4 v0x7fee7b00df10_0, 0, 32;
T_13.1 ;
    %jmp T_13;
    .thread T_13, $push;
    .scope S_0x7fee7b00bc80;
T_14 ;
    %pushi/vec4 0, 0, 1;
    %store/vec4 v0x7fee7b00bf00_0, 0, 1;
    %end;
    .thread T_14;
    .scope S_0x7fee7b00bc80;
T_15 ;
    %wait E_0x7fee7b00beb0;
    %load/vec4 v0x7fee7b00bfb0_0;
    %load/vec4 v0x7fee7b00c060_0;
    %cmp/e;
    %jmp/0xz  T_15.0, 4;
    %pushi/vec4 1, 0, 1;
    %store/vec4 v0x7fee7b00bf00_0, 0, 1;
    %jmp T_15.1;
T_15.0 ;
    %pushi/vec4 0, 0, 1;
    %store/vec4 v0x7fee7b00bf00_0, 0, 1;
T_15.1 ;
    %jmp T_15;
    .thread T_15, $push;
    .scope S_0x7fee7b00fe60;
T_16 ;
    %pushi/vec4 0, 0, 32;
    %store/vec4 v0x7fee7b010240_0, 0, 32;
    %end;
    .thread T_16;
    .scope S_0x7fee7b00fe60;
T_17 ;
    %wait E_0x7fee7b010120;
    %load/vec4 v0x7fee7b010170_0;
    %muli 4, 0, 32;
    %store/vec4 v0x7fee7b010240_0, 0, 32;
    %jmp T_17;
    .thread T_17, $push;
    .scope S_0x7fee7a704780;
T_18 ;
    %pushi/vec4 0, 0, 32;
    %store/vec4 v0x7fee7b00bb70_0, 0, 32;
    %end;
    .thread T_18;
    .scope S_0x7fee7a704780;
T_19 ;
    %wait E_0x7fee7a704990;
    %load/vec4 v0x7fee7a7049e0_0;
    %load/vec4 v0x7fee7b00bab0_0;
    %add;
    %store/vec4 v0x7fee7b00bb70_0, 0, 32;
    %jmp T_19;
    .thread T_19, $push;
    .scope S_0x7fee7b00dfe0;
T_20 ;
    %pushi/vec4 0, 0, 32;
    %store/vec4 v0x7fee7b00e550_0, 0, 32;
    %end;
    .thread T_20;
    .scope S_0x7fee7b00dfe0;
T_21 ;
    %wait E_0x7fee7b00e310;
    %load/vec4 v0x7fee7b00e370_0;
    %flag_set/vec4 8;
    %jmp/0xz  T_21.0, 8;
    %load/vec4 v0x7fee7b00e4c0_0;
    %store/vec4 v0x7fee7b00e550_0, 0, 32;
    %jmp T_21.1;
T_21.0 ;
    %load/vec4 v0x7fee7b00e430_0;
    %store/vec4 v0x7fee7b00e550_0, 0, 32;
T_21.1 ;
    %jmp T_21;
    .thread T_21, $push;
    .scope S_0x7fee7a704170;
T_22 ;
    %pushi/vec4 0, 0, 1;
    %store/vec4 v0x7fee7b011010_0, 0, 1;
    %pushi/vec4 0, 0, 1;
    %store/vec4 v0x7fee7b010bf0_0, 0, 1;
    %pushi/vec4 0, 0, 1;
    %store/vec4 v0x7fee7b010970_0, 0, 1;
    %pushi/vec4 0, 0, 1;
    %store/vec4 v0x7fee7b010b50_0, 0, 1;
    %pushi/vec4 0, 0, 1;
    %store/vec4 v0x7fee7b010f80_0, 0, 1;
    %pushi/vec4 0, 0, 1;
    %store/vec4 v0x7fee7b010ab0_0, 0, 1;
    %pushi/vec4 0, 0, 2;
    %store/vec4 v0x7fee7b010860_0, 0, 2;
    %pushi/vec4 0, 0, 5;
    %store/vec4 v0x7fee7b0110a0_0, 0, 5;
    %pushi/vec4 0, 0, 5;
    %store/vec4 v0x7fee7b011150_0, 0, 5;
    %pushi/vec4 0, 0, 5;
    %store/vec4 v0x7fee7b010c90_0, 0, 5;
    %pushi/vec4 0, 0, 32;
    %store/vec4 v0x7fee7b010d40_0, 0, 32;
    %pushi/vec4 0, 0, 32;
    %store/vec4 v0x7fee7b010df0_0, 0, 32;
    %pushi/vec4 0, 0, 32;
    %store/vec4 v0x7fee7b010a00_0, 0, 32;
    %pushi/vec4 0, 0, 5;
    %store/vec4 v0x7fee7b010e80_0, 0, 5;
    %pushi/vec4 0, 0, 5;
    %store/vec4 v0x7fee7b011c30_0, 0, 5;
    %pushi/vec4 0, 0, 5;
    %store/vec4 v0x7fee7b011650_0, 0, 5;
    %end;
    .thread T_22;
    .scope S_0x7fee7a704170;
T_23 ;
    %wait E_0x7fee7a704740;
    %load/vec4 v0x7fee7b011ec0_0;
    %parti/s 5, 21, 6;
    %store/vec4 v0x7fee7b010e80_0, 0, 5;
    %load/vec4 v0x7fee7b011ec0_0;
    %parti/s 5, 16, 6;
    %store/vec4 v0x7fee7b011c30_0, 0, 5;
    %load/vec4 v0x7fee7b011ec0_0;
    %parti/s 5, 11, 5;
    %store/vec4 v0x7fee7b011650_0, 0, 5;
    %jmp T_23;
    .thread T_23, $push;
    .scope S_0x7fee7a704170;
T_24 ;
    %wait E_0x7fee7a704710;
    %load/vec4 v0x7fee7b0105e0_0;
    %inv;
    %flag_set/vec4 8;
    %jmp/0xz  T_24.0, 8;
    %load/vec4 v0x7fee7b011910_0;
    %assign/vec4 v0x7fee7b011010_0, 0;
    %load/vec4 v0x7fee7b011460_0;
    %assign/vec4 v0x7fee7b010bf0_0, 0;
    %load/vec4 v0x7fee7b010740_0;
    %assign/vec4 v0x7fee7b010970_0, 0;
    %load/vec4 v0x7fee7b0113d0_0;
    %assign/vec4 v0x7fee7b010b50_0, 0;
    %load/vec4 v0x7fee7b011880_0;
    %assign/vec4 v0x7fee7b010f80_0, 0;
    %load/vec4 v0x7fee7b011340_0;
    %assign/vec4 v0x7fee7b010ab0_0, 0;
    %load/vec4 v0x7fee7b0106b0_0;
    %assign/vec4 v0x7fee7b010860_0, 0;
    %jmp T_24.1;
T_24.0 ;
    %pushi/vec4 0, 0, 1;
    %assign/vec4 v0x7fee7b011010_0, 0;
    %pushi/vec4 0, 0, 1;
    %assign/vec4 v0x7fee7b010bf0_0, 0;
    %pushi/vec4 0, 0, 1;
    %assign/vec4 v0x7fee7b010970_0, 0;
    %pushi/vec4 0, 0, 1;
    %assign/vec4 v0x7fee7b010b50_0, 0;
    %pushi/vec4 0, 0, 1;
    %assign/vec4 v0x7fee7b010f80_0, 0;
    %pushi/vec4 0, 0, 1;
    %assign/vec4 v0x7fee7b010ab0_0, 0;
    %pushi/vec4 0, 0, 2;
    %assign/vec4 v0x7fee7b010860_0, 0;
T_24.1 ;
    %load/vec4 v0x7fee7b0117b0_0;
    %store/vec4 v0x7fee7b010df0_0, 0, 32;
    %load/vec4 v0x7fee7b0116e0_0;
    %store/vec4 v0x7fee7b010d40_0, 0, 32;
    %load/vec4 v0x7fee7b011d50_0;
    %store/vec4 v0x7fee7b010a00_0, 0, 32;
    %load/vec4 v0x7fee7b010e80_0;
    %store/vec4 v0x7fee7b0110a0_0, 0, 5;
    %load/vec4 v0x7fee7b011c30_0;
    %store/vec4 v0x7fee7b011150_0, 0, 5;
    %load/vec4 v0x7fee7b011650_0;
    %store/vec4 v0x7fee7b010c90_0, 0, 5;
    %jmp T_24;
    .thread T_24;
# The file index is used to find the file name in the following table.
:file_names 10;
    "N/A";
    "<interactive>";
    "IDStage.v";
    "./ALU_Adder.v";
    "./Comparator.v";
    "./Control.v";
    "./Sign_Extension.v";
    "./Mux_2_1.v";
    "./Register_File.v";
    "./Shifter.v";
