#! /usr/local/Cellar/icarus-verilog/10.3/bin/vvp
:ivl_version "10.3 (stable)" "(v10_3)";
:ivl_delay_selection "TYPICAL";
:vpi_time_precision + 0;
:vpi_module "system";
:vpi_module "vhdl_sys";
:vpi_module "v2005_math";
:vpi_module "va_math";
S_0x7fc1a4804360 .scope module, "IFStage" "IFStage" 2 6;
 .timescale 0 0;
    .port_info 0 /INPUT 32 "IDJumpTarget"
    .port_info 1 /INPUT 1 "IFIDFlush"
    .port_info 2 /INPUT 32 "IDNonJumpTarget"
    .port_info 3 /INPUT 1 "IDJump"
    .port_info 4 /OUTPUT 1 "IFPCPlus4Out"
    .port_info 5 /OUTPUT 32 "IFIDPCPlus4"
    .port_info 6 /OUTPUT 32 "IDInstr"
    .port_info 7 /INPUT 1 "IFIDWrite"
    .port_info 8 /INPUT 1 "IFPCWrite"
    .port_info 9 /INPUT 1 "clock"
v0x7fc1a4815a60_0 .net "CurrentPC", 31 0, v0x7fc1a4815890_0;  1 drivers
v0x7fc1a4815b10_0 .var "IDInstr", 31 0;
o0x7fc1a35321e8 .functor BUFZ 1, C4<z>; HiZ drive
v0x7fc1a4815bb0_0 .net "IDJump", 0 0, o0x7fc1a35321e8;  0 drivers
o0x7fc1a3532248 .functor BUFZ 32, C4<zzzzzzzzzzzzzzzzzzzzzzzzzzzzzzzz>; HiZ drive
v0x7fc1a4815c80_0 .net "IDJumpTarget", 31 0, o0x7fc1a3532248;  0 drivers
o0x7fc1a3532218 .functor BUFZ 32, C4<zzzzzzzzzzzzzzzzzzzzzzzzzzzzzzzz>; HiZ drive
v0x7fc1a4815d30_0 .net "IDNonJumpTarget", 31 0, o0x7fc1a3532218;  0 drivers
o0x7fc1a3532458 .functor BUFZ 1, C4<z>; HiZ drive
v0x7fc1a4815e00_0 .net "IFIDFlush", 0 0, o0x7fc1a3532458;  0 drivers
v0x7fc1a4815e90_0 .var "IFIDPCPlus4", 31 0;
o0x7fc1a35324b8 .functor BUFZ 1, C4<z>; HiZ drive
v0x7fc1a4815f20_0 .net "IFIDWrite", 0 0, o0x7fc1a35324b8;  0 drivers
v0x7fc1a4815fc0_0 .net "IFInstr", 31 0, v0x7fc1a4814cf0_0;  1 drivers
v0x7fc1a4816100_0 .net "IFPCPlus4", 31 0, v0x7fc1a4814900_0;  1 drivers
v0x7fc1a4816190_0 .net "IFPCPlus4Out", 0 0, L_0x7fc1a48164f0;  1 drivers
o0x7fc1a3532518 .functor BUFZ 1, C4<z>; HiZ drive
v0x7fc1a4816220_0 .net "IFPCWrite", 0 0, o0x7fc1a3532518;  0 drivers
v0x7fc1a48162b0_0 .net "NextPC", 31 0, v0x7fc1a48154c0_0;  1 drivers
o0x7fc1a3532368 .functor BUFZ 1, C4<z>; HiZ drive
v0x7fc1a4816380_0 .net "clock", 0 0, o0x7fc1a3532368;  0 drivers
L_0x7fc1a48164f0 .part v0x7fc1a4814900_0, 0, 1;
S_0x7fc1a48045b0 .scope module, "adder" "ALU_Adder" 2 21, 3 3 0, S_0x7fc1a4804360;
 .timescale 0 0;
    .port_info 0 /INPUT 32 "Operand1"
    .port_info 1 /INPUT 32 "Operand2"
    .port_info 2 /OUTPUT 32 "Result"
L_0x7fc1a3563008 .functor BUFT 1, C4<00000000000000000000000000000100>, C4<0>, C4<0>, C4<0>;
v0x7fc1a48047b0_0 .net "Operand1", 31 0, L_0x7fc1a3563008;  1 drivers
v0x7fc1a4814850_0 .net "Operand2", 31 0, v0x7fc1a4815890_0;  alias, 1 drivers
v0x7fc1a4814900_0 .var "Result", 31 0;
E_0x7fc1a4804260 .event edge, v0x7fc1a4814850_0, v0x7fc1a48047b0_0;
S_0x7fc1a4814a10 .scope module, "im" "Instruction_Memory" 2 22, 4 1 0, S_0x7fc1a4804360;
 .timescale 0 0;
    .port_info 0 /INPUT 32 "readAddr"
    .port_info 1 /OUTPUT 32 "instruction"
v0x7fc1a4814c30_0 .var/i "i", 31 0;
v0x7fc1a4814cf0_0 .var "instruction", 31 0;
v0x7fc1a4814da0 .array "memory", 255 0, 7 0;
v0x7fc1a4814e50_0 .net "readAddr", 31 0, v0x7fc1a4815890_0;  alias, 1 drivers
E_0x7fc1a4814c00 .event edge, v0x7fc1a4814850_0;
S_0x7fc1a4814f30 .scope module, "mux1" "Mux_2_1" 2 20, 5 1 0, S_0x7fc1a4804360;
 .timescale 0 0;
    .port_info 0 /INPUT 32 "dataIn0"
    .port_info 1 /INPUT 32 "dataIn1"
    .port_info 2 /INPUT 1 "Sel"
    .port_info 3 /OUTPUT 32 "dataOut"
P_0x7fc1a4815100 .param/l "dataWidth" 0 5 2, +C4<00000000000000000000000000100000>;
v0x7fc1a48152f0_0 .net "Sel", 0 0, o0x7fc1a35321e8;  alias, 0 drivers
v0x7fc1a4815390_0 .net "dataIn0", 31 0, o0x7fc1a3532218;  alias, 0 drivers
v0x7fc1a4815430_0 .net "dataIn1", 31 0, o0x7fc1a3532248;  alias, 0 drivers
v0x7fc1a48154c0_0 .var "dataOut", 31 0;
E_0x7fc1a48152a0 .event edge, v0x7fc1a4815430_0, v0x7fc1a4815390_0, v0x7fc1a48152f0_0;
S_0x7fc1a4815590 .scope module, "pc" "PC" 2 23, 6 1 0, S_0x7fc1a4804360;
 .timescale 0 0;
    .port_info 0 /INPUT 32 "nextInstrAddr"
    .port_info 1 /INPUT 1 "clock"
    .port_info 2 /OUTPUT 32 "currentInstrAddr"
v0x7fc1a48157e0_0 .net "clock", 0 0, o0x7fc1a3532368;  alias, 0 drivers
v0x7fc1a4815890_0 .var "currentInstrAddr", 31 0;
v0x7fc1a4815970_0 .net "nextInstrAddr", 31 0, v0x7fc1a48154c0_0;  alias, 1 drivers
E_0x7fc1a4815790 .event posedge, v0x7fc1a48157e0_0;
    .scope S_0x7fc1a4814f30;
T_0 ;
    %pushi/vec4 0, 0, 32;
    %store/vec4 v0x7fc1a48154c0_0, 0, 32;
    %end;
    .thread T_0;
    .scope S_0x7fc1a4814f30;
T_1 ;
    %wait E_0x7fc1a48152a0;
    %load/vec4 v0x7fc1a48152f0_0;
    %flag_set/vec4 8;
    %jmp/0xz  T_1.0, 8;
    %load/vec4 v0x7fc1a4815430_0;
    %store/vec4 v0x7fc1a48154c0_0, 0, 32;
    %jmp T_1.1;
T_1.0 ;
    %load/vec4 v0x7fc1a4815390_0;
    %store/vec4 v0x7fc1a48154c0_0, 0, 32;
T_1.1 ;
    %jmp T_1;
    .thread T_1, $push;
    .scope S_0x7fc1a48045b0;
T_2 ;
    %pushi/vec4 0, 0, 32;
    %store/vec4 v0x7fc1a4814900_0, 0, 32;
    %end;
    .thread T_2;
    .scope S_0x7fc1a48045b0;
T_3 ;
    %wait E_0x7fc1a4804260;
    %load/vec4 v0x7fc1a48047b0_0;
    %load/vec4 v0x7fc1a4814850_0;
    %add;
    %store/vec4 v0x7fc1a4814900_0, 0, 32;
    %jmp T_3;
    .thread T_3, $push;
    .scope S_0x7fc1a4814a10;
T_4 ;
    %pushi/vec4 0, 0, 32;
    %store/vec4 v0x7fc1a4814cf0_0, 0, 32;
    %pushi/vec4 0, 0, 32;
    %store/vec4 v0x7fc1a4814c30_0, 0, 32;
T_4.0 ;
    %load/vec4 v0x7fc1a4814c30_0;
    %cmpi/s 64, 0, 32;
    %jmp/0xz T_4.1, 5;
    %pushi/vec4 0, 0, 8;
    %load/vec4 v0x7fc1a4814c30_0;
    %pad/s 35;
    %pad/s 37;
    %muli 4, 0, 37;
    %pad/s 38;
    %pushi/vec4 3, 0, 3;
    %pad/s 38;
    %add;
    %ix/vec4/s 4;
    %store/vec4a v0x7fc1a4814da0, 4, 0;
    %pushi/vec4 0, 0, 8;
    %load/vec4 v0x7fc1a4814c30_0;
    %pad/s 35;
    %pad/s 37;
    %muli 4, 0, 37;
    %pad/s 38;
    %pushi/vec4 2, 0, 3;
    %pad/s 38;
    %add;
    %ix/vec4/s 4;
    %store/vec4a v0x7fc1a4814da0, 4, 0;
    %pushi/vec4 0, 0, 8;
    %load/vec4 v0x7fc1a4814c30_0;
    %pad/s 35;
    %pad/s 37;
    %muli 4, 0, 37;
    %pad/s 38;
    %pushi/vec4 1, 0, 2;
    %pad/s 38;
    %add;
    %ix/vec4/s 4;
    %store/vec4a v0x7fc1a4814da0, 4, 0;
    %pushi/vec4 0, 0, 8;
    %load/vec4 v0x7fc1a4814c30_0;
    %pad/s 35;
    %pad/s 37;
    %muli 4, 0, 37;
    %ix/vec4/s 4;
    %store/vec4a v0x7fc1a4814da0, 4, 0;
    %load/vec4 v0x7fc1a4814c30_0;
    %addi 1, 0, 32;
    %store/vec4 v0x7fc1a4814c30_0, 0, 32;
    %jmp T_4.0;
T_4.1 ;
    %vpi_call 4 21 "$readmemb", "InstructionMem_for_P2_Demo.txt", v0x7fc1a4814da0 {0 0 0};
    %pushi/vec4 0, 0, 32;
    %store/vec4 v0x7fc1a4814c30_0, 0, 32;
T_4.2 ;
    %load/vec4 v0x7fc1a4814c30_0;
    %cmpi/s 64, 0, 32;
    %jmp/0xz T_4.3, 5;
    %load/vec4 v0x7fc1a4814c30_0;
    %pad/s 35;
    %pad/s 37;
    %muli 4, 0, 37;
    %ix/vec4/s 4;
    %load/vec4a v0x7fc1a4814da0, 4;
    %load/vec4 v0x7fc1a4814c30_0;
    %pad/s 35;
    %pad/s 37;
    %muli 4, 0, 37;
    %pad/s 38;
    %pushi/vec4 1, 0, 2;
    %pad/s 38;
    %add;
    %ix/vec4/s 4;
    %load/vec4a v0x7fc1a4814da0, 4;
    %load/vec4 v0x7fc1a4814c30_0;
    %pad/s 35;
    %pad/s 37;
    %muli 4, 0, 37;
    %pad/s 38;
    %pushi/vec4 2, 0, 3;
    %pad/s 38;
    %add;
    %ix/vec4/s 4;
    %load/vec4a v0x7fc1a4814da0, 4;
    %load/vec4 v0x7fc1a4814c30_0;
    %pad/s 35;
    %pad/s 37;
    %muli 4, 0, 37;
    %pad/s 38;
    %pushi/vec4 3, 0, 3;
    %pad/s 38;
    %add;
    %ix/vec4/s 4;
    %load/vec4a v0x7fc1a4814da0, 4;
    %vpi_call 4 25 "$display", S<3,vec4,u8>, S<2,vec4,u8>, S<1,vec4,u8>, S<0,vec4,u8>, " " {4 0 0};
    %load/vec4 v0x7fc1a4814c30_0;
    %addi 1, 0, 32;
    %store/vec4 v0x7fc1a4814c30_0, 0, 32;
    %jmp T_4.2;
T_4.3 ;
    %end;
    .thread T_4;
    .scope S_0x7fc1a4814a10;
T_5 ;
    %wait E_0x7fc1a4814c00;
    %load/vec4 v0x7fc1a4814e50_0;
    %parti/s 30, 2, 3;
    %pad/u 33;
    %pad/u 35;
    %muli 4, 0, 35;
    %ix/vec4 4;
    %load/vec4a v0x7fc1a4814da0, 4;
    %load/vec4 v0x7fc1a4814e50_0;
    %parti/s 30, 2, 3;
    %pad/u 33;
    %pad/u 35;
    %muli 4, 0, 35;
    %pad/u 36;
    %pushi/vec4 1, 0, 2;
    %pad/s 36;
    %add;
    %ix/vec4 4;
    %load/vec4a v0x7fc1a4814da0, 4;
    %concat/vec4; draw_concat_vec4
    %load/vec4 v0x7fc1a4814e50_0;
    %parti/s 30, 2, 3;
    %pad/u 33;
    %pad/u 35;
    %muli 4, 0, 35;
    %pad/u 36;
    %pushi/vec4 2, 0, 3;
    %pad/s 36;
    %add;
    %ix/vec4 4;
    %load/vec4a v0x7fc1a4814da0, 4;
    %concat/vec4; draw_concat_vec4
    %load/vec4 v0x7fc1a4814e50_0;
    %parti/s 30, 2, 3;
    %pad/u 33;
    %pad/u 35;
    %muli 4, 0, 35;
    %pad/u 36;
    %pushi/vec4 3, 0, 3;
    %pad/s 36;
    %add;
    %ix/vec4 4;
    %load/vec4a v0x7fc1a4814da0, 4;
    %concat/vec4; draw_concat_vec4
    %store/vec4 v0x7fc1a4814cf0_0, 0, 32;
    %jmp T_5;
    .thread T_5, $push;
    .scope S_0x7fc1a4815590;
T_6 ;
    %pushi/vec4 0, 0, 32;
    %store/vec4 v0x7fc1a4815890_0, 0, 32;
    %end;
    .thread T_6;
    .scope S_0x7fc1a4815590;
T_7 ;
    %wait E_0x7fc1a4815790;
    %load/vec4 v0x7fc1a4815970_0;
    %store/vec4 v0x7fc1a4815890_0, 0, 32;
    %jmp T_7;
    .thread T_7;
    .scope S_0x7fc1a4804360;
T_8 ;
    %wait E_0x7fc1a4815790;
    %load/vec4 v0x7fc1a4815e00_0;
    %flag_set/vec4 8;
    %jmp/0xz  T_8.0, 8;
    %pushi/vec4 0, 0, 32;
    %store/vec4 v0x7fc1a4815e90_0, 0, 32;
    %pushi/vec4 0, 0, 32;
    %store/vec4 v0x7fc1a4815b10_0, 0, 32;
    %jmp T_8.1;
T_8.0 ;
    %load/vec4 v0x7fc1a4815f20_0;
    %flag_set/vec4 8;
    %jmp/0xz  T_8.2, 8;
    %load/vec4 v0x7fc1a4816100_0;
    %store/vec4 v0x7fc1a4815e90_0, 0, 32;
    %load/vec4 v0x7fc1a4815fc0_0;
    %store/vec4 v0x7fc1a4815b10_0, 0, 32;
T_8.2 ;
T_8.1 ;
    %jmp T_8;
    .thread T_8;
# The file index is used to find the file name in the following table.
:file_names 7;
    "N/A";
    "<interactive>";
    "IFStage.v";
    "./ALU_Adder.v";
    "./Instruction_Memory.v";
    "./Mux_2_1.v";
    "./PC.v";
