#! /usr/local/Cellar/icarus-verilog/10.3/bin/vvp
:ivl_version "10.3 (stable)" "(v10_3)";
:ivl_delay_selection "TYPICAL";
:vpi_time_precision + 0;
:vpi_module "system";
:vpi_module "vhdl_sys";
:vpi_module "v2005_math";
:vpi_module "va_math";
S_0x7fa6f8704180 .scope module, "Mux_3_1" "Mux_3_1" 2 1;
 .timescale 0 0;
    .port_info 0 /INPUT 32 "in00"
    .port_info 1 /INPUT 32 "in01"
    .port_info 2 /INPUT 32 "in10"
    .port_info 3 /INPUT 2 "sel"
    .port_info 4 /OUTPUT 32 "out"
P_0x7fa6f8705730 .param/l "dataWidth" 0 2 2, +C4<00000000000000000000000000100000>;
o0x7fa6f8532008 .functor BUFZ 32, C4<zzzzzzzzzzzzzzzzzzzzzzzzzzzzzzzz>; HiZ drive
v0x7fa6f8705ef0_0 .net "in00", 31 0, o0x7fa6f8532008;  0 drivers
o0x7fa6f8532038 .functor BUFZ 32, C4<zzzzzzzzzzzzzzzzzzzzzzzzzzzzzzzz>; HiZ drive
v0x7fa6f8715e50_0 .net "in01", 31 0, o0x7fa6f8532038;  0 drivers
o0x7fa6f8532068 .functor BUFZ 32, C4<zzzzzzzzzzzzzzzzzzzzzzzzzzzzzzzz>; HiZ drive
v0x7fa6f8715f00_0 .net "in10", 31 0, o0x7fa6f8532068;  0 drivers
v0x7fa6f8715fc0_0 .var "out", 31 0;
o0x7fa6f85320c8 .functor BUFZ 2, C4<zz>; HiZ drive
v0x7fa6f8716070_0 .net "sel", 1 0, o0x7fa6f85320c8;  0 drivers
E_0x7fa6f8704c70 .event edge, v0x7fa6f8716070_0, v0x7fa6f8715f00_0, v0x7fa6f8715e50_0, v0x7fa6f8705ef0_0;
    .scope S_0x7fa6f8704180;
T_0 ;
    %pushi/vec4 0, 0, 32;
    %store/vec4 v0x7fa6f8715fc0_0, 0, 32;
    %end;
    .thread T_0;
    .scope S_0x7fa6f8704180;
T_1 ;
    %wait E_0x7fa6f8704c70;
    %load/vec4 v0x7fa6f8716070_0;
    %cmpi/e 0, 0, 2;
    %jmp/0xz  T_1.0, 4;
    %load/vec4 v0x7fa6f8705ef0_0;
    %store/vec4 v0x7fa6f8715fc0_0, 0, 32;
    %jmp T_1.1;
T_1.0 ;
    %load/vec4 v0x7fa6f8716070_0;
    %cmpi/e 1, 0, 2;
    %jmp/0xz  T_1.2, 4;
    %load/vec4 v0x7fa6f8715e50_0;
    %store/vec4 v0x7fa6f8715fc0_0, 0, 32;
    %jmp T_1.3;
T_1.2 ;
    %load/vec4 v0x7fa6f8715f00_0;
    %store/vec4 v0x7fa6f8715fc0_0, 0, 32;
T_1.3 ;
T_1.1 ;
    %jmp T_1;
    .thread T_1, $push;
# The file index is used to find the file name in the following table.
:file_names 3;
    "N/A";
    "<interactive>";
    "Mux_3_1.v";
