#! /usr/local/Cellar/icarus-verilog/10.3/bin/vvp
:ivl_version "10.3 (stable)" "(v10_3)";
:ivl_delay_selection "TYPICAL";
:vpi_time_precision + 0;
:vpi_module "system";
:vpi_module "vhdl_sys";
:vpi_module "v2005_math";
:vpi_module "va_math";
S_0x7fd979f0d1a0 .scope module, "Register_File" "Register_File" 2 1;
 .timescale 0 0;
    .port_info 0 /INPUT 1 "clock"
    .port_info 1 /INPUT 1 "RegWrite"
    .port_info 2 /INPUT 5 "ReadReg1"
    .port_info 3 /INPUT 5 "ReadReg2"
    .port_info 4 /INPUT 5 "WriteReg"
    .port_info 5 /INPUT 32 "WriteData"
    .port_info 6 /OUTPUT 32 "ReadData1"
    .port_info 7 /OUTPUT 32 "ReadData2"
    .port_info 8 /INPUT 5 "RegFile_Address"
    .port_info 9 /OUTPUT 1 "RegOutOutOut"
v0x7fd979f0a5a0_0 .var "ReadData1", 31 0;
v0x7fd979f1d180_0 .var "ReadData2", 31 0;
o0x7fd97b832068 .functor BUFZ 5, C4<zzzzz>; HiZ drive
v0x7fd979f1d230_0 .net "ReadReg1", 4 0, o0x7fd97b832068;  0 drivers
o0x7fd97b832098 .functor BUFZ 5, C4<zzzzz>; HiZ drive
v0x7fd979f1d2f0_0 .net "ReadReg2", 4 0, o0x7fd97b832098;  0 drivers
o0x7fd97b8320c8 .functor BUFZ 5, C4<zzzzz>; HiZ drive
v0x7fd979f1d3a0_0 .net "RegFile_Address", 4 0, o0x7fd97b8320c8;  0 drivers
v0x7fd979f1d490_0 .net "RegOutOutOut", 0 0, L_0x7fd979f1e300;  1 drivers
o0x7fd97b832128 .functor BUFZ 1, C4<z>; HiZ drive
v0x7fd979f1d530_0 .net "RegWrite", 0 0, o0x7fd97b832128;  0 drivers
o0x7fd97b832158 .functor BUFZ 32, C4<zzzzzzzzzzzzzzzzzzzzzzzzzzzzzzzz>; HiZ drive
v0x7fd979f1d5d0_0 .net "WriteData", 31 0, o0x7fd97b832158;  0 drivers
o0x7fd97b832188 .functor BUFZ 5, C4<zzzzz>; HiZ drive
v0x7fd979f1d680_0 .net "WriteReg", 4 0, o0x7fd97b832188;  0 drivers
v0x7fd979f1d790_0 .net *"_s0", 31 0, L_0x7fd979f1e160;  1 drivers
v0x7fd979f1d840_0 .net *"_s11", 31 0, L_0x7fd979f1e3e0;  1 drivers
v0x7fd979f1d8f0_0 .net *"_s13", 6 0, L_0x7fd979f1e4c0;  1 drivers
L_0x7fd97b863050 .functor BUFT 1, C4<00>, C4<0>, C4<0>, C4<0>;
v0x7fd979f1d9a0_0 .net *"_s16", 1 0, L_0x7fd97b863050;  1 drivers
v0x7fd979f1da50_0 .net *"_s18", 31 0, L_0x7fd979f1e650;  1 drivers
v0x7fd979f1db00_0 .net *"_s2", 6 0, L_0x7fd979f1e200;  1 drivers
v0x7fd979f1dbb0_0 .net *"_s20", 6 0, L_0x7fd979f1e6f0;  1 drivers
L_0x7fd97b863098 .functor BUFT 1, C4<00>, C4<0>, C4<0>, C4<0>;
v0x7fd979f1dc60_0 .net *"_s23", 1 0, L_0x7fd97b863098;  1 drivers
L_0x7fd97b863008 .functor BUFT 1, C4<00>, C4<0>, C4<0>, C4<0>;
v0x7fd979f1ddf0_0 .net *"_s5", 1 0, L_0x7fd97b863008;  1 drivers
o0x7fd97b832368 .functor BUFZ 1, C4<z>; HiZ drive
v0x7fd979f1de80_0 .net "clock", 0 0, o0x7fd97b832368;  0 drivers
v0x7fd979f1df20_0 .var/i "i", 31 0;
v0x7fd979f1dfd0 .array "registerMem", 0 31, 31 0;
E_0x7fd979f05690 .event negedge, v0x7fd979f1de80_0;
E_0x7fd979f06160 .event edge, L_0x7fd979f1e650, L_0x7fd979f1e3e0, v0x7fd979f1d2f0_0, v0x7fd979f1d230_0;
L_0x7fd979f1e160 .array/port v0x7fd979f1dfd0, L_0x7fd979f1e200;
L_0x7fd979f1e200 .concat [ 5 2 0 0], o0x7fd97b8320c8, L_0x7fd97b863008;
L_0x7fd979f1e300 .part L_0x7fd979f1e160, 0, 1;
L_0x7fd979f1e3e0 .array/port v0x7fd979f1dfd0, L_0x7fd979f1e4c0;
L_0x7fd979f1e4c0 .concat [ 5 2 0 0], o0x7fd97b832068, L_0x7fd97b863050;
L_0x7fd979f1e650 .array/port v0x7fd979f1dfd0, L_0x7fd979f1e6f0;
L_0x7fd979f1e6f0 .concat [ 5 2 0 0], o0x7fd97b832098, L_0x7fd97b863098;
    .scope S_0x7fd979f0d1a0;
T_0 ;
    %pushi/vec4 0, 0, 32;
    %store/vec4 v0x7fd979f0a5a0_0, 0, 32;
    %pushi/vec4 0, 0, 32;
    %store/vec4 v0x7fd979f1d180_0, 0, 32;
    %pushi/vec4 0, 0, 32;
    %store/vec4 v0x7fd979f1df20_0, 0, 32;
T_0.0 ;
    %load/vec4 v0x7fd979f1df20_0;
    %cmpi/s 32, 0, 32;
    %jmp/0xz T_0.1, 5;
    %pushi/vec4 0, 0, 32;
    %ix/getv/s 4, v0x7fd979f1df20_0;
    %store/vec4a v0x7fd979f1dfd0, 4, 0;
    %load/vec4 v0x7fd979f1df20_0;
    %addi 1, 0, 32;
    %store/vec4 v0x7fd979f1df20_0, 0, 32;
    %jmp T_0.0;
T_0.1 ;
    %end;
    .thread T_0;
    .scope S_0x7fd979f0d1a0;
T_1 ;
    %wait E_0x7fd979f06160;
    %load/vec4 v0x7fd979f1d230_0;
    %pad/u 7;
    %ix/vec4 4;
    %load/vec4a v0x7fd979f1dfd0, 4;
    %store/vec4 v0x7fd979f0a5a0_0, 0, 32;
    %load/vec4 v0x7fd979f1d2f0_0;
    %pad/u 7;
    %ix/vec4 4;
    %load/vec4a v0x7fd979f1dfd0, 4;
    %store/vec4 v0x7fd979f1d180_0, 0, 32;
    %jmp T_1;
    .thread T_1, $push;
    .scope S_0x7fd979f0d1a0;
T_2 ;
    %wait E_0x7fd979f05690;
    %load/vec4 v0x7fd979f1d530_0;
    %flag_set/vec4 8;
    %jmp/0xz  T_2.0, 8;
    %load/vec4 v0x7fd979f1d5d0_0;
    %load/vec4 v0x7fd979f1d680_0;
    %pad/u 7;
    %ix/vec4 4;
    %store/vec4a v0x7fd979f1dfd0, 4, 0;
T_2.0 ;
    %jmp T_2;
    .thread T_2;
# The file index is used to find the file name in the following table.
:file_names 3;
    "N/A";
    "<interactive>";
    "Register_File.v";
