#! /usr/local/Cellar/icarus-verilog/10.3/bin/vvp
:ivl_version "10.3 (stable)" "(v10_3)";
:ivl_delay_selection "TYPICAL";
:vpi_time_precision + 0;
:vpi_module "system";
:vpi_module "vhdl_sys";
:vpi_module "v2005_math";
:vpi_module "va_math";
S_0x7fad7bf1bc70 .scope module, "ssd" "ssd" 2 1;
 .timescale 0 0;
    .port_info 0 /INPUT 4 "c"
    .port_info 1 /OUTPUT 11 "SSD_out"
L_0x7fad7bf35330 .functor NOT 1, L_0x7fad7bf35250, C4<0>, C4<0>, C4<0>;
L_0x7fad7bf354e0 .functor NOT 1, L_0x7fad7bf35400, C4<0>, C4<0>, C4<0>;
L_0x7fad7bf35590 .functor AND 1, L_0x7fad7bf35330, L_0x7fad7bf354e0, C4<1>, C4<1>;
L_0x7fad7bf35760 .functor NOT 1, L_0x7fad7bf356a0, C4<0>, C4<0>, C4<0>;
L_0x7fad7bf35830 .functor AND 1, L_0x7fad7bf35590, L_0x7fad7bf35760, C4<1>, C4<1>;
L_0x7fad7bf35a90 .functor AND 1, L_0x7fad7bf35830, L_0x7fad7bf35970, C4<1>, C4<1>;
L_0x7fad7bf35c10 .functor NOT 1, L_0x7fad7bf35b40, C4<0>, C4<0>, C4<0>;
L_0x7fad7bf35da0 .functor AND 1, L_0x7fad7bf35c10, L_0x7fad7bf35d00, C4<1>, C4<1>;
L_0x7fad7bf35f70 .functor NOT 1, L_0x7fad7bf35e90, C4<0>, C4<0>, C4<0>;
L_0x7fad7bf36070 .functor AND 1, L_0x7fad7bf35da0, L_0x7fad7bf35f70, C4<1>, C4<1>;
L_0x7fad7bf362c0 .functor NOT 1, L_0x7fad7bf36120, C4<0>, C4<0>, C4<0>;
L_0x7fad7bf36390 .functor AND 1, L_0x7fad7bf36070, L_0x7fad7bf362c0, C4<1>, C4<1>;
L_0x7fad7bf36400 .functor OR 1, L_0x7fad7bf35a90, L_0x7fad7bf36390, C4<0>, C4<0>;
L_0x7fad7bf366a0 .functor AND 1, L_0x7fad7bf36560, L_0x7fad7bf36600, C4<1>, C4<1>;
L_0x7fad7bf36830 .functor NOT 1, L_0x7fad7bf36790, C4<0>, C4<0>, C4<0>;
L_0x7fad7bf364f0 .functor AND 1, L_0x7fad7bf366a0, L_0x7fad7bf36830, C4<1>, C4<1>;
L_0x7fad7bf36aa0 .functor AND 1, L_0x7fad7bf364f0, L_0x7fad7bf36a00, C4<1>, C4<1>;
L_0x7fad7bf36bb0 .functor OR 1, L_0x7fad7bf36400, L_0x7fad7bf36aa0, C4<0>, C4<0>;
L_0x7fad7bf36e70 .functor NOT 1, L_0x7fad7bf36dd0, C4<0>, C4<0>, C4<0>;
L_0x7fad7bf36ee0 .functor AND 1, L_0x7fad7bf36cc0, L_0x7fad7bf36e70, C4<1>, C4<1>;
L_0x7fad7bf36d60 .functor AND 1, L_0x7fad7bf36ee0, L_0x7fad7bf36ff0, C4<1>, C4<1>;
L_0x7fad7bf361c0 .functor AND 1, L_0x7fad7bf36d60, L_0x7fad7bf368e0, C4<1>, C4<1>;
L_0x7fad7bf374a0 .functor OR 1, L_0x7fad7bf36bb0, L_0x7fad7bf361c0, C4<0>, C4<0>;
L_0x7fad7bf37090 .functor AND 1, L_0x7fad7bf37650, L_0x7fad7bf376f0, C4<1>, C4<1>;
L_0x7fad7bf37950 .functor NOT 1, L_0x7fad7bf37810, C4<0>, C4<0>, C4<0>;
L_0x7fad7bf371f0 .functor AND 1, L_0x7fad7bf37090, L_0x7fad7bf37950, C4<1>, C4<1>;
L_0x7fad7bf37ca0 .functor AND 1, L_0x7fad7bf37ab0, L_0x7fad7bf37b50, C4<1>, C4<1>;
L_0x7fad7bf379c0 .functor AND 1, L_0x7fad7bf37ca0, L_0x7fad7bf37df0, C4<1>, C4<1>;
L_0x7fad7bf37ed0 .functor OR 1, L_0x7fad7bf371f0, L_0x7fad7bf379c0, C4<0>, C4<0>;
L_0x7fad7bf37bf0 .functor AND 1, L_0x7fad7bf380b0, L_0x7fad7bf38150, C4<1>, C4<1>;
L_0x7fad7bf383a0 .functor AND 1, L_0x7fad7bf37bf0, L_0x7fad7bf38230, C4<1>, C4<1>;
L_0x7fad7bf38530 .functor OR 1, L_0x7fad7bf37ed0, L_0x7fad7bf383a0, C4<0>, C4<0>;
L_0x7fad7bf38720 .functor AND 1, L_0x7fad7bf38000, L_0x7fad7bf385a0, C4<1>, C4<1>;
L_0x7fad7bf384b0 .functor NOT 1, L_0x7fad7bf38410, C4<0>, C4<0>, C4<0>;
L_0x7fad7bf38920 .functor AND 1, L_0x7fad7bf38720, L_0x7fad7bf384b0, C4<1>, C4<1>;
L_0x7fad7bf387b0 .functor OR 1, L_0x7fad7bf38530, L_0x7fad7bf38920, C4<0>, C4<0>;
L_0x7fad7bf38cc0 .functor NOT 1, L_0x7fad7bf38b30, C4<0>, C4<0>, C4<0>;
L_0x7fad7bf38a10 .functor AND 1, L_0x7fad7bf38cc0, L_0x7fad7bf38680, C4<1>, C4<1>;
L_0x7fad7bf39000 .functor NOT 1, L_0x7fad7bf38e60, C4<0>, C4<0>, C4<0>;
L_0x7fad7bf38c10 .functor AND 1, L_0x7fad7bf38a10, L_0x7fad7bf39000, C4<1>, C4<1>;
L_0x7fad7bf37260 .functor AND 1, L_0x7fad7bf38c10, L_0x7fad7bf38db0, C4<1>, C4<1>;
L_0x7fad7bf37350 .functor OR 1, L_0x7fad7bf387b0, L_0x7fad7bf37260, C4<0>, C4<0>;
L_0x7fad7bf39370 .functor AND 1, L_0x7fad7bf391c0, L_0x7fad7bf38f00, C4<1>, C4<1>;
L_0x7fad7bf39110 .functor AND 1, L_0x7fad7bf39370, L_0x7fad7bf39070, C4<1>, C4<1>;
L_0x7fad7bf392e0 .functor AND 1, L_0x7fad7bf396a0, L_0x7fad7bf39740, C4<1>, C4<1>;
L_0x7fad7bf39420 .functor NOT 1, L_0x7fad7bf39600, C4<0>, C4<0>, C4<0>;
L_0x7fad7bf394d0 .functor AND 1, L_0x7fad7bf392e0, L_0x7fad7bf39420, C4<1>, C4<1>;
L_0x7fad7bf39910 .functor OR 1, L_0x7fad7bf39110, L_0x7fad7bf394d0, C4<0>, C4<0>;
L_0x7fad7bf39a00 .functor NOT 1, L_0x7fad7bf39c80, C4<0>, C4<0>, C4<0>;
L_0x7fad7bf39b00 .functor NOT 1, L_0x7fad7bf39820, C4<0>, C4<0>, C4<0>;
L_0x7fad7bf39b70 .functor AND 1, L_0x7fad7bf39a00, L_0x7fad7bf39b00, C4<1>, C4<1>;
L_0x7fad7bf39d20 .functor AND 1, L_0x7fad7bf39b70, L_0x7fad7bf3a000, C4<1>, C4<1>;
L_0x7fad7bf3a290 .functor NOT 1, L_0x7fad7bf3a1f0, C4<0>, C4<0>, C4<0>;
L_0x7fad7bf39e30 .functor AND 1, L_0x7fad7bf39d20, L_0x7fad7bf3a290, C4<1>, C4<1>;
L_0x7fad7bf39f40 .functor OR 1, L_0x7fad7bf39910, L_0x7fad7bf39e30, C4<0>, C4<0>;
L_0x7fad7bf3a480 .functor AND 1, L_0x7fad7bf3a340, L_0x7fad7bf3a3e0, C4<1>, C4<1>;
L_0x7fad7bf3a160 .functor AND 1, L_0x7fad7bf3a480, L_0x7fad7bf3a850, C4<1>, C4<1>;
L_0x7fad7bf3a530 .functor NOT 1, L_0x7fad7bf3a770, C4<0>, C4<0>, C4<0>;
L_0x7fad7bf3a640 .functor NOT 1, L_0x7fad7bf3a5a0, C4<0>, C4<0>, C4<0>;
L_0x7fad7bf3a930 .functor AND 1, L_0x7fad7bf3a530, L_0x7fad7bf3a640, C4<1>, C4<1>;
L_0x7fad7bf3aac0 .functor NOT 1, L_0x7fad7bf3aa20, C4<0>, C4<0>, C4<0>;
L_0x7fad7bf3ab70 .functor AND 1, L_0x7fad7bf3a930, L_0x7fad7bf3aac0, C4<1>, C4<1>;
L_0x7fad7bf3ac00 .functor AND 1, L_0x7fad7bf3ab70, L_0x7fad7bf3b020, C4<1>, C4<1>;
L_0x7fad7bf3ad10 .functor OR 1, L_0x7fad7bf3a160, L_0x7fad7bf3ac00, C4<0>, C4<0>;
L_0x7fad7bf3aea0 .functor NOT 1, L_0x7fad7bf3ae00, C4<0>, C4<0>, C4<0>;
L_0x7fad7bf3b0c0 .functor AND 1, L_0x7fad7bf3aea0, L_0x7fad7bf3b460, C4<1>, C4<1>;
L_0x7fad7bf3b6a0 .functor NOT 1, L_0x7fad7bf3b1b0, C4<0>, C4<0>, C4<0>;
L_0x7fad7bf3b250 .functor AND 1, L_0x7fad7bf3b0c0, L_0x7fad7bf3b6a0, C4<1>, C4<1>;
L_0x7fad7bf3b500 .functor NOT 1, L_0x7fad7bf3b360, C4<0>, C4<0>, C4<0>;
L_0x7fad7bf3b570 .functor AND 1, L_0x7fad7bf3b250, L_0x7fad7bf3b500, C4<1>, C4<1>;
L_0x7fad7bf3b750 .functor OR 1, L_0x7fad7bf3ad10, L_0x7fad7bf3b570, C4<0>, C4<0>;
L_0x7fad7bf3b940 .functor NOT 1, L_0x7fad7bf3b8a0, C4<0>, C4<0>, C4<0>;
L_0x7fad7bf3ba10 .functor AND 1, L_0x7fad7bf3b800, L_0x7fad7bf3b940, C4<1>, C4<1>;
L_0x7fad7bf3bbc0 .functor AND 1, L_0x7fad7bf3ba10, L_0x7fad7bf3bb20, C4<1>, C4<1>;
L_0x7fad7bf3bcd0 .functor NOT 1, L_0x7fad7bf3c170, C4<0>, C4<0>, C4<0>;
L_0x7fad7bf3bd80 .functor AND 1, L_0x7fad7bf3bbc0, L_0x7fad7bf3bcd0, C4<1>, C4<1>;
L_0x7fad7bf3be90 .functor OR 1, L_0x7fad7bf3b750, L_0x7fad7bf3bd80, C4<0>, C4<0>;
L_0x7fad7bf3c020 .functor NOT 1, L_0x7fad7bf3bf80, C4<0>, C4<0>, C4<0>;
L_0x7fad7bf3c210 .functor AND 1, L_0x7fad7bf3c020, L_0x7fad7bf3c0d0, C4<1>, C4<1>;
L_0x7fad7bf3c3e0 .functor NOT 1, L_0x7fad7bf3c340, C4<0>, C4<0>, C4<0>;
L_0x7fad7bf3c530 .functor AND 1, L_0x7fad7bf3c3e0, L_0x7fad7bf3c490, C4<1>, C4<1>;
L_0x7fad7bf3c700 .functor NOT 1, L_0x7fad7bf3c660, C4<0>, C4<0>, C4<0>;
L_0x7fad7bf3c7b0 .functor AND 1, L_0x7fad7bf3c530, L_0x7fad7bf3c700, C4<1>, C4<1>;
L_0x7fad7bf3c8c0 .functor OR 1, L_0x7fad7bf3c210, L_0x7fad7bf3c7b0, C4<0>, C4<0>;
L_0x7fad7bf3ca50 .functor NOT 1, L_0x7fad7bf3c9b0, C4<0>, C4<0>, C4<0>;
L_0x7fad7bf3cba0 .functor NOT 1, L_0x7fad7bf3cb00, C4<0>, C4<0>, C4<0>;
L_0x7fad7bf3cc70 .functor AND 1, L_0x7fad7bf3ca50, L_0x7fad7bf3cba0, C4<1>, C4<1>;
L_0x7fad7bf3ce20 .functor AND 1, L_0x7fad7bf3cc70, L_0x7fad7bf3cd80, C4<1>, C4<1>;
L_0x7fad7bf3cf30 .functor OR 1, L_0x7fad7bf3c8c0, L_0x7fad7bf3ce20, C4<0>, C4<0>;
L_0x7fad7bf3d0c0 .functor NOT 1, L_0x7fad7bf3d020, C4<0>, C4<0>, C4<0>;
L_0x7fad7bf3d210 .functor AND 1, L_0x7fad7bf3d0c0, L_0x7fad7bf3d170, C4<1>, C4<1>;
L_0x7fad7bf3d3e0 .functor AND 1, L_0x7fad7bf3d210, L_0x7fad7bf3d340, C4<1>, C4<1>;
L_0x7fad7bf3d7c0 .functor NOT 1, L_0x7fad7bf3d4f0, C4<0>, C4<0>, C4<0>;
L_0x7fad7bf3d910 .functor NOT 1, L_0x7fad7bf3d870, C4<0>, C4<0>, C4<0>;
L_0x7fad7bf3d9e0 .functor AND 1, L_0x7fad7bf3d7c0, L_0x7fad7bf3d910, C4<1>, C4<1>;
L_0x7fad7bf3d590 .functor AND 1, L_0x7fad7bf3d9e0, L_0x7fad7bf3de00, C4<1>, C4<1>;
L_0x7fad7bf3d6a0 .functor OR 1, L_0x7fad7bf3d3e0, L_0x7fad7bf3d590, C4<0>, C4<0>;
L_0x7fad7bf3db90 .functor NOT 1, L_0x7fad7bf3daf0, C4<0>, C4<0>, C4<0>;
L_0x7fad7bf3dce0 .functor NOT 1, L_0x7fad7bf3dc40, C4<0>, C4<0>, C4<0>;
L_0x7fad7bf3dd90 .functor AND 1, L_0x7fad7bf3db90, L_0x7fad7bf3dce0, C4<1>, C4<1>;
L_0x7fad7bf3dfe0 .functor AND 1, L_0x7fad7bf3dd90, L_0x7fad7bf3df40, C4<1>, C4<1>;
L_0x7fad7bf3e0f0 .functor OR 1, L_0x7fad7bf3d6a0, L_0x7fad7bf3dfe0, C4<0>, C4<0>;
L_0x7fad7bf3e320 .functor AND 1, L_0x7fad7bf3e1e0, L_0x7fad7bf3e280, C4<1>, C4<1>;
L_0x7fad7bf3e760 .functor NOT 1, L_0x7fad7bf3e450, C4<0>, C4<0>, C4<0>;
L_0x7fad7bf3e810 .functor AND 1, L_0x7fad7bf3e320, L_0x7fad7bf3e760, C4<1>, C4<1>;
L_0x7fad7bf3e9c0 .functor AND 1, L_0x7fad7bf3e810, L_0x7fad7bf3e920, C4<1>, C4<1>;
L_0x7fad7bf3ead0 .functor OR 1, L_0x7fad7bf3e0f0, L_0x7fad7bf3e9c0, C4<0>, C4<0>;
L_0x7fad7bf3e590 .functor NOT 1, L_0x7fad7bf3e4f0, C4<0>, C4<0>, C4<0>;
L_0x7fad7bf3e6e0 .functor NOT 1, L_0x7fad7bf3e640, C4<0>, C4<0>, C4<0>;
L_0x7fad7bf3ebc0 .functor AND 1, L_0x7fad7bf3e590, L_0x7fad7bf3e6e0, C4<1>, C4<1>;
L_0x7fad7bf3ed50 .functor NOT 1, L_0x7fad7bf3ecb0, C4<0>, C4<0>, C4<0>;
L_0x7fad7bf3ee00 .functor AND 1, L_0x7fad7bf3ebc0, L_0x7fad7bf3ed50, C4<1>, C4<1>;
L_0x7fad7bf3f270 .functor NOT 1, L_0x7fad7bf3f8c0, C4<0>, C4<0>, C4<0>;
L_0x7fad7bf3f380 .functor AND 1, L_0x7fad7bf3f270, L_0x7fad7bf3f2e0, C4<1>, C4<1>;
L_0x7fad7bf3f470 .functor AND 1, L_0x7fad7bf3f380, L_0x7fad7bf3f540, C4<1>, C4<1>;
L_0x7fad7bf3fa80 .functor AND 1, L_0x7fad7bf3f470, L_0x7fad7bf3f9e0, C4<1>, C4<1>;
L_0x7fad7bf3fb70 .functor OR 1, L_0x7fad7bf3ee00, L_0x7fad7bf3fa80, C4<0>, C4<0>;
L_0x7fad7bf3f680 .functor AND 1, L_0x7fad7bf3fc00, L_0x7fad7bf3f5e0, C4<1>, C4<1>;
L_0x7fad7bf3f7d0 .functor NOT 1, L_0x7fad7bf3f730, C4<0>, C4<0>, C4<0>;
L_0x7fad7bf3fca0 .functor AND 1, L_0x7fad7bf3f680, L_0x7fad7bf3f7d0, C4<1>, C4<1>;
L_0x7fad7bf3fe30 .functor NOT 1, L_0x7fad7bf3fd90, C4<0>, C4<0>, C4<0>;
L_0x7fad7bf3fee0 .functor AND 1, L_0x7fad7bf3fca0, L_0x7fad7bf3fe30, C4<1>, C4<1>;
L_0x7fad7bf400c0 .functor OR 1, L_0x7fad7bf3fb70, L_0x7fad7bf3fee0, C4<0>, C4<0>;
v0x7fad7bf1bdd0_0 .net "SSD_out", 10 0, L_0x7fad7bf3ef30;  1 drivers
L_0x7fad7be63098 .functor BUFT 1, C4<1>, C4<0>, C4<0>, C4<0>;
v0x7fad7bf2bc80_0 .net/2s *"_s10", 0 0, L_0x7fad7be63098;  1 drivers
v0x7fad7bf2bd20_0 .net *"_s101", 0 0, L_0x7fad7bf376f0;  1 drivers
v0x7fad7bf2bdd0_0 .net *"_s102", 0 0, L_0x7fad7bf37090;  1 drivers
v0x7fad7bf2be80_0 .net *"_s105", 0 0, L_0x7fad7bf37810;  1 drivers
v0x7fad7bf2bf70_0 .net *"_s106", 0 0, L_0x7fad7bf37950;  1 drivers
v0x7fad7bf2c020_0 .net *"_s108", 0 0, L_0x7fad7bf371f0;  1 drivers
v0x7fad7bf2c0d0_0 .net *"_s111", 0 0, L_0x7fad7bf37ab0;  1 drivers
v0x7fad7bf2c180_0 .net *"_s113", 0 0, L_0x7fad7bf37b50;  1 drivers
v0x7fad7bf2c290_0 .net *"_s114", 0 0, L_0x7fad7bf37ca0;  1 drivers
v0x7fad7bf2c340_0 .net *"_s117", 0 0, L_0x7fad7bf37df0;  1 drivers
v0x7fad7bf2c3f0_0 .net *"_s118", 0 0, L_0x7fad7bf379c0;  1 drivers
v0x7fad7bf2c4a0_0 .net *"_s120", 0 0, L_0x7fad7bf37ed0;  1 drivers
v0x7fad7bf2c550_0 .net *"_s123", 0 0, L_0x7fad7bf380b0;  1 drivers
v0x7fad7bf2c600_0 .net *"_s125", 0 0, L_0x7fad7bf38150;  1 drivers
v0x7fad7bf2c6b0_0 .net *"_s126", 0 0, L_0x7fad7bf37bf0;  1 drivers
v0x7fad7bf2c760_0 .net *"_s129", 0 0, L_0x7fad7bf38230;  1 drivers
v0x7fad7bf2c8f0_0 .net *"_s130", 0 0, L_0x7fad7bf383a0;  1 drivers
v0x7fad7bf2c980_0 .net *"_s132", 0 0, L_0x7fad7bf38530;  1 drivers
v0x7fad7bf2ca30_0 .net *"_s135", 0 0, L_0x7fad7bf38000;  1 drivers
v0x7fad7bf2cae0_0 .net *"_s137", 0 0, L_0x7fad7bf385a0;  1 drivers
v0x7fad7bf2cb90_0 .net *"_s138", 0 0, L_0x7fad7bf38720;  1 drivers
L_0x7fad7be630e0 .functor BUFT 1, C4<1>, C4<0>, C4<0>, C4<0>;
v0x7fad7bf2cc40_0 .net/2s *"_s14", 0 0, L_0x7fad7be630e0;  1 drivers
v0x7fad7bf2ccf0_0 .net *"_s141", 0 0, L_0x7fad7bf38410;  1 drivers
v0x7fad7bf2cda0_0 .net *"_s142", 0 0, L_0x7fad7bf384b0;  1 drivers
v0x7fad7bf2ce50_0 .net *"_s144", 0 0, L_0x7fad7bf38920;  1 drivers
v0x7fad7bf2cf00_0 .net *"_s146", 0 0, L_0x7fad7bf387b0;  1 drivers
v0x7fad7bf2cfb0_0 .net *"_s149", 0 0, L_0x7fad7bf38b30;  1 drivers
v0x7fad7bf2d060_0 .net *"_s150", 0 0, L_0x7fad7bf38cc0;  1 drivers
v0x7fad7bf2d110_0 .net *"_s153", 0 0, L_0x7fad7bf38680;  1 drivers
v0x7fad7bf2d1c0_0 .net *"_s154", 0 0, L_0x7fad7bf38a10;  1 drivers
v0x7fad7bf2d270_0 .net *"_s157", 0 0, L_0x7fad7bf38e60;  1 drivers
v0x7fad7bf2d320_0 .net *"_s158", 0 0, L_0x7fad7bf39000;  1 drivers
v0x7fad7bf2c810_0 .net *"_s160", 0 0, L_0x7fad7bf38c10;  1 drivers
v0x7fad7bf2d5b0_0 .net *"_s163", 0 0, L_0x7fad7bf38db0;  1 drivers
v0x7fad7bf2d640_0 .net *"_s164", 0 0, L_0x7fad7bf37260;  1 drivers
v0x7fad7bf2d6e0_0 .net *"_s166", 0 0, L_0x7fad7bf37350;  1 drivers
v0x7fad7bf2d790_0 .net *"_s171", 0 0, L_0x7fad7bf391c0;  1 drivers
v0x7fad7bf2d840_0 .net *"_s173", 0 0, L_0x7fad7bf38f00;  1 drivers
v0x7fad7bf2d8f0_0 .net *"_s174", 0 0, L_0x7fad7bf39370;  1 drivers
v0x7fad7bf2d9a0_0 .net *"_s177", 0 0, L_0x7fad7bf39070;  1 drivers
v0x7fad7bf2da50_0 .net *"_s178", 0 0, L_0x7fad7bf39110;  1 drivers
v0x7fad7bf2db00_0 .net *"_s181", 0 0, L_0x7fad7bf396a0;  1 drivers
v0x7fad7bf2dbb0_0 .net *"_s183", 0 0, L_0x7fad7bf39740;  1 drivers
v0x7fad7bf2dc60_0 .net *"_s184", 0 0, L_0x7fad7bf392e0;  1 drivers
v0x7fad7bf2dd10_0 .net *"_s187", 0 0, L_0x7fad7bf39600;  1 drivers
v0x7fad7bf2ddc0_0 .net *"_s188", 0 0, L_0x7fad7bf39420;  1 drivers
v0x7fad7bf2de70_0 .net *"_s19", 0 0, L_0x7fad7bf35250;  1 drivers
v0x7fad7bf2df20_0 .net *"_s190", 0 0, L_0x7fad7bf394d0;  1 drivers
v0x7fad7bf2dfd0_0 .net *"_s192", 0 0, L_0x7fad7bf39910;  1 drivers
v0x7fad7bf2e080_0 .net *"_s195", 0 0, L_0x7fad7bf39c80;  1 drivers
v0x7fad7bf2e130_0 .net *"_s196", 0 0, L_0x7fad7bf39a00;  1 drivers
v0x7fad7bf2e1e0_0 .net *"_s199", 0 0, L_0x7fad7bf39820;  1 drivers
L_0x7fad7be63008 .functor BUFT 1, C4<0>, C4<0>, C4<0>, C4<0>;
v0x7fad7bf2e290_0 .net/2s *"_s2", 0 0, L_0x7fad7be63008;  1 drivers
v0x7fad7bf2e340_0 .net *"_s20", 0 0, L_0x7fad7bf35330;  1 drivers
v0x7fad7bf2e3f0_0 .net *"_s200", 0 0, L_0x7fad7bf39b00;  1 drivers
v0x7fad7bf2e4a0_0 .net *"_s202", 0 0, L_0x7fad7bf39b70;  1 drivers
v0x7fad7bf2e550_0 .net *"_s205", 0 0, L_0x7fad7bf3a000;  1 drivers
v0x7fad7bf2e600_0 .net *"_s206", 0 0, L_0x7fad7bf39d20;  1 drivers
v0x7fad7bf2e6b0_0 .net *"_s209", 0 0, L_0x7fad7bf3a1f0;  1 drivers
v0x7fad7bf2e760_0 .net *"_s210", 0 0, L_0x7fad7bf3a290;  1 drivers
v0x7fad7bf2e810_0 .net *"_s212", 0 0, L_0x7fad7bf39e30;  1 drivers
v0x7fad7bf2e8c0_0 .net *"_s214", 0 0, L_0x7fad7bf39f40;  1 drivers
v0x7fad7bf2e970_0 .net *"_s219", 0 0, L_0x7fad7bf3a340;  1 drivers
v0x7fad7bf2ea20_0 .net *"_s221", 0 0, L_0x7fad7bf3a3e0;  1 drivers
v0x7fad7bf2d3d0_0 .net *"_s222", 0 0, L_0x7fad7bf3a480;  1 drivers
v0x7fad7bf2d480_0 .net *"_s225", 0 0, L_0x7fad7bf3a850;  1 drivers
v0x7fad7bf2eab0_0 .net *"_s226", 0 0, L_0x7fad7bf3a160;  1 drivers
v0x7fad7bf2eb40_0 .net *"_s229", 0 0, L_0x7fad7bf3a770;  1 drivers
v0x7fad7bf2ebd0_0 .net *"_s23", 0 0, L_0x7fad7bf35400;  1 drivers
v0x7fad7bf2ec60_0 .net *"_s230", 0 0, L_0x7fad7bf3a530;  1 drivers
v0x7fad7bf2ecf0_0 .net *"_s233", 0 0, L_0x7fad7bf3a5a0;  1 drivers
v0x7fad7bf2eda0_0 .net *"_s234", 0 0, L_0x7fad7bf3a640;  1 drivers
v0x7fad7bf2ee50_0 .net *"_s236", 0 0, L_0x7fad7bf3a930;  1 drivers
v0x7fad7bf2ef00_0 .net *"_s239", 0 0, L_0x7fad7bf3aa20;  1 drivers
v0x7fad7bf2efb0_0 .net *"_s24", 0 0, L_0x7fad7bf354e0;  1 drivers
v0x7fad7bf2f060_0 .net *"_s240", 0 0, L_0x7fad7bf3aac0;  1 drivers
v0x7fad7bf2f110_0 .net *"_s242", 0 0, L_0x7fad7bf3ab70;  1 drivers
v0x7fad7bf2f1c0_0 .net *"_s245", 0 0, L_0x7fad7bf3b020;  1 drivers
v0x7fad7bf2f270_0 .net *"_s246", 0 0, L_0x7fad7bf3ac00;  1 drivers
v0x7fad7bf2f320_0 .net *"_s248", 0 0, L_0x7fad7bf3ad10;  1 drivers
v0x7fad7bf2f3d0_0 .net *"_s251", 0 0, L_0x7fad7bf3ae00;  1 drivers
v0x7fad7bf2f480_0 .net *"_s252", 0 0, L_0x7fad7bf3aea0;  1 drivers
v0x7fad7bf2f530_0 .net *"_s255", 0 0, L_0x7fad7bf3b460;  1 drivers
v0x7fad7bf2f5e0_0 .net *"_s256", 0 0, L_0x7fad7bf3b0c0;  1 drivers
v0x7fad7bf2f690_0 .net *"_s259", 0 0, L_0x7fad7bf3b1b0;  1 drivers
v0x7fad7bf2f740_0 .net *"_s26", 0 0, L_0x7fad7bf35590;  1 drivers
v0x7fad7bf2f7f0_0 .net *"_s260", 0 0, L_0x7fad7bf3b6a0;  1 drivers
v0x7fad7bf2f8a0_0 .net *"_s262", 0 0, L_0x7fad7bf3b250;  1 drivers
v0x7fad7bf2f950_0 .net *"_s265", 0 0, L_0x7fad7bf3b360;  1 drivers
v0x7fad7bf2fa00_0 .net *"_s266", 0 0, L_0x7fad7bf3b500;  1 drivers
v0x7fad7bf2fab0_0 .net *"_s268", 0 0, L_0x7fad7bf3b570;  1 drivers
v0x7fad7bf2fb60_0 .net *"_s270", 0 0, L_0x7fad7bf3b750;  1 drivers
v0x7fad7bf2fc10_0 .net *"_s273", 0 0, L_0x7fad7bf3b800;  1 drivers
v0x7fad7bf2fcc0_0 .net *"_s275", 0 0, L_0x7fad7bf3b8a0;  1 drivers
v0x7fad7bf2fd70_0 .net *"_s276", 0 0, L_0x7fad7bf3b940;  1 drivers
v0x7fad7bf2fe20_0 .net *"_s278", 0 0, L_0x7fad7bf3ba10;  1 drivers
v0x7fad7bf2fed0_0 .net *"_s281", 0 0, L_0x7fad7bf3bb20;  1 drivers
v0x7fad7bf2ff80_0 .net *"_s282", 0 0, L_0x7fad7bf3bbc0;  1 drivers
v0x7fad7bf30030_0 .net *"_s285", 0 0, L_0x7fad7bf3c170;  1 drivers
v0x7fad7bf300e0_0 .net *"_s286", 0 0, L_0x7fad7bf3bcd0;  1 drivers
v0x7fad7bf30190_0 .net *"_s288", 0 0, L_0x7fad7bf3bd80;  1 drivers
v0x7fad7bf30240_0 .net *"_s29", 0 0, L_0x7fad7bf356a0;  1 drivers
v0x7fad7bf302f0_0 .net *"_s290", 0 0, L_0x7fad7bf3be90;  1 drivers
v0x7fad7bf303a0_0 .net *"_s295", 0 0, L_0x7fad7bf3bf80;  1 drivers
v0x7fad7bf30450_0 .net *"_s296", 0 0, L_0x7fad7bf3c020;  1 drivers
v0x7fad7bf30500_0 .net *"_s299", 0 0, L_0x7fad7bf3c0d0;  1 drivers
v0x7fad7bf305b0_0 .net *"_s30", 0 0, L_0x7fad7bf35760;  1 drivers
v0x7fad7bf30660_0 .net *"_s300", 0 0, L_0x7fad7bf3c210;  1 drivers
v0x7fad7bf30710_0 .net *"_s303", 0 0, L_0x7fad7bf3c340;  1 drivers
v0x7fad7bf307c0_0 .net *"_s304", 0 0, L_0x7fad7bf3c3e0;  1 drivers
v0x7fad7bf30870_0 .net *"_s307", 0 0, L_0x7fad7bf3c490;  1 drivers
v0x7fad7bf30920_0 .net *"_s308", 0 0, L_0x7fad7bf3c530;  1 drivers
v0x7fad7bf309d0_0 .net *"_s311", 0 0, L_0x7fad7bf3c660;  1 drivers
v0x7fad7bf30a80_0 .net *"_s312", 0 0, L_0x7fad7bf3c700;  1 drivers
v0x7fad7bf30b30_0 .net *"_s314", 0 0, L_0x7fad7bf3c7b0;  1 drivers
v0x7fad7bf30be0_0 .net *"_s316", 0 0, L_0x7fad7bf3c8c0;  1 drivers
v0x7fad7bf30c90_0 .net *"_s319", 0 0, L_0x7fad7bf3c9b0;  1 drivers
v0x7fad7bf30d40_0 .net *"_s32", 0 0, L_0x7fad7bf35830;  1 drivers
v0x7fad7bf30df0_0 .net *"_s320", 0 0, L_0x7fad7bf3ca50;  1 drivers
v0x7fad7bf30ea0_0 .net *"_s323", 0 0, L_0x7fad7bf3cb00;  1 drivers
v0x7fad7bf30f50_0 .net *"_s324", 0 0, L_0x7fad7bf3cba0;  1 drivers
v0x7fad7bf31000_0 .net *"_s326", 0 0, L_0x7fad7bf3cc70;  1 drivers
v0x7fad7bf310b0_0 .net *"_s329", 0 0, L_0x7fad7bf3cd80;  1 drivers
v0x7fad7bf31160_0 .net *"_s330", 0 0, L_0x7fad7bf3ce20;  1 drivers
v0x7fad7bf31210_0 .net *"_s332", 0 0, L_0x7fad7bf3cf30;  1 drivers
v0x7fad7bf312c0_0 .net *"_s337", 0 0, L_0x7fad7bf3d020;  1 drivers
v0x7fad7bf31370_0 .net *"_s338", 0 0, L_0x7fad7bf3d0c0;  1 drivers
v0x7fad7bf31420_0 .net *"_s341", 0 0, L_0x7fad7bf3d170;  1 drivers
v0x7fad7bf314d0_0 .net *"_s342", 0 0, L_0x7fad7bf3d210;  1 drivers
v0x7fad7bf31580_0 .net *"_s345", 0 0, L_0x7fad7bf3d340;  1 drivers
v0x7fad7bf31630_0 .net *"_s346", 0 0, L_0x7fad7bf3d3e0;  1 drivers
v0x7fad7bf316e0_0 .net *"_s349", 0 0, L_0x7fad7bf3d4f0;  1 drivers
v0x7fad7bf31790_0 .net *"_s35", 0 0, L_0x7fad7bf35970;  1 drivers
v0x7fad7bf31840_0 .net *"_s350", 0 0, L_0x7fad7bf3d7c0;  1 drivers
v0x7fad7bf318f0_0 .net *"_s353", 0 0, L_0x7fad7bf3d870;  1 drivers
v0x7fad7bf319a0_0 .net *"_s354", 0 0, L_0x7fad7bf3d910;  1 drivers
v0x7fad7bf31a50_0 .net *"_s356", 0 0, L_0x7fad7bf3d9e0;  1 drivers
v0x7fad7bf31b00_0 .net *"_s359", 0 0, L_0x7fad7bf3de00;  1 drivers
v0x7fad7bf31bb0_0 .net *"_s36", 0 0, L_0x7fad7bf35a90;  1 drivers
v0x7fad7bf31c60_0 .net *"_s360", 0 0, L_0x7fad7bf3d590;  1 drivers
v0x7fad7bf31d10_0 .net *"_s362", 0 0, L_0x7fad7bf3d6a0;  1 drivers
v0x7fad7bf31dc0_0 .net *"_s365", 0 0, L_0x7fad7bf3daf0;  1 drivers
v0x7fad7bf31e70_0 .net *"_s366", 0 0, L_0x7fad7bf3db90;  1 drivers
v0x7fad7bf31f20_0 .net *"_s369", 0 0, L_0x7fad7bf3dc40;  1 drivers
v0x7fad7bf31fd0_0 .net *"_s370", 0 0, L_0x7fad7bf3dce0;  1 drivers
v0x7fad7bf32080_0 .net *"_s372", 0 0, L_0x7fad7bf3dd90;  1 drivers
v0x7fad7bf32130_0 .net *"_s375", 0 0, L_0x7fad7bf3df40;  1 drivers
v0x7fad7bf321e0_0 .net *"_s376", 0 0, L_0x7fad7bf3dfe0;  1 drivers
v0x7fad7bf32290_0 .net *"_s378", 0 0, L_0x7fad7bf3e0f0;  1 drivers
v0x7fad7bf32340_0 .net *"_s381", 0 0, L_0x7fad7bf3e1e0;  1 drivers
v0x7fad7bf323f0_0 .net *"_s383", 0 0, L_0x7fad7bf3e280;  1 drivers
v0x7fad7bf324a0_0 .net *"_s384", 0 0, L_0x7fad7bf3e320;  1 drivers
v0x7fad7bf32550_0 .net *"_s387", 0 0, L_0x7fad7bf3e450;  1 drivers
v0x7fad7bf32600_0 .net *"_s388", 0 0, L_0x7fad7bf3e760;  1 drivers
v0x7fad7bf326b0_0 .net *"_s39", 0 0, L_0x7fad7bf35b40;  1 drivers
v0x7fad7bf32760_0 .net *"_s390", 0 0, L_0x7fad7bf3e810;  1 drivers
v0x7fad7bf32810_0 .net *"_s393", 0 0, L_0x7fad7bf3e920;  1 drivers
v0x7fad7bf328c0_0 .net *"_s394", 0 0, L_0x7fad7bf3e9c0;  1 drivers
v0x7fad7bf32970_0 .net *"_s396", 0 0, L_0x7fad7bf3ead0;  1 drivers
v0x7fad7bf32a20_0 .net *"_s40", 0 0, L_0x7fad7bf35c10;  1 drivers
v0x7fad7bf32ad0_0 .net *"_s402", 0 0, L_0x7fad7bf3e4f0;  1 drivers
v0x7fad7bf32b80_0 .net *"_s403", 0 0, L_0x7fad7bf3e590;  1 drivers
v0x7fad7bf32c30_0 .net *"_s406", 0 0, L_0x7fad7bf3e640;  1 drivers
v0x7fad7bf32ce0_0 .net *"_s407", 0 0, L_0x7fad7bf3e6e0;  1 drivers
v0x7fad7bf32d90_0 .net *"_s409", 0 0, L_0x7fad7bf3ebc0;  1 drivers
v0x7fad7bf32e40_0 .net *"_s412", 0 0, L_0x7fad7bf3ecb0;  1 drivers
v0x7fad7bf32ef0_0 .net *"_s413", 0 0, L_0x7fad7bf3ed50;  1 drivers
v0x7fad7bf32fa0_0 .net *"_s415", 0 0, L_0x7fad7bf3ee00;  1 drivers
v0x7fad7bf33050_0 .net *"_s418", 0 0, L_0x7fad7bf3f8c0;  1 drivers
v0x7fad7bf33100_0 .net *"_s419", 0 0, L_0x7fad7bf3f270;  1 drivers
v0x7fad7bf331b0_0 .net *"_s422", 0 0, L_0x7fad7bf3f2e0;  1 drivers
v0x7fad7bf33260_0 .net *"_s423", 0 0, L_0x7fad7bf3f380;  1 drivers
v0x7fad7bf33310_0 .net *"_s426", 0 0, L_0x7fad7bf3f540;  1 drivers
v0x7fad7bf333c0_0 .net *"_s427", 0 0, L_0x7fad7bf3f470;  1 drivers
v0x7fad7bf33470_0 .net *"_s43", 0 0, L_0x7fad7bf35d00;  1 drivers
v0x7fad7bf33520_0 .net *"_s430", 0 0, L_0x7fad7bf3f9e0;  1 drivers
v0x7fad7bf335d0_0 .net *"_s431", 0 0, L_0x7fad7bf3fa80;  1 drivers
v0x7fad7bf33680_0 .net *"_s433", 0 0, L_0x7fad7bf3fb70;  1 drivers
v0x7fad7bf33730_0 .net *"_s436", 0 0, L_0x7fad7bf3fc00;  1 drivers
v0x7fad7bf337e0_0 .net *"_s438", 0 0, L_0x7fad7bf3f5e0;  1 drivers
v0x7fad7bf33890_0 .net *"_s439", 0 0, L_0x7fad7bf3f680;  1 drivers
v0x7fad7bf33940_0 .net *"_s44", 0 0, L_0x7fad7bf35da0;  1 drivers
v0x7fad7bf339f0_0 .net *"_s442", 0 0, L_0x7fad7bf3f730;  1 drivers
v0x7fad7bf33aa0_0 .net *"_s443", 0 0, L_0x7fad7bf3f7d0;  1 drivers
v0x7fad7bf33b50_0 .net *"_s445", 0 0, L_0x7fad7bf3fca0;  1 drivers
v0x7fad7bf33c00_0 .net *"_s448", 0 0, L_0x7fad7bf3fd90;  1 drivers
v0x7fad7bf33cb0_0 .net *"_s449", 0 0, L_0x7fad7bf3fe30;  1 drivers
v0x7fad7bf33d60_0 .net *"_s451", 0 0, L_0x7fad7bf3fee0;  1 drivers
v0x7fad7bf33e10_0 .net *"_s453", 0 0, L_0x7fad7bf400c0;  1 drivers
v0x7fad7bf33ec0_0 .net *"_s47", 0 0, L_0x7fad7bf35e90;  1 drivers
v0x7fad7bf33f70_0 .net *"_s48", 0 0, L_0x7fad7bf35f70;  1 drivers
v0x7fad7bf34020_0 .net *"_s50", 0 0, L_0x7fad7bf36070;  1 drivers
v0x7fad7bf340d0_0 .net *"_s53", 0 0, L_0x7fad7bf36120;  1 drivers
v0x7fad7bf34180_0 .net *"_s54", 0 0, L_0x7fad7bf362c0;  1 drivers
v0x7fad7bf34230_0 .net *"_s56", 0 0, L_0x7fad7bf36390;  1 drivers
v0x7fad7bf342e0_0 .net *"_s58", 0 0, L_0x7fad7bf36400;  1 drivers
L_0x7fad7be63050 .functor BUFT 1, C4<1>, C4<0>, C4<0>, C4<0>;
v0x7fad7bf34390_0 .net/2s *"_s6", 0 0, L_0x7fad7be63050;  1 drivers
v0x7fad7bf34440_0 .net *"_s61", 0 0, L_0x7fad7bf36560;  1 drivers
v0x7fad7bf344f0_0 .net *"_s63", 0 0, L_0x7fad7bf36600;  1 drivers
v0x7fad7bf345a0_0 .net *"_s64", 0 0, L_0x7fad7bf366a0;  1 drivers
v0x7fad7bf34650_0 .net *"_s67", 0 0, L_0x7fad7bf36790;  1 drivers
v0x7fad7bf34700_0 .net *"_s68", 0 0, L_0x7fad7bf36830;  1 drivers
v0x7fad7bf347b0_0 .net *"_s70", 0 0, L_0x7fad7bf364f0;  1 drivers
v0x7fad7bf34860_0 .net *"_s73", 0 0, L_0x7fad7bf36a00;  1 drivers
v0x7fad7bf34910_0 .net *"_s74", 0 0, L_0x7fad7bf36aa0;  1 drivers
v0x7fad7bf349c0_0 .net *"_s76", 0 0, L_0x7fad7bf36bb0;  1 drivers
v0x7fad7bf34a70_0 .net *"_s79", 0 0, L_0x7fad7bf36cc0;  1 drivers
v0x7fad7bf34b20_0 .net *"_s81", 0 0, L_0x7fad7bf36dd0;  1 drivers
v0x7fad7bf34bd0_0 .net *"_s82", 0 0, L_0x7fad7bf36e70;  1 drivers
v0x7fad7bf34c80_0 .net *"_s84", 0 0, L_0x7fad7bf36ee0;  1 drivers
v0x7fad7bf34d30_0 .net *"_s87", 0 0, L_0x7fad7bf36ff0;  1 drivers
v0x7fad7bf34de0_0 .net *"_s88", 0 0, L_0x7fad7bf36d60;  1 drivers
v0x7fad7bf34e90_0 .net *"_s91", 0 0, L_0x7fad7bf368e0;  1 drivers
v0x7fad7bf34f40_0 .net *"_s92", 0 0, L_0x7fad7bf361c0;  1 drivers
v0x7fad7bf34ff0_0 .net *"_s94", 0 0, L_0x7fad7bf374a0;  1 drivers
v0x7fad7bf350a0_0 .net *"_s99", 0 0, L_0x7fad7bf37650;  1 drivers
o0x7fad7be348b8 .functor BUFZ 4, C4<zzzz>; HiZ drive
v0x7fad7bf35150_0 .net "c", 3 0, o0x7fad7be348b8;  0 drivers
L_0x7fad7bf35250 .part o0x7fad7be348b8, 3, 1;
L_0x7fad7bf35400 .part o0x7fad7be348b8, 2, 1;
L_0x7fad7bf356a0 .part o0x7fad7be348b8, 1, 1;
L_0x7fad7bf35970 .part o0x7fad7be348b8, 0, 1;
L_0x7fad7bf35b40 .part o0x7fad7be348b8, 3, 1;
L_0x7fad7bf35d00 .part o0x7fad7be348b8, 2, 1;
L_0x7fad7bf35e90 .part o0x7fad7be348b8, 1, 1;
L_0x7fad7bf36120 .part o0x7fad7be348b8, 0, 1;
L_0x7fad7bf36560 .part o0x7fad7be348b8, 3, 1;
L_0x7fad7bf36600 .part o0x7fad7be348b8, 2, 1;
L_0x7fad7bf36790 .part o0x7fad7be348b8, 1, 1;
L_0x7fad7bf36a00 .part o0x7fad7be348b8, 0, 1;
L_0x7fad7bf36cc0 .part o0x7fad7be348b8, 3, 1;
L_0x7fad7bf36dd0 .part o0x7fad7be348b8, 2, 1;
L_0x7fad7bf36ff0 .part o0x7fad7be348b8, 1, 1;
L_0x7fad7bf368e0 .part o0x7fad7be348b8, 0, 1;
L_0x7fad7bf37650 .part o0x7fad7be348b8, 2, 1;
L_0x7fad7bf376f0 .part o0x7fad7be348b8, 1, 1;
L_0x7fad7bf37810 .part o0x7fad7be348b8, 0, 1;
L_0x7fad7bf37ab0 .part o0x7fad7be348b8, 3, 1;
L_0x7fad7bf37b50 .part o0x7fad7be348b8, 2, 1;
L_0x7fad7bf37df0 .part o0x7fad7be348b8, 1, 1;
L_0x7fad7bf380b0 .part o0x7fad7be348b8, 3, 1;
L_0x7fad7bf38150 .part o0x7fad7be348b8, 1, 1;
L_0x7fad7bf38230 .part o0x7fad7be348b8, 0, 1;
L_0x7fad7bf38000 .part o0x7fad7be348b8, 3, 1;
L_0x7fad7bf385a0 .part o0x7fad7be348b8, 2, 1;
L_0x7fad7bf38410 .part o0x7fad7be348b8, 0, 1;
L_0x7fad7bf38b30 .part o0x7fad7be348b8, 3, 1;
L_0x7fad7bf38680 .part o0x7fad7be348b8, 2, 1;
L_0x7fad7bf38e60 .part o0x7fad7be348b8, 1, 1;
L_0x7fad7bf38db0 .part o0x7fad7be348b8, 0, 1;
L_0x7fad7bf391c0 .part o0x7fad7be348b8, 3, 1;
L_0x7fad7bf38f00 .part o0x7fad7be348b8, 2, 1;
L_0x7fad7bf39070 .part o0x7fad7be348b8, 1, 1;
L_0x7fad7bf396a0 .part o0x7fad7be348b8, 3, 1;
L_0x7fad7bf39740 .part o0x7fad7be348b8, 2, 1;
L_0x7fad7bf39600 .part o0x7fad7be348b8, 0, 1;
L_0x7fad7bf39c80 .part o0x7fad7be348b8, 3, 1;
L_0x7fad7bf39820 .part o0x7fad7be348b8, 2, 1;
L_0x7fad7bf3a000 .part o0x7fad7be348b8, 1, 1;
L_0x7fad7bf3a1f0 .part o0x7fad7be348b8, 0, 1;
L_0x7fad7bf3a340 .part o0x7fad7be348b8, 2, 1;
L_0x7fad7bf3a3e0 .part o0x7fad7be348b8, 1, 1;
L_0x7fad7bf3a850 .part o0x7fad7be348b8, 0, 1;
L_0x7fad7bf3a770 .part o0x7fad7be348b8, 3, 1;
L_0x7fad7bf3a5a0 .part o0x7fad7be348b8, 2, 1;
L_0x7fad7bf3aa20 .part o0x7fad7be348b8, 1, 1;
L_0x7fad7bf3b020 .part o0x7fad7be348b8, 0, 1;
L_0x7fad7bf3ae00 .part o0x7fad7be348b8, 3, 1;
L_0x7fad7bf3b460 .part o0x7fad7be348b8, 2, 1;
L_0x7fad7bf3b1b0 .part o0x7fad7be348b8, 1, 1;
L_0x7fad7bf3b360 .part o0x7fad7be348b8, 0, 1;
L_0x7fad7bf3b800 .part o0x7fad7be348b8, 3, 1;
L_0x7fad7bf3b8a0 .part o0x7fad7be348b8, 2, 1;
L_0x7fad7bf3bb20 .part o0x7fad7be348b8, 1, 1;
L_0x7fad7bf3c170 .part o0x7fad7be348b8, 0, 1;
L_0x7fad7bf3bf80 .part o0x7fad7be348b8, 3, 1;
L_0x7fad7bf3c0d0 .part o0x7fad7be348b8, 0, 1;
L_0x7fad7bf3c340 .part o0x7fad7be348b8, 3, 1;
L_0x7fad7bf3c490 .part o0x7fad7be348b8, 2, 1;
L_0x7fad7bf3c660 .part o0x7fad7be348b8, 1, 1;
L_0x7fad7bf3c9b0 .part o0x7fad7be348b8, 2, 1;
L_0x7fad7bf3cb00 .part o0x7fad7be348b8, 1, 1;
L_0x7fad7bf3cd80 .part o0x7fad7be348b8, 0, 1;
L_0x7fad7bf3d020 .part o0x7fad7be348b8, 3, 1;
L_0x7fad7bf3d170 .part o0x7fad7be348b8, 1, 1;
L_0x7fad7bf3d340 .part o0x7fad7be348b8, 0, 1;
L_0x7fad7bf3d4f0 .part o0x7fad7be348b8, 3, 1;
L_0x7fad7bf3d870 .part o0x7fad7be348b8, 2, 1;
L_0x7fad7bf3de00 .part o0x7fad7be348b8, 1, 1;
L_0x7fad7bf3daf0 .part o0x7fad7be348b8, 3, 1;
L_0x7fad7bf3dc40 .part o0x7fad7be348b8, 2, 1;
L_0x7fad7bf3df40 .part o0x7fad7be348b8, 0, 1;
L_0x7fad7bf3e1e0 .part o0x7fad7be348b8, 3, 1;
L_0x7fad7bf3e280 .part o0x7fad7be348b8, 2, 1;
L_0x7fad7bf3e450 .part o0x7fad7be348b8, 1, 1;
L_0x7fad7bf3e920 .part o0x7fad7be348b8, 0, 1;
LS_0x7fad7bf3ef30_0_0 .concat8 [ 1 1 1 1], L_0x7fad7be63008, L_0x7fad7be63050, L_0x7fad7be63098, L_0x7fad7be630e0;
LS_0x7fad7bf3ef30_0_4 .concat8 [ 1 1 1 1], L_0x7fad7bf374a0, L_0x7fad7bf37350, L_0x7fad7bf39f40, L_0x7fad7bf3be90;
LS_0x7fad7bf3ef30_0_8 .concat8 [ 1 1 1 0], L_0x7fad7bf3cf30, L_0x7fad7bf3ead0, L_0x7fad7bf400c0;
L_0x7fad7bf3ef30 .concat8 [ 4 4 3 0], LS_0x7fad7bf3ef30_0_0, LS_0x7fad7bf3ef30_0_4, LS_0x7fad7bf3ef30_0_8;
L_0x7fad7bf3e4f0 .part o0x7fad7be348b8, 3, 1;
L_0x7fad7bf3e640 .part o0x7fad7be348b8, 2, 1;
L_0x7fad7bf3ecb0 .part o0x7fad7be348b8, 1, 1;
L_0x7fad7bf3f8c0 .part o0x7fad7be348b8, 3, 1;
L_0x7fad7bf3f2e0 .part o0x7fad7be348b8, 2, 1;
L_0x7fad7bf3f540 .part o0x7fad7be348b8, 1, 1;
L_0x7fad7bf3f9e0 .part o0x7fad7be348b8, 0, 1;
L_0x7fad7bf3fc00 .part o0x7fad7be348b8, 3, 1;
L_0x7fad7bf3f5e0 .part o0x7fad7be348b8, 2, 1;
L_0x7fad7bf3f730 .part o0x7fad7be348b8, 1, 1;
L_0x7fad7bf3fd90 .part o0x7fad7be348b8, 0, 1;
# The file index is used to find the file name in the following table.
:file_names 3;
    "N/A";
    "<interactive>";
    "ssd.v";
