#! /usr/local/Cellar/icarus-verilog/10.3/bin/vvp
:ivl_version "10.3 (stable)" "(v10_3)";
:ivl_delay_selection "TYPICAL";
:vpi_time_precision + 0;
:vpi_module "system";
:vpi_module "vhdl_sys";
:vpi_module "v2005_math";
:vpi_module "va_math";
S_0x7ffa01f04f50 .scope module, "WBStage" "WBStage" 2 3;
 .timescale 0 0;
    .port_info 0 /OUTPUT 1 "MEMWBRegWriteOut"
    .port_info 1 /OUTPUT 32 "MEMWBWriteData"
    .port_info 2 /OUTPUT 5 "MEMWBDstOut"
    .port_info 3 /INPUT 5 "MEMWBDst"
    .port_info 4 /INPUT 32 "MEMWBALUResult"
    .port_info 5 /INPUT 32 "MEMWBReadData"
    .port_info 6 /INPUT 1 "MEMWBMemtoReg"
    .port_info 7 /INPUT 1 "MEMWBRegWrite"
o0x7ffa01e321e8 .functor BUFZ 1, C4<z>; HiZ drive
L_0x7ffa01f15d30 .functor BUFZ 1, o0x7ffa01e321e8, C4<0>, C4<0>, C4<0>;
o0x7ffa01e32188 .functor BUFZ 5, C4<zzzzz>; HiZ drive
L_0x7ffa01f15dd0 .functor BUFZ 5, o0x7ffa01e32188, C4<00000>, C4<00000>, C4<00000>;
o0x7ffa01e32038 .functor BUFZ 32, C4<zzzzzzzzzzzzzzzzzzzzzzzzzzzzzzzz>; HiZ drive
v0x7ffa01f15700_0 .net "MEMWBALUResult", 31 0, o0x7ffa01e32038;  0 drivers
v0x7ffa01f157b0_0 .net "MEMWBDst", 4 0, o0x7ffa01e32188;  0 drivers
v0x7ffa01f15850_0 .net "MEMWBDstOut", 4 0, L_0x7ffa01f15dd0;  1 drivers
o0x7ffa01e32008 .functor BUFZ 1, C4<z>; HiZ drive
v0x7ffa01f15910_0 .net "MEMWBMemtoReg", 0 0, o0x7ffa01e32008;  0 drivers
o0x7ffa01e32068 .functor BUFZ 32, C4<zzzzzzzzzzzzzzzzzzzzzzzzzzzzzzzz>; HiZ drive
v0x7ffa01f159c0_0 .net "MEMWBReadData", 31 0, o0x7ffa01e32068;  0 drivers
v0x7ffa01f15a90_0 .net "MEMWBRegWrite", 0 0, o0x7ffa01e321e8;  0 drivers
v0x7ffa01f15b20_0 .net "MEMWBRegWriteOut", 0 0, L_0x7ffa01f15d30;  1 drivers
v0x7ffa01f15bc0_0 .net "MEMWBWriteData", 31 0, v0x7ffa01f15630_0;  1 drivers
S_0x7ffa01f05170 .scope module, "mux" "Mux_2_1" 2 18, 3 1 0, S_0x7ffa01f04f50;
 .timescale 0 0;
    .port_info 0 /INPUT 32 "dataIn0"
    .port_info 1 /INPUT 32 "dataIn1"
    .port_info 2 /INPUT 1 "Sel"
    .port_info 3 /OUTPUT 32 "dataOut"
P_0x7ffa01f04bc0 .param/l "dataWidth" 0 3 2, +C4<00000000000000000000000000100000>;
v0x7ffa01f05450_0 .net "Sel", 0 0, o0x7ffa01e32008;  alias, 0 drivers
v0x7ffa01f15500_0 .net "dataIn0", 31 0, o0x7ffa01e32038;  alias, 0 drivers
v0x7ffa01f155a0_0 .net "dataIn1", 31 0, o0x7ffa01e32068;  alias, 0 drivers
v0x7ffa01f15630_0 .var "dataOut", 31 0;
E_0x7ffa01f053f0 .event edge, v0x7ffa01f155a0_0, v0x7ffa01f15500_0, v0x7ffa01f05450_0;
    .scope S_0x7ffa01f05170;
T_0 ;
    %pushi/vec4 0, 0, 32;
    %store/vec4 v0x7ffa01f15630_0, 0, 32;
    %end;
    .thread T_0;
    .scope S_0x7ffa01f05170;
T_1 ;
    %wait E_0x7ffa01f053f0;
    %load/vec4 v0x7ffa01f05450_0;
    %flag_set/vec4 8;
    %jmp/0xz  T_1.0, 8;
    %load/vec4 v0x7ffa01f155a0_0;
    %store/vec4 v0x7ffa01f15630_0, 0, 32;
    %jmp T_1.1;
T_1.0 ;
    %load/vec4 v0x7ffa01f15500_0;
    %store/vec4 v0x7ffa01f15630_0, 0, 32;
T_1.1 ;
    %jmp T_1;
    .thread T_1, $push;
# The file index is used to find the file name in the following table.
:file_names 4;
    "N/A";
    "<interactive>";
    "WBStage.v";
    "./Mux_2_1.v";
