#! /usr/local/Cellar/icarus-verilog/10.3/bin/vvp
:ivl_version "10.3 (stable)" "(v10_3)";
:ivl_delay_selection "TYPICAL";
:vpi_time_precision + 0;
:vpi_module "system";
:vpi_module "vhdl_sys";
:vpi_module "v2005_math";
:vpi_module "va_math";
S_0x7fdef9808580 .scope module, "ALU_1" "ALU_1" 2 1;
 .timescale 0 0;
    .port_info 0 /INPUT 1 "a"
    .port_info 1 /INPUT 1 "b"
    .port_info 2 /INPUT 1 "less"
    .port_info 3 /INPUT 1 "aInvert"
    .port_info 4 /INPUT 1 "bInvert"
    .port_info 5 /INPUT 1 "carryIn"
    .port_info 6 /INPUT 2 "operation"
    .port_info 7 /OUTPUT 1 "result"
    .port_info 8 /OUTPUT 1 "set"
    .port_info 9 /OUTPUT 1 "overflow"
    .port_info 10 /OUTPUT 1 "carryOut"
o0x7fdef99321e8 .functor BUFZ 1, C4<z>; HiZ drive
o0x7fdef9932218 .functor BUFZ 1, C4<z>; HiZ drive
L_0x7fdef9818dd0 .functor XOR 1, o0x7fdef99321e8, o0x7fdef9932218, C4<0>, C4<0>;
o0x7fdef99322a8 .functor BUFZ 1, C4<z>; HiZ drive
o0x7fdef99322d8 .functor BUFZ 1, C4<z>; HiZ drive
L_0x7fdef9819bc0 .functor XOR 1, o0x7fdef99322a8, o0x7fdef99322d8, C4<0>, C4<0>;
L_0x7fdef9819c90 .functor AND 1, L_0x7fdef9818dd0, L_0x7fdef9819bc0, C4<1>, C4<1>;
L_0x7fdef9819dc0 .functor OR 1, L_0x7fdef9818dd0, L_0x7fdef9819bc0, C4<0>, C4<0>;
L_0x7fdef9819e50 .functor XOR 1, L_0x7fdef9818dd0, L_0x7fdef9819bc0, C4<0>, C4<0>;
o0x7fdef9932338 .functor BUFZ 1, C4<z>; HiZ drive
L_0x7fdef981a000 .functor XOR 1, L_0x7fdef9819e50, o0x7fdef9932338, C4<0>, C4<0>;
L_0x7fdef981a0b0 .functor AND 1, o0x7fdef99321e8, o0x7fdef99322a8, C4<1>, C4<1>;
L_0x7fdef981a200 .functor NOT 1, o0x7fdef9932338, C4<0>, C4<0>, C4<0>;
L_0x7fdef981a2b0 .functor AND 1, L_0x7fdef981a0b0, L_0x7fdef981a200, C4<1>, C4<1>;
L_0x7fdef981a3f0 .functor NOT 1, o0x7fdef99321e8, C4<0>, C4<0>, C4<0>;
L_0x7fdef981a460 .functor AND 1, L_0x7fdef981a3f0, o0x7fdef99322a8, C4<1>, C4<1>;
L_0x7fdef981a530 .functor AND 1, L_0x7fdef981a460, o0x7fdef9932338, C4<1>, C4<1>;
L_0x7fdef981a5a0 .functor OR 1, L_0x7fdef981a2b0, L_0x7fdef981a530, C4<0>, C4<0>;
L_0x7fdef981a700 .functor BUFZ 1, L_0x7fdef981a000, C4<0>, C4<0>, C4<0>;
L_0x7fdef981a770 .functor AND 1, L_0x7fdef9818dd0, L_0x7fdef9819bc0, C4<1>, C4<1>;
L_0x7fdef981a690 .functor AND 1, L_0x7fdef9818dd0, o0x7fdef9932338, C4<1>, C4<1>;
L_0x7fdef981a900 .functor OR 1, L_0x7fdef981a770, L_0x7fdef981a690, C4<0>, C4<0>;
L_0x7fdef981a9f0 .functor AND 1, L_0x7fdef9819bc0, o0x7fdef9932338, C4<1>, C4<1>;
L_0x7fdef981aa80 .functor OR 1, L_0x7fdef981a900, L_0x7fdef981a9f0, C4<0>, C4<0>;
v0x7fdef98087f0_0 .net *"_s10", 0 0, L_0x7fdef981a2b0;  1 drivers
v0x7fdef9818840_0 .net *"_s12", 0 0, L_0x7fdef981a3f0;  1 drivers
v0x7fdef98188e0_0 .net *"_s14", 0 0, L_0x7fdef981a460;  1 drivers
v0x7fdef9818990_0 .net *"_s16", 0 0, L_0x7fdef981a530;  1 drivers
v0x7fdef9818a40_0 .net *"_s22", 0 0, L_0x7fdef981a770;  1 drivers
v0x7fdef9818b30_0 .net *"_s24", 0 0, L_0x7fdef981a690;  1 drivers
v0x7fdef9818be0_0 .net *"_s26", 0 0, L_0x7fdef981a900;  1 drivers
v0x7fdef9818c90_0 .net *"_s28", 0 0, L_0x7fdef981a9f0;  1 drivers
v0x7fdef9818d40_0 .net *"_s6", 0 0, L_0x7fdef981a0b0;  1 drivers
v0x7fdef9818e50_0 .net *"_s8", 0 0, L_0x7fdef981a200;  1 drivers
v0x7fdef9818f00_0 .net "a", 0 0, o0x7fdef99321e8;  0 drivers
v0x7fdef9818fa0_0 .net "aInvert", 0 0, o0x7fdef9932218;  0 drivers
v0x7fdef9819040_0 .net "aOperand", 0 0, L_0x7fdef9818dd0;  1 drivers
v0x7fdef98190e0_0 .net "adderResult", 0 0, L_0x7fdef981a000;  1 drivers
v0x7fdef9819180_0 .net "b", 0 0, o0x7fdef99322a8;  0 drivers
v0x7fdef9819220_0 .net "bInvert", 0 0, o0x7fdef99322d8;  0 drivers
v0x7fdef98192c0_0 .net "bOperand", 0 0, L_0x7fdef9819bc0;  1 drivers
v0x7fdef9819450_0 .net "carryIn", 0 0, o0x7fdef9932338;  0 drivers
v0x7fdef98194e0_0 .net "carryOut", 0 0, L_0x7fdef981aa80;  1 drivers
v0x7fdef9819570_0 .net "halfAdderResult", 0 0, L_0x7fdef9819e50;  1 drivers
o0x7fdef99323c8 .functor BUFZ 1, C4<z>; HiZ drive
v0x7fdef9819600_0 .net "less", 0 0, o0x7fdef99323c8;  0 drivers
o0x7fdef99323f8 .functor BUFZ 2, C4<zz>; HiZ drive
v0x7fdef98196a0_0 .net "operation", 1 0, o0x7fdef99323f8;  0 drivers
v0x7fdef9819750_0 .net "overflow", 0 0, L_0x7fdef981a5a0;  1 drivers
v0x7fdef98197f0_0 .net "product", 0 0, L_0x7fdef9819c90;  1 drivers
v0x7fdef9819890_0 .var "result", 0 0;
v0x7fdef9819930_0 .net "set", 0 0, L_0x7fdef981a700;  1 drivers
v0x7fdef98199d0_0 .net "sum", 0 0, L_0x7fdef9819dc0;  1 drivers
E_0x7fdef98071c0/0 .event edge, v0x7fdef9819750_0, v0x7fdef9819930_0, v0x7fdef9819890_0, v0x7fdef98196a0_0;
E_0x7fdef98071c0/1 .event edge, v0x7fdef9819450_0, v0x7fdef9819220_0, v0x7fdef9818fa0_0, v0x7fdef9819600_0;
E_0x7fdef98071c0/2 .event edge, v0x7fdef9819180_0, v0x7fdef9818f00_0;
E_0x7fdef98071c0 .event/or E_0x7fdef98071c0/0, E_0x7fdef98071c0/1, E_0x7fdef98071c0/2;
    .scope S_0x7fdef9808580;
T_0 ;
    %wait E_0x7fdef98071c0;
    %load/vec4 v0x7fdef98196a0_0;
    %dup/vec4;
    %pushi/vec4 0, 0, 2;
    %cmp/u;
    %jmp/1 T_0.0, 6;
    %dup/vec4;
    %pushi/vec4 1, 0, 2;
    %cmp/u;
    %jmp/1 T_0.1, 6;
    %dup/vec4;
    %pushi/vec4 2, 0, 2;
    %cmp/u;
    %jmp/1 T_0.2, 6;
    %load/vec4 v0x7fdef9819600_0;
    %store/vec4 v0x7fdef9819890_0, 0, 1;
    %jmp T_0.4;
T_0.0 ;
    %load/vec4 v0x7fdef98197f0_0;
    %store/vec4 v0x7fdef9819890_0, 0, 1;
    %jmp T_0.4;
T_0.1 ;
    %load/vec4 v0x7fdef98199d0_0;
    %store/vec4 v0x7fdef9819890_0, 0, 1;
    %jmp T_0.4;
T_0.2 ;
    %load/vec4 v0x7fdef98190e0_0;
    %store/vec4 v0x7fdef9819890_0, 0, 1;
    %jmp T_0.4;
T_0.4 ;
    %pop/vec4 1;
    %jmp T_0;
    .thread T_0, $push;
# The file index is used to find the file name in the following table.
:file_names 3;
    "N/A";
    "<interactive>";
    "ALU_1.v";
