#! /usr/local/Cellar/icarus-verilog/10.3/bin/vvp
:ivl_version "10.3 (stable)" "(v10_3)";
:ivl_delay_selection "TYPICAL";
:vpi_time_precision + 0;
:vpi_module "system";
:vpi_module "vhdl_sys";
:vpi_module "v2005_math";
:vpi_module "va_math";
S_0x7ffd7ff044b0 .scope module, "Data_Memory" "Data_Memory" 2 1;
 .timescale 0 0;
    .port_info 0 /INPUT 32 "Address"
    .port_info 1 /INPUT 32 "WriteData"
    .port_info 2 /INPUT 1 "MemWrite"
    .port_info 3 /INPUT 1 "MemRead"
    .port_info 4 /OUTPUT 32 "ReadData"
o0x7ffd7fd32008 .functor BUFZ 32, C4<zzzzzzzzzzzzzzzzzzzzzzzzzzzzzzzz>; HiZ drive
v0x7ffd7ff04690_0 .net "Address", 31 0, o0x7ffd7fd32008;  0 drivers
o0x7ffd7fd32038 .functor BUFZ 1, C4<z>; HiZ drive
v0x7ffd7fc12b90_0 .net "MemRead", 0 0, o0x7ffd7fd32038;  0 drivers
o0x7ffd7fd32068 .functor BUFZ 1, C4<z>; HiZ drive
v0x7ffd7fc12c40_0 .net "MemWrite", 0 0, o0x7ffd7fd32068;  0 drivers
v0x7ffd7fc12cf0_0 .var "ReadData", 31 0;
o0x7ffd7fd320c8 .functor BUFZ 32, C4<zzzzzzzzzzzzzzzzzzzzzzzzzzzzzzzz>; HiZ drive
v0x7ffd7fc12da0_0 .net "WriteData", 31 0, o0x7ffd7fd320c8;  0 drivers
v0x7ffd7fc12e90 .array "dataMem", 1023 0, 31 0;
E_0x7ffd7ff04120 .event edge, v0x7ffd7fc12b90_0, v0x7ffd7fc12c40_0, v0x7ffd7fc12da0_0, v0x7ffd7ff04690_0;
    .scope S_0x7ffd7ff044b0;
T_0 ;
    %wait E_0x7ffd7ff04120;
    %load/vec4 v0x7ffd7fc12c40_0;
    %flag_set/vec4 8;
    %jmp/0xz  T_0.0, 8;
    %load/vec4 v0x7ffd7fc12da0_0;
    %load/vec4 v0x7ffd7ff04690_0;
    %parti/s 30, 2, 3;
    %ix/vec4 4;
    %store/vec4a v0x7ffd7fc12e90, 4, 0;
    %vpi_call 2 11 "$write", "datamem is written, address: %h, data: %h", &PV<v0x7ffd7ff04690_0, 2, 30>, v0x7ffd7fc12da0_0 {0 0 0};
T_0.0 ;
    %load/vec4 v0x7ffd7fc12b90_0;
    %flag_set/vec4 8;
    %jmp/0xz  T_0.2, 8;
    %load/vec4 v0x7ffd7ff04690_0;
    %parti/s 30, 2, 3;
    %ix/vec4 4;
    %load/vec4a v0x7ffd7fc12e90, 4;
    %store/vec4 v0x7ffd7fc12cf0_0, 0, 32;
T_0.2 ;
    %jmp T_0;
    .thread T_0, $push;
# The file index is used to find the file name in the following table.
:file_names 3;
    "N/A";
    "<interactive>";
    "Data_Memory.v";
